2024-11-15 00:03:38.696 [main] WARN  com.alibaba.nacos.client.logging.NacosLogging - Load Logback Configuration of Nacos fail, message: Could not initialize Logback Nacos logging from classpath:nacos-logback.xml
2024-11-15 00:03:38.777 [main] WARN  com.alibaba.nacos.client.logging.NacosLogging - Load Logback Configuration of Nacos fail, message: Could not initialize Logback Nacos logging from classpath:nacos-logback.xml
2024-11-15 00:03:39.053 [main] WARN  com.alibaba.nacos.client.logging.NacosLogging - Load Logback Configuration of Nacos fail, message: Could not initialize Logback Nacos logging from classpath:nacos-logback.xml
2024-11-15 00:03:39.056 [main] INFO  com.alibaba.nacos.client.utils.ParamUtil - [settings] [req-serv] nacos-server port:8848
2024-11-15 00:03:39.056 [main] INFO  com.alibaba.nacos.client.utils.ParamUtil - [settings] [http-client] connect timeout:1000
2024-11-15 00:03:39.058 [main] INFO  com.alibaba.nacos.client.utils.ParamUtil - PER_TASK_CONFIG_SIZE: 3000.0
2024-11-15 00:03:39.120 [main] INFO  c.a.n.p.auth.spi.client.ClientAuthPluginManager - [ClientAuthPluginManager] Load ClientAuthService com.alibaba.nacos.client.auth.impl.NacosClientAuthServiceImpl success.
2024-11-15 00:03:39.120 [main] INFO  c.a.n.p.auth.spi.client.ClientAuthPluginManager - [ClientAuthPluginManager] Load ClientAuthService com.alibaba.nacos.client.auth.ram.RamClientAuthServiceImpl success.
2024-11-15 00:03:39.126 [main] INFO  c.a.n.client.auth.ram.identify.CredentialWatcher - null No credential found
2024-11-15 00:03:39.557 [main] WARN  com.alibaba.nacos.client.logging.NacosLogging - Load Logback Configuration of Nacos fail, message: Could not initialize Logback Nacos logging from classpath:nacos-logback.xml
2024-11-15 00:03:39.574 [main] INFO  c.a.n.client.config.impl.LocalConfigInfoProcessor - LOCAL_SNAPSHOT_PATH:C:\Users\Summer Snow\nacos\config
2024-11-15 00:03:39.589 [main] INFO  com.alibaba.nacos.common.remote.client - [RpcClientFactory] create a new rpc client of 694462e1-e0ce-4dc6-9c3a-f81d1b477384_config-0
2024-11-15 00:03:39.620 [main] INFO  com.alibaba.nacos.common.remote.client - [694462e1-e0ce-4dc6-9c3a-f81d1b477384_config-0] Register server push request handler:com.alibaba.nacos.client.config.impl.ClientWorker$ConfigRpcTransportClient$$Lambda$588/0x00000278d036fa00
2024-11-15 00:03:39.620 [main] INFO  com.alibaba.nacos.common.remote.client - [694462e1-e0ce-4dc6-9c3a-f81d1b477384_config-0] Register server push request handler:com.alibaba.nacos.client.config.impl.ClientWorker$ConfigRpcTransportClient$$Lambda$589/0x00000278d0370000
2024-11-15 00:03:39.621 [main] INFO  com.alibaba.nacos.common.remote.client - [694462e1-e0ce-4dc6-9c3a-f81d1b477384_config-0] Registry connection listener to current client:com.alibaba.nacos.client.config.impl.ClientWorker$ConfigRpcTransportClient$1
2024-11-15 00:03:39.622 [main] INFO  com.alibaba.nacos.common.remote.client - [694462e1-e0ce-4dc6-9c3a-f81d1b477384_config-0] RpcClient init, ServerListFactory = com.alibaba.nacos.client.config.impl.ClientWorker$ConfigRpcTransportClient$2
2024-11-15 00:03:39.634 [main] INFO  com.alibaba.nacos.common.remote.client - [694462e1-e0ce-4dc6-9c3a-f81d1b477384_config-0] Try to connect to server on start up, server: {serverIp = '192.168.247.138', server main port = 8848}
2024-11-15 00:03:39.678 [main] INFO  c.a.nacos.common.remote.client.grpc.GrpcClient - grpc client connection server:192.168.247.138 ip,serverPort:9848,grpcTslConfig:{"sslProvider":"OPENSSL","enableTls":false,"mutualAuthEnable":false,"trustAll":false}
2024-11-15 00:03:41.129 [main] INFO  com.alibaba.nacos.common.remote.client - [694462e1-e0ce-4dc6-9c3a-f81d1b477384_config-0] Success to connect to server [192.168.247.138:8848] on start up, connectionId = 1731600221061_192.168.247.1_61345
2024-11-15 00:03:41.130 [com.alibaba.nacos.client.remote.worker] INFO  com.alibaba.nacos.common.remote.client - [694462e1-e0ce-4dc6-9c3a-f81d1b477384_config-0] Notify connected event to listeners.
2024-11-15 00:03:41.130 [com.alibaba.nacos.client.remote.worker] INFO  com.alibaba.nacos.client.config.impl.ClientWorker - [694462e1-e0ce-4dc6-9c3a-f81d1b477384_config-0] Connected,notify listen context...
2024-11-15 00:03:41.131 [main] INFO  com.alibaba.nacos.common.remote.client - [694462e1-e0ce-4dc6-9c3a-f81d1b477384_config-0] Register server push request handler:com.alibaba.nacos.common.remote.client.RpcClient$ConnectResetRequestHandler
2024-11-15 00:03:41.131 [main] INFO  com.alibaba.nacos.common.remote.client - [694462e1-e0ce-4dc6-9c3a-f81d1b477384_config-0] Register server push request handler:com.alibaba.nacos.common.remote.client.RpcClient$$Lambda$609/0x00000278d04f58a8
2024-11-15 00:03:41.205 [main] INFO  com.alibaba.nacos.client.config.impl.Limiter - limitTime:5.0
2024-11-15 00:03:41.249 [main] WARN  c.a.cloud.nacos.client.NacosPropertySourceBuilder - Ignore the empty nacos configuration and get it based on dataId[xiaochengshu-auth] & group[DEFAULT_GROUP]
2024-11-15 00:03:41.262 [main] WARN  c.a.cloud.nacos.client.NacosPropertySourceBuilder - Ignore the empty nacos configuration and get it based on dataId[xiaochengshu-auth.yaml] & group[DEFAULT_GROUP]
2024-11-15 00:03:41.283 [main] INFO  com.alibaba.nacos.client.config.utils.JvmUtil - isMultiInstance:false
2024-11-15 00:03:41.289 [main] INFO  o.s.c.b.c.PropertySourceBootstrapConfiguration - Located property source: [BootstrapPropertySource {name='bootstrapProperties-xiaochengshu-auth-dev.yaml,DEFAULT_GROUP'}, BootstrapPropertySource {name='bootstrapProperties-xiaochengshu-auth.yaml,DEFAULT_GROUP'}, BootstrapPropertySource {name='bootstrapProperties-xiaochengshu-auth,DEFAULT_GROUP'}]
2024-11-15 00:03:41.294 [main] WARN  com.alibaba.nacos.client.logging.NacosLogging - Load Logback Configuration of Nacos fail, message: Could not initialize Logback Nacos logging from classpath:nacos-logback.xml
2024-11-15 00:03:41.295 [main] INFO  com.swc.orangebook.auth.OrangeBookAuthApplication - The following 1 profile is active: "dev"
2024-11-15 00:03:42.050 [main] INFO  o.s.d.r.config.RepositoryConfigurationDelegate - Multiple Spring Data modules found, entering strict repository configuration mode
2024-11-15 00:03:42.055 [main] INFO  o.s.d.r.config.RepositoryConfigurationDelegate - Bootstrapping Spring Data Redis repositories in DEFAULT mode.
2024-11-15 00:03:42.094 [main] INFO  o.s.d.r.config.RepositoryConfigurationDelegate - Finished Spring Data repository scanning in 14 ms. Found 0 Redis repository interfaces.
2024-11-15 00:03:42.300 [main] INFO  o.springframework.cloud.context.scope.GenericScope - BeanFactory id=c6dfc5b1-ba01-309f-ba23-d2b9d4e4c799
2024-11-15 00:03:42.319 [main] INFO  o.s.c.s.PostProcessorRegistrationDelegate$BeanPostProcessorChecker - Bean 'com.swc.orangeBook.user.api.UserFeignApi' of type [org.springframework.cloud.openfeign.FeignClientFactoryBean] is not eligible for getting processed by all BeanPostProcessors (for example: not eligible for auto-proxying)
2024-11-15 00:03:42.890 [main] INFO  o.s.boot.web.embedded.tomcat.TomcatWebServer - Tomcat initialized with port(s): 8080 (http)
2024-11-15 00:03:42.904 [main] INFO  org.apache.catalina.core.StandardService - Starting service [Tomcat]
2024-11-15 00:03:42.904 [main] INFO  org.apache.catalina.core.StandardEngine - Starting Servlet engine: [Apache Tomcat/10.1.5]
2024-11-15 00:03:43.025 [main] INFO  o.a.c.core.ContainerBase.[Tomcat].[localhost].[/] - Initializing Spring embedded WebApplicationContext
2024-11-15 00:03:43.026 [main] INFO  o.s.b.w.s.c.ServletWebServerApplicationContext - Root WebApplicationContext: initialization completed in 1717 ms
2024-11-15 00:03:43.972 [main] INFO  o.s.cloud.openfeign.FeignClientFactoryBean - For 'xiaochengshu-user' URL not provided. Will try picking an instance via load-balancing.
2024-11-15 00:03:45.523 [main] WARN  o.s.c.l.c.LoadBalancerCacheAutoConfiguration$LoadBalancerCaffeineWarnLogger - Spring Cloud LoadBalancer is currently working with the default cache. While this cache implementation is useful for development and tests, it's recommended to use Caffeine cache in production.You can switch to using Caffeine cache, by adding it and org.springframework.cache.caffeine.CaffeineCacheManager to the classpath.
2024-11-15 00:03:45.587 [main] INFO  o.s.boot.web.embedded.tomcat.TomcatWebServer - Tomcat started on port(s): 8080 (http) with context path ''
2024-11-15 00:03:45.592 [main] INFO  com.alibaba.nacos.client.naming - initializer namespace from ans.namespace attribute : null
2024-11-15 00:03:45.592 [main] INFO  com.alibaba.nacos.client.naming - initializer namespace from ALIBABA_ALIWARE_NAMESPACE attribute :null
2024-11-15 00:03:45.593 [main] INFO  com.alibaba.nacos.client.naming - initializer namespace from namespace attribute :null
2024-11-15 00:03:45.605 [main] INFO  c.a.n.p.auth.spi.client.ClientAuthPluginManager - [ClientAuthPluginManager] Load ClientAuthService com.alibaba.nacos.client.auth.impl.NacosClientAuthServiceImpl success.
2024-11-15 00:03:45.605 [main] INFO  c.a.n.p.auth.spi.client.ClientAuthPluginManager - [ClientAuthPluginManager] Load ClientAuthService com.alibaba.nacos.client.auth.ram.RamClientAuthServiceImpl success.
2024-11-15 00:03:45.609 [main] INFO  com.alibaba.nacos.common.remote.client - [RpcClientFactory] create a new rpc client of 77387a5c-5a7b-4237-a324-57ab324a0695
2024-11-15 00:03:45.612 [main] INFO  com.alibaba.nacos.common.remote.client - [77387a5c-5a7b-4237-a324-57ab324a0695] RpcClient init, ServerListFactory = com.alibaba.nacos.client.naming.core.ServerListManager
2024-11-15 00:03:45.612 [main] INFO  com.alibaba.nacos.common.remote.client - [77387a5c-5a7b-4237-a324-57ab324a0695] Registry connection listener to current client:com.alibaba.nacos.client.naming.remote.gprc.redo.NamingGrpcRedoService
2024-11-15 00:03:45.613 [main] INFO  com.alibaba.nacos.common.remote.client - [77387a5c-5a7b-4237-a324-57ab324a0695] Register server push request handler:com.alibaba.nacos.client.naming.remote.gprc.NamingPushRequestHandler
2024-11-15 00:03:45.613 [main] INFO  com.alibaba.nacos.common.remote.client - [77387a5c-5a7b-4237-a324-57ab324a0695] Try to connect to server on start up, server: {serverIp = '192.168.247.138', server main port = 8848}
2024-11-15 00:03:45.613 [main] INFO  c.a.nacos.common.remote.client.grpc.GrpcClient - grpc client connection server:192.168.247.138 ip,serverPort:9848,grpcTslConfig:{"sslProvider":"OPENSSL","enableTls":false,"mutualAuthEnable":false,"trustAll":false}
2024-11-15 00:03:45.730 [main] INFO  com.alibaba.nacos.common.remote.client - [77387a5c-5a7b-4237-a324-57ab324a0695] Success to connect to server [192.168.247.138:8848] on start up, connectionId = 1731600225774_192.168.247.1_61354
2024-11-15 00:03:45.730 [main] INFO  com.alibaba.nacos.common.remote.client - [77387a5c-5a7b-4237-a324-57ab324a0695] Register server push request handler:com.alibaba.nacos.common.remote.client.RpcClient$ConnectResetRequestHandler
2024-11-15 00:03:45.730 [main] INFO  com.alibaba.nacos.common.remote.client - [77387a5c-5a7b-4237-a324-57ab324a0695] Register server push request handler:com.alibaba.nacos.common.remote.client.RpcClient$$Lambda$609/0x00000278d04f58a8
2024-11-15 00:03:45.730 [com.alibaba.nacos.client.remote.worker] INFO  com.alibaba.nacos.common.remote.client - [77387a5c-5a7b-4237-a324-57ab324a0695] Notify connected event to listeners.
2024-11-15 00:03:45.730 [com.alibaba.nacos.client.remote.worker] INFO  com.alibaba.nacos.client.naming - Grpc connection connect
2024-11-15 00:03:45.732 [main] INFO  com.alibaba.nacos.client.naming - [REGISTER-SERVICE] xiaochengshu registering service xiaochengshu-auth with instance Instance{instanceId='null', ip='192.168.17.1', port=8080, weight=1.0, healthy=true, enabled=true, ephemeral=true, clusterName='DEFAULT', serviceName='null', metadata={IPv6=null, preserved.register.source=SPRING_CLOUD}}
2024-11-15 00:03:45.757 [main] INFO  c.a.cloud.nacos.registry.NacosServiceRegistry - nacos registry, DEFAULT_GROUP xiaochengshu-auth 192.168.17.1:8080 register finished
2024-11-15 00:03:46.069 [main] INFO  com.swc.orangebook.auth.OrangeBookAuthApplication - Started OrangeBookAuthApplication in 8.38 seconds (process running for 9.266)
2024-11-15 00:03:46.075 [main] INFO  com.alibaba.nacos.client.config.impl.CacheData - nacos.cache.data.init.snapshot = true 
2024-11-15 00:03:46.076 [main] INFO  com.alibaba.nacos.client.config.impl.ClientWorker - [fixed-xiaochengshu-192.168.247.138_8848] [subscribe] xiaochengshu-auth+DEFAULT_GROUP+xiaochengshu
2024-11-15 00:03:46.089 [main] INFO  com.alibaba.nacos.client.config.impl.CacheData - [fixed-xiaochengshu-192.168.247.138_8848] [add-listener] ok, tenant=xiaochengshu, dataId=xiaochengshu-auth, group=DEFAULT_GROUP, cnt=1
2024-11-15 00:03:46.089 [main] INFO  c.a.cloud.nacos.refresh.NacosContextRefresher - [Nacos Config] Listening config: dataId=xiaochengshu-auth, group=DEFAULT_GROUP
2024-11-15 00:03:46.090 [main] INFO  com.alibaba.nacos.client.config.impl.ClientWorker - [fixed-xiaochengshu-192.168.247.138_8848] [subscribe] xiaochengshu-auth.yaml+DEFAULT_GROUP+xiaochengshu
2024-11-15 00:03:46.090 [main] INFO  com.alibaba.nacos.client.config.impl.CacheData - [fixed-xiaochengshu-192.168.247.138_8848] [add-listener] ok, tenant=xiaochengshu, dataId=xiaochengshu-auth.yaml, group=DEFAULT_GROUP, cnt=1
2024-11-15 00:03:46.090 [main] INFO  c.a.cloud.nacos.refresh.NacosContextRefresher - [Nacos Config] Listening config: dataId=xiaochengshu-auth.yaml, group=DEFAULT_GROUP
2024-11-15 00:03:46.093 [main] INFO  com.alibaba.nacos.client.config.impl.ClientWorker - [fixed-xiaochengshu-192.168.247.138_8848] [subscribe] xiaochengshu-auth-dev.yaml+DEFAULT_GROUP+xiaochengshu
2024-11-15 00:03:46.093 [main] INFO  com.alibaba.nacos.client.config.impl.CacheData - [fixed-xiaochengshu-192.168.247.138_8848] [add-listener] ok, tenant=xiaochengshu, dataId=xiaochengshu-auth-dev.yaml, group=DEFAULT_GROUP, cnt=1
2024-11-15 00:03:46.093 [main] INFO  c.a.cloud.nacos.refresh.NacosContextRefresher - [Nacos Config] Listening config: dataId=xiaochengshu-auth-dev.yaml, group=DEFAULT_GROUP
2024-11-15 00:03:46.094 [main] INFO  com.swc.orangebook.auth.OrangeBookAuthApplication - auth run...
2024-11-15 02:11:06.225 [Thread-7] WARN  com.alibaba.nacos.common.notify.NotifyCenter - [NotifyCenter] Start destroying Publisher
2024-11-15 02:11:06.253 [Thread-7] WARN  com.alibaba.nacos.common.notify.NotifyCenter - [NotifyCenter] Destruction of the end
2024-11-15 02:11:06.225 [Thread-1] WARN  c.alibaba.nacos.common.http.HttpClientBeanHolder - [HttpClientBeanHolder] Start destroying common HttpClient
2024-11-15 02:11:06.269 [Thread-1] WARN  c.alibaba.nacos.common.http.HttpClientBeanHolder - [HttpClientBeanHolder] Destruction of the end
2024-11-15 02:11:06.504 [SpringApplicationShutdownHook] INFO  c.a.cloud.nacos.registry.NacosServiceRegistry - De-registering from Nacos Server now...
2024-11-15 02:11:06.507 [SpringApplicationShutdownHook] INFO  com.alibaba.nacos.client.naming - [DEREGISTER-SERVICE] xiaochengshu deregistering service xiaochengshu-auth with instance: Instance{instanceId='null', ip='192.168.17.1', port=8080, weight=1.0, healthy=true, enabled=true, ephemeral=true, clusterName='DEFAULT', serviceName='null', metadata={}}
2024-11-15 02:11:06.600 [SpringApplicationShutdownHook] INFO  c.a.cloud.nacos.registry.NacosServiceRegistry - De-registration finished.
2024-11-15 02:11:06.608 [SpringApplicationShutdownHook] INFO  com.alibaba.nacos.client.naming - com.alibaba.nacos.client.naming.cache.ServiceInfoHolder do shutdown begin
2024-11-15 02:11:06.608 [SpringApplicationShutdownHook] INFO  com.alibaba.nacos.client.naming - com.alibaba.nacos.client.naming.backups.FailoverReactor do shutdown begin
2024-11-15 02:11:06.609 [SpringApplicationShutdownHook] INFO  com.alibaba.nacos.client.naming - com.alibaba.nacos.client.naming.backups.FailoverReactor do shutdown stop
2024-11-15 02:11:06.609 [SpringApplicationShutdownHook] INFO  com.alibaba.nacos.client.naming - com.alibaba.nacos.client.naming.cache.ServiceInfoHolder do shutdown stop
2024-11-15 02:11:06.609 [SpringApplicationShutdownHook] INFO  com.alibaba.nacos.client.naming - com.alibaba.nacos.client.naming.remote.NamingClientProxyDelegate do shutdown begin
2024-11-15 02:11:06.609 [SpringApplicationShutdownHook] INFO  com.alibaba.nacos.client.naming - com.alibaba.nacos.client.naming.core.ServiceInfoUpdateService do shutdown begin
2024-11-15 02:11:06.609 [SpringApplicationShutdownHook] INFO  com.alibaba.nacos.client.naming - com.alibaba.nacos.client.naming.core.ServiceInfoUpdateService do shutdown stop
2024-11-15 02:11:06.609 [SpringApplicationShutdownHook] INFO  com.alibaba.nacos.client.naming - com.alibaba.nacos.client.naming.core.ServerListManager do shutdown begin
2024-11-15 02:11:06.609 [SpringApplicationShutdownHook] WARN  com.alibaba.nacos.client.naming - [NamingHttpClientManager] Start destroying NacosRestTemplate
2024-11-15 02:11:06.610 [SpringApplicationShutdownHook] WARN  com.alibaba.nacos.client.naming - [NamingHttpClientManager] Destruction of the end
2024-11-15 02:11:06.610 [SpringApplicationShutdownHook] INFO  com.alibaba.nacos.client.naming - com.alibaba.nacos.client.naming.core.ServerListManager do shutdown stop
2024-11-15 02:11:06.610 [SpringApplicationShutdownHook] INFO  com.alibaba.nacos.client.naming - com.alibaba.nacos.client.naming.remote.http.NamingHttpClientProxy do shutdown begin
2024-11-15 02:11:06.610 [SpringApplicationShutdownHook] WARN  com.alibaba.nacos.client.naming - [NamingHttpClientManager] Start destroying NacosRestTemplate
2024-11-15 02:11:06.610 [SpringApplicationShutdownHook] WARN  com.alibaba.nacos.client.naming - [NamingHttpClientManager] Destruction of the end
2024-11-15 02:11:06.610 [SpringApplicationShutdownHook] INFO  com.alibaba.nacos.client.naming - com.alibaba.nacos.client.naming.remote.http.NamingHttpClientProxy do shutdown stop
2024-11-15 02:11:06.610 [SpringApplicationShutdownHook] INFO  com.alibaba.nacos.common.remote.client - Shutdown rpc client, set status to shutdown
2024-11-15 02:11:06.610 [SpringApplicationShutdownHook] INFO  com.alibaba.nacos.common.remote.client - Shutdown client event executor java.util.concurrent.ScheduledThreadPoolExecutor@306e1b41[Running, pool size = 2, active threads = 2, queued tasks = 0, completed tasks = 0]
2024-11-15 02:11:06.610 [SpringApplicationShutdownHook] INFO  com.alibaba.nacos.common.remote.client - Close current connection 1731600225774_192.168.247.1_61354
2024-11-15 02:11:06.613 [nacos-grpc-client-executor-192.168.247.138-1574] INFO  c.a.nacos.common.remote.client.grpc.GrpcClient - [1731600225774_192.168.247.1_61354]Ignore complete event,isRunning:false,isAbandon=false
2024-11-15 02:11:06.617 [SpringApplicationShutdownHook] INFO  c.a.nacos.common.remote.client.grpc.GrpcClient - Shutdown grpc executor java.util.concurrent.ThreadPoolExecutor@281c7d1a[Running, pool size = 4, active threads = 0, queued tasks = 0, completed tasks = 1575]
2024-11-15 02:11:06.617 [SpringApplicationShutdownHook] INFO  com.alibaba.nacos.client.naming - Shutdown grpc redo service executor java.util.concurrent.ScheduledThreadPoolExecutor@6bd8f43[Running, pool size = 1, active threads = 0, queued tasks = 1, completed tasks = 2545]
2024-11-15 02:11:06.618 [SpringApplicationShutdownHook] INFO  c.a.n.client.auth.ram.identify.CredentialWatcher - [null] CredentialWatcher is stopped
2024-11-15 02:11:06.618 [SpringApplicationShutdownHook] INFO  c.a.n.client.auth.ram.identify.CredentialService - [null] CredentialService is freed
2024-11-15 02:11:06.618 [SpringApplicationShutdownHook] INFO  com.alibaba.nacos.client.naming - com.alibaba.nacos.client.naming.remote.NamingClientProxyDelegate do shutdown stop
2024-11-15 02:33:15.259 [main] WARN  com.alibaba.nacos.client.logging.NacosLogging - Load Logback Configuration of Nacos fail, message: Could not initialize Logback Nacos logging from classpath:nacos-logback.xml
2024-11-15 02:33:15.314 [main] WARN  com.alibaba.nacos.client.logging.NacosLogging - Load Logback Configuration of Nacos fail, message: Could not initialize Logback Nacos logging from classpath:nacos-logback.xml
2024-11-15 02:33:15.508 [main] WARN  com.alibaba.nacos.client.logging.NacosLogging - Load Logback Configuration of Nacos fail, message: Could not initialize Logback Nacos logging from classpath:nacos-logback.xml
2024-11-15 02:33:15.510 [main] INFO  com.alibaba.nacos.client.utils.ParamUtil - [settings] [req-serv] nacos-server port:8848
2024-11-15 02:33:15.510 [main] INFO  com.alibaba.nacos.client.utils.ParamUtil - [settings] [http-client] connect timeout:1000
2024-11-15 02:33:15.515 [main] INFO  com.alibaba.nacos.client.utils.ParamUtil - PER_TASK_CONFIG_SIZE: 3000.0
2024-11-15 02:33:15.552 [main] INFO  c.a.n.p.auth.spi.client.ClientAuthPluginManager - [ClientAuthPluginManager] Load ClientAuthService com.alibaba.nacos.client.auth.impl.NacosClientAuthServiceImpl success.
2024-11-15 02:33:15.552 [main] INFO  c.a.n.p.auth.spi.client.ClientAuthPluginManager - [ClientAuthPluginManager] Load ClientAuthService com.alibaba.nacos.client.auth.ram.RamClientAuthServiceImpl success.
2024-11-15 02:33:15.556 [main] INFO  c.a.n.client.auth.ram.identify.CredentialWatcher - null No credential found
2024-11-15 02:33:15.878 [main] WARN  com.alibaba.nacos.client.logging.NacosLogging - Load Logback Configuration of Nacos fail, message: Could not initialize Logback Nacos logging from classpath:nacos-logback.xml
2024-11-15 02:33:15.892 [main] INFO  c.a.n.client.config.impl.LocalConfigInfoProcessor - LOCAL_SNAPSHOT_PATH:C:\Users\Summer Snow\nacos\config
2024-11-15 02:33:15.906 [main] INFO  com.alibaba.nacos.common.remote.client - [RpcClientFactory] create a new rpc client of 8773dbb7-189d-4043-bd10-138516d058c5_config-0
2024-11-15 02:33:15.927 [main] INFO  com.alibaba.nacos.common.remote.client - [8773dbb7-189d-4043-bd10-138516d058c5_config-0] Register server push request handler:com.alibaba.nacos.client.config.impl.ClientWorker$ConfigRpcTransportClient$$Lambda$586/0x000002058f370848
2024-11-15 02:33:15.928 [main] INFO  com.alibaba.nacos.common.remote.client - [8773dbb7-189d-4043-bd10-138516d058c5_config-0] Register server push request handler:com.alibaba.nacos.client.config.impl.ClientWorker$ConfigRpcTransportClient$$Lambda$587/0x000002058f370c68
2024-11-15 02:33:15.928 [main] INFO  com.alibaba.nacos.common.remote.client - [8773dbb7-189d-4043-bd10-138516d058c5_config-0] Registry connection listener to current client:com.alibaba.nacos.client.config.impl.ClientWorker$ConfigRpcTransportClient$1
2024-11-15 02:33:15.929 [main] INFO  com.alibaba.nacos.common.remote.client - [8773dbb7-189d-4043-bd10-138516d058c5_config-0] RpcClient init, ServerListFactory = com.alibaba.nacos.client.config.impl.ClientWorker$ConfigRpcTransportClient$2
2024-11-15 02:33:15.938 [main] INFO  com.alibaba.nacos.common.remote.client - [8773dbb7-189d-4043-bd10-138516d058c5_config-0] Try to connect to server on start up, server: {serverIp = '192.168.247.138', server main port = 8848}
2024-11-15 02:33:15.969 [main] INFO  c.a.nacos.common.remote.client.grpc.GrpcClient - grpc client connection server:192.168.247.138 ip,serverPort:9848,grpcTslConfig:{"sslProvider":"OPENSSL","enableTls":false,"mutualAuthEnable":false,"trustAll":false}
2024-11-15 02:33:17.077 [main] INFO  com.alibaba.nacos.common.remote.client - [8773dbb7-189d-4043-bd10-138516d058c5_config-0] Success to connect to server [192.168.247.138:8848] on start up, connectionId = 1731609197071_192.168.247.1_65093
2024-11-15 02:33:17.078 [com.alibaba.nacos.client.remote.worker] INFO  com.alibaba.nacos.common.remote.client - [8773dbb7-189d-4043-bd10-138516d058c5_config-0] Notify connected event to listeners.
2024-11-15 02:33:17.078 [com.alibaba.nacos.client.remote.worker] INFO  com.alibaba.nacos.client.config.impl.ClientWorker - [8773dbb7-189d-4043-bd10-138516d058c5_config-0] Connected,notify listen context...
2024-11-15 02:33:17.078 [main] INFO  com.alibaba.nacos.common.remote.client - [8773dbb7-189d-4043-bd10-138516d058c5_config-0] Register server push request handler:com.alibaba.nacos.common.remote.client.RpcClient$ConnectResetRequestHandler
2024-11-15 02:33:17.078 [main] INFO  com.alibaba.nacos.common.remote.client - [8773dbb7-189d-4043-bd10-138516d058c5_config-0] Register server push request handler:com.alibaba.nacos.common.remote.client.RpcClient$$Lambda$607/0x000002058f4f61c8
2024-11-15 02:33:17.142 [main] INFO  com.alibaba.nacos.client.config.impl.Limiter - limitTime:5.0
2024-11-15 02:33:17.185 [main] WARN  c.a.cloud.nacos.client.NacosPropertySourceBuilder - Ignore the empty nacos configuration and get it based on dataId[xiaochengshu-auth] & group[DEFAULT_GROUP]
2024-11-15 02:33:17.195 [main] WARN  c.a.cloud.nacos.client.NacosPropertySourceBuilder - Ignore the empty nacos configuration and get it based on dataId[xiaochengshu-auth.yaml] & group[DEFAULT_GROUP]
2024-11-15 02:33:17.244 [main] INFO  com.alibaba.nacos.client.config.utils.JvmUtil - isMultiInstance:false
2024-11-15 02:33:17.250 [main] INFO  o.s.c.b.c.PropertySourceBootstrapConfiguration - Located property source: [BootstrapPropertySource {name='bootstrapProperties-xiaochengshu-auth-dev.yaml,DEFAULT_GROUP'}, BootstrapPropertySource {name='bootstrapProperties-xiaochengshu-auth.yaml,DEFAULT_GROUP'}, BootstrapPropertySource {name='bootstrapProperties-xiaochengshu-auth,DEFAULT_GROUP'}]
2024-11-15 02:33:17.255 [main] WARN  com.alibaba.nacos.client.logging.NacosLogging - Load Logback Configuration of Nacos fail, message: Could not initialize Logback Nacos logging from classpath:nacos-logback.xml
2024-11-15 02:33:17.255 [main] INFO  com.swc.orangebook.auth.OrangeBookAuthApplication - The following 1 profile is active: "dev"
2024-11-15 02:33:17.873 [main] INFO  o.s.d.r.config.RepositoryConfigurationDelegate - Multiple Spring Data modules found, entering strict repository configuration mode
2024-11-15 02:33:17.876 [main] INFO  o.s.d.r.config.RepositoryConfigurationDelegate - Bootstrapping Spring Data Redis repositories in DEFAULT mode.
2024-11-15 02:33:17.900 [main] INFO  o.s.d.r.config.RepositoryConfigurationDelegate - Finished Spring Data repository scanning in 9 ms. Found 0 Redis repository interfaces.
2024-11-15 02:33:18.075 [main] INFO  o.springframework.cloud.context.scope.GenericScope - BeanFactory id=c6dfc5b1-ba01-309f-ba23-d2b9d4e4c799
2024-11-15 02:33:18.092 [main] INFO  o.s.c.s.PostProcessorRegistrationDelegate$BeanPostProcessorChecker - Bean 'com.swc.orangeBook.user.api.UserFeignApi' of type [org.springframework.cloud.openfeign.FeignClientFactoryBean] is not eligible for getting processed by all BeanPostProcessors (for example: not eligible for auto-proxying)
2024-11-15 02:33:18.529 [main] INFO  o.s.boot.web.embedded.tomcat.TomcatWebServer - Tomcat initialized with port(s): 8080 (http)
2024-11-15 02:33:18.542 [main] INFO  org.apache.catalina.core.StandardService - Starting service [Tomcat]
2024-11-15 02:33:18.542 [main] INFO  org.apache.catalina.core.StandardEngine - Starting Servlet engine: [Apache Tomcat/10.1.5]
2024-11-15 02:33:18.646 [main] INFO  o.a.c.core.ContainerBase.[Tomcat].[localhost].[/] - Initializing Spring embedded WebApplicationContext
2024-11-15 02:33:18.647 [main] INFO  o.s.b.w.s.c.ServletWebServerApplicationContext - Root WebApplicationContext: initialization completed in 1377 ms
2024-11-15 02:33:19.296 [main] INFO  o.s.cloud.openfeign.FeignClientFactoryBean - For 'xiaochengshu-user' URL not provided. Will try picking an instance via load-balancing.
2024-11-15 02:33:20.594 [main] WARN  o.s.c.l.c.LoadBalancerCacheAutoConfiguration$LoadBalancerCaffeineWarnLogger - Spring Cloud LoadBalancer is currently working with the default cache. While this cache implementation is useful for development and tests, it's recommended to use Caffeine cache in production.You can switch to using Caffeine cache, by adding it and org.springframework.cache.caffeine.CaffeineCacheManager to the classpath.
2024-11-15 02:33:20.640 [main] INFO  o.s.boot.web.embedded.tomcat.TomcatWebServer - Tomcat started on port(s): 8080 (http) with context path ''
2024-11-15 02:33:20.644 [main] INFO  com.alibaba.nacos.client.naming - initializer namespace from ans.namespace attribute : null
2024-11-15 02:33:20.645 [main] INFO  com.alibaba.nacos.client.naming - initializer namespace from ALIBABA_ALIWARE_NAMESPACE attribute :null
2024-11-15 02:33:20.645 [main] INFO  com.alibaba.nacos.client.naming - initializer namespace from namespace attribute :null
2024-11-15 02:33:20.654 [main] INFO  c.a.n.p.auth.spi.client.ClientAuthPluginManager - [ClientAuthPluginManager] Load ClientAuthService com.alibaba.nacos.client.auth.impl.NacosClientAuthServiceImpl success.
2024-11-15 02:33:20.655 [main] INFO  c.a.n.p.auth.spi.client.ClientAuthPluginManager - [ClientAuthPluginManager] Load ClientAuthService com.alibaba.nacos.client.auth.ram.RamClientAuthServiceImpl success.
2024-11-15 02:33:20.658 [main] INFO  com.alibaba.nacos.common.remote.client - [RpcClientFactory] create a new rpc client of b76ee05e-da19-4d31-af0c-dfaa984a4d0c
2024-11-15 02:33:20.660 [main] INFO  com.alibaba.nacos.common.remote.client - [b76ee05e-da19-4d31-af0c-dfaa984a4d0c] RpcClient init, ServerListFactory = com.alibaba.nacos.client.naming.core.ServerListManager
2024-11-15 02:33:20.661 [main] INFO  com.alibaba.nacos.common.remote.client - [b76ee05e-da19-4d31-af0c-dfaa984a4d0c] Registry connection listener to current client:com.alibaba.nacos.client.naming.remote.gprc.redo.NamingGrpcRedoService
2024-11-15 02:33:20.661 [main] INFO  com.alibaba.nacos.common.remote.client - [b76ee05e-da19-4d31-af0c-dfaa984a4d0c] Register server push request handler:com.alibaba.nacos.client.naming.remote.gprc.NamingPushRequestHandler
2024-11-15 02:33:20.662 [main] INFO  com.alibaba.nacos.common.remote.client - [b76ee05e-da19-4d31-af0c-dfaa984a4d0c] Try to connect to server on start up, server: {serverIp = '192.168.247.138', server main port = 8848}
2024-11-15 02:33:20.662 [main] INFO  c.a.nacos.common.remote.client.grpc.GrpcClient - grpc client connection server:192.168.247.138 ip,serverPort:9848,grpcTslConfig:{"sslProvider":"OPENSSL","enableTls":false,"mutualAuthEnable":false,"trustAll":false}
2024-11-15 02:33:20.774 [main] INFO  com.alibaba.nacos.common.remote.client - [b76ee05e-da19-4d31-af0c-dfaa984a4d0c] Success to connect to server [192.168.247.138:8848] on start up, connectionId = 1731609200866_192.168.247.1_65099
2024-11-15 02:33:20.774 [main] INFO  com.alibaba.nacos.common.remote.client - [b76ee05e-da19-4d31-af0c-dfaa984a4d0c] Register server push request handler:com.alibaba.nacos.common.remote.client.RpcClient$ConnectResetRequestHandler
2024-11-15 02:33:20.774 [com.alibaba.nacos.client.remote.worker] INFO  com.alibaba.nacos.common.remote.client - [b76ee05e-da19-4d31-af0c-dfaa984a4d0c] Notify connected event to listeners.
2024-11-15 02:33:20.774 [main] INFO  com.alibaba.nacos.common.remote.client - [b76ee05e-da19-4d31-af0c-dfaa984a4d0c] Register server push request handler:com.alibaba.nacos.common.remote.client.RpcClient$$Lambda$607/0x000002058f4f61c8
2024-11-15 02:33:20.774 [com.alibaba.nacos.client.remote.worker] INFO  com.alibaba.nacos.client.naming - Grpc connection connect
2024-11-15 02:33:20.776 [main] INFO  com.alibaba.nacos.client.naming - [REGISTER-SERVICE] xiaochengshu registering service xiaochengshu-auth with instance Instance{instanceId='null', ip='192.168.17.1', port=8080, weight=1.0, healthy=true, enabled=true, ephemeral=true, clusterName='DEFAULT', serviceName='null', metadata={IPv6=null, preserved.register.source=SPRING_CLOUD}}
2024-11-15 02:33:20.789 [main] INFO  c.a.cloud.nacos.registry.NacosServiceRegistry - nacos registry, DEFAULT_GROUP xiaochengshu-auth 192.168.17.1:8080 register finished
2024-11-15 02:33:21.023 [main] INFO  com.swc.orangebook.auth.OrangeBookAuthApplication - Started OrangeBookAuthApplication in 6.547 seconds (process running for 7.201)
2024-11-15 02:33:21.027 [main] INFO  com.alibaba.nacos.client.config.impl.CacheData - nacos.cache.data.init.snapshot = true 
2024-11-15 02:33:21.028 [main] INFO  com.alibaba.nacos.client.config.impl.ClientWorker - [fixed-xiaochengshu-192.168.247.138_8848] [subscribe] xiaochengshu-auth+DEFAULT_GROUP+xiaochengshu
2024-11-15 02:33:21.038 [main] INFO  com.alibaba.nacos.client.config.impl.CacheData - [fixed-xiaochengshu-192.168.247.138_8848] [add-listener] ok, tenant=xiaochengshu, dataId=xiaochengshu-auth, group=DEFAULT_GROUP, cnt=1
2024-11-15 02:33:21.038 [main] INFO  c.a.cloud.nacos.refresh.NacosContextRefresher - [Nacos Config] Listening config: dataId=xiaochengshu-auth, group=DEFAULT_GROUP
2024-11-15 02:33:21.039 [main] INFO  com.alibaba.nacos.client.config.impl.ClientWorker - [fixed-xiaochengshu-192.168.247.138_8848] [subscribe] xiaochengshu-auth.yaml+DEFAULT_GROUP+xiaochengshu
2024-11-15 02:33:21.039 [main] INFO  com.alibaba.nacos.client.config.impl.CacheData - [fixed-xiaochengshu-192.168.247.138_8848] [add-listener] ok, tenant=xiaochengshu, dataId=xiaochengshu-auth.yaml, group=DEFAULT_GROUP, cnt=1
2024-11-15 02:33:21.039 [main] INFO  c.a.cloud.nacos.refresh.NacosContextRefresher - [Nacos Config] Listening config: dataId=xiaochengshu-auth.yaml, group=DEFAULT_GROUP
2024-11-15 02:33:21.040 [main] INFO  com.alibaba.nacos.client.config.impl.ClientWorker - [fixed-xiaochengshu-192.168.247.138_8848] [subscribe] xiaochengshu-auth-dev.yaml+DEFAULT_GROUP+xiaochengshu
2024-11-15 02:33:21.041 [main] INFO  com.alibaba.nacos.client.config.impl.CacheData - [fixed-xiaochengshu-192.168.247.138_8848] [add-listener] ok, tenant=xiaochengshu, dataId=xiaochengshu-auth-dev.yaml, group=DEFAULT_GROUP, cnt=1
2024-11-15 02:33:21.041 [main] INFO  c.a.cloud.nacos.refresh.NacosContextRefresher - [Nacos Config] Listening config: dataId=xiaochengshu-auth-dev.yaml, group=DEFAULT_GROUP
2024-11-15 02:33:21.041 [main] INFO  com.swc.orangebook.auth.OrangeBookAuthApplication - auth run...
2024-11-15 02:57:00.317 [Thread-7] WARN  com.alibaba.nacos.common.notify.NotifyCenter - [NotifyCenter] Start destroying Publisher
2024-11-15 02:57:00.317 [Thread-1] WARN  c.alibaba.nacos.common.http.HttpClientBeanHolder - [HttpClientBeanHolder] Start destroying common HttpClient
2024-11-15 02:57:00.318 [Thread-7] WARN  com.alibaba.nacos.common.notify.NotifyCenter - [NotifyCenter] Destruction of the end
2024-11-15 02:57:00.318 [Thread-1] WARN  c.alibaba.nacos.common.http.HttpClientBeanHolder - [HttpClientBeanHolder] Destruction of the end
2024-11-15 02:57:00.361 [SpringApplicationShutdownHook] INFO  c.a.cloud.nacos.registry.NacosServiceRegistry - De-registering from Nacos Server now...
2024-11-15 02:57:00.362 [SpringApplicationShutdownHook] INFO  com.alibaba.nacos.client.naming - [DEREGISTER-SERVICE] xiaochengshu deregistering service xiaochengshu-auth with instance: Instance{instanceId='null', ip='192.168.17.1', port=8080, weight=1.0, healthy=true, enabled=true, ephemeral=true, clusterName='DEFAULT', serviceName='null', metadata={}}
2024-11-15 02:57:00.365 [SpringApplicationShutdownHook] INFO  c.a.cloud.nacos.registry.NacosServiceRegistry - De-registration finished.
2024-11-15 02:57:00.365 [SpringApplicationShutdownHook] INFO  com.alibaba.nacos.client.naming - com.alibaba.nacos.client.naming.cache.ServiceInfoHolder do shutdown begin
2024-11-15 02:57:00.365 [SpringApplicationShutdownHook] INFO  com.alibaba.nacos.client.naming - com.alibaba.nacos.client.naming.backups.FailoverReactor do shutdown begin
2024-11-15 02:57:00.366 [SpringApplicationShutdownHook] INFO  com.alibaba.nacos.client.naming - com.alibaba.nacos.client.naming.backups.FailoverReactor do shutdown stop
2024-11-15 02:57:00.366 [SpringApplicationShutdownHook] INFO  com.alibaba.nacos.client.naming - com.alibaba.nacos.client.naming.cache.ServiceInfoHolder do shutdown stop
2024-11-15 02:57:00.366 [SpringApplicationShutdownHook] INFO  com.alibaba.nacos.client.naming - com.alibaba.nacos.client.naming.remote.NamingClientProxyDelegate do shutdown begin
2024-11-15 02:57:00.366 [SpringApplicationShutdownHook] INFO  com.alibaba.nacos.client.naming - com.alibaba.nacos.client.naming.core.ServiceInfoUpdateService do shutdown begin
2024-11-15 02:57:00.366 [SpringApplicationShutdownHook] INFO  com.alibaba.nacos.client.naming - com.alibaba.nacos.client.naming.core.ServiceInfoUpdateService do shutdown stop
2024-11-15 02:57:00.366 [SpringApplicationShutdownHook] INFO  com.alibaba.nacos.client.naming - com.alibaba.nacos.client.naming.core.ServerListManager do shutdown begin
2024-11-15 02:57:00.366 [SpringApplicationShutdownHook] WARN  com.alibaba.nacos.client.naming - [NamingHttpClientManager] Start destroying NacosRestTemplate
2024-11-15 02:57:00.366 [SpringApplicationShutdownHook] WARN  com.alibaba.nacos.client.naming - [NamingHttpClientManager] Destruction of the end
2024-11-15 02:57:00.366 [SpringApplicationShutdownHook] INFO  com.alibaba.nacos.client.naming - com.alibaba.nacos.client.naming.core.ServerListManager do shutdown stop
2024-11-15 02:57:00.366 [SpringApplicationShutdownHook] INFO  com.alibaba.nacos.client.naming - com.alibaba.nacos.client.naming.remote.http.NamingHttpClientProxy do shutdown begin
2024-11-15 02:57:00.366 [SpringApplicationShutdownHook] WARN  com.alibaba.nacos.client.naming - [NamingHttpClientManager] Start destroying NacosRestTemplate
2024-11-15 02:57:00.366 [SpringApplicationShutdownHook] WARN  com.alibaba.nacos.client.naming - [NamingHttpClientManager] Destruction of the end
2024-11-15 02:57:00.366 [SpringApplicationShutdownHook] INFO  com.alibaba.nacos.client.naming - com.alibaba.nacos.client.naming.remote.http.NamingHttpClientProxy do shutdown stop
2024-11-15 02:57:00.366 [SpringApplicationShutdownHook] INFO  com.alibaba.nacos.common.remote.client - Shutdown rpc client, set status to shutdown
2024-11-15 02:57:00.366 [SpringApplicationShutdownHook] INFO  com.alibaba.nacos.common.remote.client - Shutdown client event executor java.util.concurrent.ScheduledThreadPoolExecutor@5abf59ef[Running, pool size = 2, active threads = 2, queued tasks = 0, completed tasks = 0]
2024-11-15 02:57:00.366 [SpringApplicationShutdownHook] INFO  com.alibaba.nacos.common.remote.client - Close current connection 1731609200866_192.168.247.1_65099
2024-11-15 02:57:00.368 [SpringApplicationShutdownHook] INFO  c.a.nacos.common.remote.client.grpc.GrpcClient - Shutdown grpc executor java.util.concurrent.ThreadPoolExecutor@39ed4180[Running, pool size = 3, active threads = 0, queued tasks = 0, completed tasks = 299]
2024-11-15 02:57:00.369 [SpringApplicationShutdownHook] INFO  com.alibaba.nacos.client.naming - Shutdown grpc redo service executor java.util.concurrent.ScheduledThreadPoolExecutor@73f8324[Running, pool size = 1, active threads = 0, queued tasks = 1, completed tasks = 473]
2024-11-15 02:57:00.369 [SpringApplicationShutdownHook] INFO  c.a.n.client.auth.ram.identify.CredentialWatcher - [null] CredentialWatcher is stopped
2024-11-15 02:57:00.369 [SpringApplicationShutdownHook] INFO  c.a.n.client.auth.ram.identify.CredentialService - [null] CredentialService is freed
2024-11-15 02:57:00.369 [SpringApplicationShutdownHook] INFO  com.alibaba.nacos.client.naming - com.alibaba.nacos.client.naming.remote.NamingClientProxyDelegate do shutdown stop
2024-11-15 12:40:12.574 [main] WARN  com.alibaba.nacos.client.logging.NacosLogging - Load Logback Configuration of Nacos fail, message: Could not initialize Logback Nacos logging from classpath:nacos-logback.xml
2024-11-15 12:40:12.630 [main] WARN  com.alibaba.nacos.client.logging.NacosLogging - Load Logback Configuration of Nacos fail, message: Could not initialize Logback Nacos logging from classpath:nacos-logback.xml
2024-11-15 12:40:12.886 [main] WARN  com.alibaba.nacos.client.logging.NacosLogging - Load Logback Configuration of Nacos fail, message: Could not initialize Logback Nacos logging from classpath:nacos-logback.xml
2024-11-15 12:40:12.891 [main] INFO  com.alibaba.nacos.client.utils.ParamUtil - [settings] [req-serv] nacos-server port:8848
2024-11-15 12:40:12.891 [main] INFO  com.alibaba.nacos.client.utils.ParamUtil - [settings] [http-client] connect timeout:1000
2024-11-15 12:40:12.893 [main] INFO  com.alibaba.nacos.client.utils.ParamUtil - PER_TASK_CONFIG_SIZE: 3000.0
2024-11-15 12:40:12.932 [main] INFO  c.a.n.p.auth.spi.client.ClientAuthPluginManager - [ClientAuthPluginManager] Load ClientAuthService com.alibaba.nacos.client.auth.impl.NacosClientAuthServiceImpl success.
2024-11-15 12:40:12.932 [main] INFO  c.a.n.p.auth.spi.client.ClientAuthPluginManager - [ClientAuthPluginManager] Load ClientAuthService com.alibaba.nacos.client.auth.ram.RamClientAuthServiceImpl success.
2024-11-15 12:40:12.936 [main] INFO  c.a.n.client.auth.ram.identify.CredentialWatcher - null No credential found
2024-11-15 12:40:13.280 [main] WARN  com.alibaba.nacos.client.logging.NacosLogging - Load Logback Configuration of Nacos fail, message: Could not initialize Logback Nacos logging from classpath:nacos-logback.xml
2024-11-15 12:40:13.304 [main] INFO  c.a.n.client.config.impl.LocalConfigInfoProcessor - LOCAL_SNAPSHOT_PATH:C:\Users\Summer Snow\nacos\config
2024-11-15 12:40:13.313 [main] INFO  com.alibaba.nacos.common.remote.client - [RpcClientFactory] create a new rpc client of f32ecccb-0c62-4f50-b483-b8271188acd1_config-0
2024-11-15 12:40:13.352 [main] INFO  com.alibaba.nacos.common.remote.client - [f32ecccb-0c62-4f50-b483-b8271188acd1_config-0] Register server push request handler:com.alibaba.nacos.client.config.impl.ClientWorker$ConfigRpcTransportClient$$Lambda$586/0x000001aacd36f7b0
2024-11-15 12:40:13.353 [main] INFO  com.alibaba.nacos.common.remote.client - [f32ecccb-0c62-4f50-b483-b8271188acd1_config-0] Register server push request handler:com.alibaba.nacos.client.config.impl.ClientWorker$ConfigRpcTransportClient$$Lambda$587/0x000001aacd36fbd0
2024-11-15 12:40:13.354 [main] INFO  com.alibaba.nacos.common.remote.client - [f32ecccb-0c62-4f50-b483-b8271188acd1_config-0] Registry connection listener to current client:com.alibaba.nacos.client.config.impl.ClientWorker$ConfigRpcTransportClient$1
2024-11-15 12:40:13.355 [main] INFO  com.alibaba.nacos.common.remote.client - [f32ecccb-0c62-4f50-b483-b8271188acd1_config-0] RpcClient init, ServerListFactory = com.alibaba.nacos.client.config.impl.ClientWorker$ConfigRpcTransportClient$2
2024-11-15 12:40:13.369 [main] INFO  com.alibaba.nacos.common.remote.client - [f32ecccb-0c62-4f50-b483-b8271188acd1_config-0] Try to connect to server on start up, server: {serverIp = '192.168.247.138', server main port = 8848}
2024-11-15 12:40:13.423 [main] INFO  c.a.nacos.common.remote.client.grpc.GrpcClient - grpc client connection server:192.168.247.138 ip,serverPort:9848,grpcTslConfig:{"sslProvider":"OPENSSL","enableTls":false,"mutualAuthEnable":false,"trustAll":false}
2024-11-15 12:40:15.060 [main] INFO  com.alibaba.nacos.common.remote.client - [f32ecccb-0c62-4f50-b483-b8271188acd1_config-0] Success to connect to server [192.168.247.138:8848] on start up, connectionId = 1731645621175_192.168.247.1_62703
2024-11-15 12:40:15.061 [com.alibaba.nacos.client.remote.worker] INFO  com.alibaba.nacos.common.remote.client - [f32ecccb-0c62-4f50-b483-b8271188acd1_config-0] Notify connected event to listeners.
2024-11-15 12:40:15.061 [com.alibaba.nacos.client.remote.worker] INFO  com.alibaba.nacos.client.config.impl.ClientWorker - [f32ecccb-0c62-4f50-b483-b8271188acd1_config-0] Connected,notify listen context...
2024-11-15 12:40:15.062 [main] INFO  com.alibaba.nacos.common.remote.client - [f32ecccb-0c62-4f50-b483-b8271188acd1_config-0] Register server push request handler:com.alibaba.nacos.common.remote.client.RpcClient$ConnectResetRequestHandler
2024-11-15 12:40:15.062 [main] INFO  com.alibaba.nacos.common.remote.client - [f32ecccb-0c62-4f50-b483-b8271188acd1_config-0] Register server push request handler:com.alibaba.nacos.common.remote.client.RpcClient$$Lambda$607/0x000001aacd4f51f0
2024-11-15 12:40:15.153 [main] INFO  com.alibaba.nacos.client.config.impl.Limiter - limitTime:5.0
2024-11-15 12:40:15.199 [main] WARN  c.a.cloud.nacos.client.NacosPropertySourceBuilder - Ignore the empty nacos configuration and get it based on dataId[xiaochengshu-auth] & group[DEFAULT_GROUP]
2024-11-15 12:40:15.211 [main] WARN  c.a.cloud.nacos.client.NacosPropertySourceBuilder - Ignore the empty nacos configuration and get it based on dataId[xiaochengshu-auth.yaml] & group[DEFAULT_GROUP]
2024-11-15 12:40:15.238 [main] INFO  com.alibaba.nacos.client.config.utils.JvmUtil - isMultiInstance:false
2024-11-15 12:40:15.247 [main] INFO  o.s.c.b.c.PropertySourceBootstrapConfiguration - Located property source: [BootstrapPropertySource {name='bootstrapProperties-xiaochengshu-auth-dev.yaml,DEFAULT_GROUP'}, BootstrapPropertySource {name='bootstrapProperties-xiaochengshu-auth.yaml,DEFAULT_GROUP'}, BootstrapPropertySource {name='bootstrapProperties-xiaochengshu-auth,DEFAULT_GROUP'}]
2024-11-15 12:40:15.253 [main] WARN  com.alibaba.nacos.client.logging.NacosLogging - Load Logback Configuration of Nacos fail, message: Could not initialize Logback Nacos logging from classpath:nacos-logback.xml
2024-11-15 12:40:15.254 [main] INFO  com.swc.orangebook.auth.OrangeBookAuthApplication - The following 1 profile is active: "dev"
2024-11-15 12:40:16.158 [main] INFO  o.s.d.r.config.RepositoryConfigurationDelegate - Multiple Spring Data modules found, entering strict repository configuration mode
2024-11-15 12:40:16.164 [main] INFO  o.s.d.r.config.RepositoryConfigurationDelegate - Bootstrapping Spring Data Redis repositories in DEFAULT mode.
2024-11-15 12:40:16.213 [main] INFO  o.s.d.r.config.RepositoryConfigurationDelegate - Finished Spring Data repository scanning in 23 ms. Found 0 Redis repository interfaces.
2024-11-15 12:40:16.473 [main] INFO  o.springframework.cloud.context.scope.GenericScope - BeanFactory id=c6dfc5b1-ba01-309f-ba23-d2b9d4e4c799
2024-11-15 12:40:16.492 [main] INFO  o.s.c.s.PostProcessorRegistrationDelegate$BeanPostProcessorChecker - Bean 'com.swc.orangeBook.user.api.UserFeignApi' of type [org.springframework.cloud.openfeign.FeignClientFactoryBean] is not eligible for getting processed by all BeanPostProcessors (for example: not eligible for auto-proxying)
2024-11-15 12:40:17.087 [main] INFO  o.s.boot.web.embedded.tomcat.TomcatWebServer - Tomcat initialized with port(s): 8080 (http)
2024-11-15 12:40:17.102 [main] INFO  org.apache.catalina.core.StandardService - Starting service [Tomcat]
2024-11-15 12:40:17.103 [main] INFO  org.apache.catalina.core.StandardEngine - Starting Servlet engine: [Apache Tomcat/10.1.5]
2024-11-15 12:40:17.262 [main] INFO  o.a.c.core.ContainerBase.[Tomcat].[localhost].[/] - Initializing Spring embedded WebApplicationContext
2024-11-15 12:40:17.262 [main] INFO  o.s.b.w.s.c.ServletWebServerApplicationContext - Root WebApplicationContext: initialization completed in 1985 ms
2024-11-15 12:40:18.085 [main] INFO  o.s.cloud.openfeign.FeignClientFactoryBean - For 'xiaochengshu-user' URL not provided. Will try picking an instance via load-balancing.
2024-11-15 12:40:19.527 [main] WARN  o.s.c.l.c.LoadBalancerCacheAutoConfiguration$LoadBalancerCaffeineWarnLogger - Spring Cloud LoadBalancer is currently working with the default cache. While this cache implementation is useful for development and tests, it's recommended to use Caffeine cache in production.You can switch to using Caffeine cache, by adding it and org.springframework.cache.caffeine.CaffeineCacheManager to the classpath.
2024-11-15 12:40:19.597 [main] INFO  o.s.boot.web.embedded.tomcat.TomcatWebServer - Tomcat started on port(s): 8080 (http) with context path ''
2024-11-15 12:40:19.605 [main] INFO  com.alibaba.nacos.client.naming - initializer namespace from ans.namespace attribute : null
2024-11-15 12:40:19.605 [main] INFO  com.alibaba.nacos.client.naming - initializer namespace from ALIBABA_ALIWARE_NAMESPACE attribute :null
2024-11-15 12:40:19.606 [main] INFO  com.alibaba.nacos.client.naming - initializer namespace from namespace attribute :null
2024-11-15 12:40:19.622 [main] INFO  c.a.n.p.auth.spi.client.ClientAuthPluginManager - [ClientAuthPluginManager] Load ClientAuthService com.alibaba.nacos.client.auth.impl.NacosClientAuthServiceImpl success.
2024-11-15 12:40:19.622 [main] INFO  c.a.n.p.auth.spi.client.ClientAuthPluginManager - [ClientAuthPluginManager] Load ClientAuthService com.alibaba.nacos.client.auth.ram.RamClientAuthServiceImpl success.
2024-11-15 12:40:19.627 [main] INFO  com.alibaba.nacos.common.remote.client - [RpcClientFactory] create a new rpc client of f02da96e-b8bb-45dd-9612-90b0f534af9c
2024-11-15 12:40:19.630 [main] INFO  com.alibaba.nacos.common.remote.client - [f02da96e-b8bb-45dd-9612-90b0f534af9c] RpcClient init, ServerListFactory = com.alibaba.nacos.client.naming.core.ServerListManager
2024-11-15 12:40:19.631 [main] INFO  com.alibaba.nacos.common.remote.client - [f02da96e-b8bb-45dd-9612-90b0f534af9c] Registry connection listener to current client:com.alibaba.nacos.client.naming.remote.gprc.redo.NamingGrpcRedoService
2024-11-15 12:40:19.631 [main] INFO  com.alibaba.nacos.common.remote.client - [f02da96e-b8bb-45dd-9612-90b0f534af9c] Register server push request handler:com.alibaba.nacos.client.naming.remote.gprc.NamingPushRequestHandler
2024-11-15 12:40:19.632 [main] INFO  com.alibaba.nacos.common.remote.client - [f02da96e-b8bb-45dd-9612-90b0f534af9c] Try to connect to server on start up, server: {serverIp = '192.168.247.138', server main port = 8848}
2024-11-15 12:40:19.632 [main] INFO  c.a.nacos.common.remote.client.grpc.GrpcClient - grpc client connection server:192.168.247.138 ip,serverPort:9848,grpcTslConfig:{"sslProvider":"OPENSSL","enableTls":false,"mutualAuthEnable":false,"trustAll":false}
2024-11-15 12:40:19.753 [main] INFO  com.alibaba.nacos.common.remote.client - [f02da96e-b8bb-45dd-9612-90b0f534af9c] Success to connect to server [192.168.247.138:8848] on start up, connectionId = 1731645626392_192.168.247.1_62718
2024-11-15 12:40:19.753 [main] INFO  com.alibaba.nacos.common.remote.client - [f02da96e-b8bb-45dd-9612-90b0f534af9c] Register server push request handler:com.alibaba.nacos.common.remote.client.RpcClient$ConnectResetRequestHandler
2024-11-15 12:40:19.753 [com.alibaba.nacos.client.remote.worker] INFO  com.alibaba.nacos.common.remote.client - [f02da96e-b8bb-45dd-9612-90b0f534af9c] Notify connected event to listeners.
2024-11-15 12:40:19.753 [main] INFO  com.alibaba.nacos.common.remote.client - [f02da96e-b8bb-45dd-9612-90b0f534af9c] Register server push request handler:com.alibaba.nacos.common.remote.client.RpcClient$$Lambda$607/0x000001aacd4f51f0
2024-11-15 12:40:19.753 [com.alibaba.nacos.client.remote.worker] INFO  com.alibaba.nacos.client.naming - Grpc connection connect
2024-11-15 12:40:19.755 [main] INFO  com.alibaba.nacos.client.naming - [REGISTER-SERVICE] xiaochengshu registering service xiaochengshu-auth with instance Instance{instanceId='null', ip='192.168.17.1', port=8080, weight=1.0, healthy=true, enabled=true, ephemeral=true, clusterName='DEFAULT', serviceName='null', metadata={IPv6=null, preserved.register.source=SPRING_CLOUD}}
2024-11-15 12:40:19.769 [main] INFO  c.a.cloud.nacos.registry.NacosServiceRegistry - nacos registry, DEFAULT_GROUP xiaochengshu-auth 192.168.17.1:8080 register finished
2024-11-15 12:40:20.088 [main] INFO  com.swc.orangebook.auth.OrangeBookAuthApplication - Started OrangeBookAuthApplication in 8.251 seconds (process running for 8.931)
2024-11-15 12:40:20.094 [main] INFO  com.alibaba.nacos.client.config.impl.CacheData - nacos.cache.data.init.snapshot = true 
2024-11-15 12:40:20.095 [main] INFO  com.alibaba.nacos.client.config.impl.ClientWorker - [fixed-xiaochengshu-192.168.247.138_8848] [subscribe] xiaochengshu-auth+DEFAULT_GROUP+xiaochengshu
2024-11-15 12:40:20.109 [main] INFO  com.alibaba.nacos.client.config.impl.CacheData - [fixed-xiaochengshu-192.168.247.138_8848] [add-listener] ok, tenant=xiaochengshu, dataId=xiaochengshu-auth, group=DEFAULT_GROUP, cnt=1
2024-11-15 12:40:20.109 [main] INFO  c.a.cloud.nacos.refresh.NacosContextRefresher - [Nacos Config] Listening config: dataId=xiaochengshu-auth, group=DEFAULT_GROUP
2024-11-15 12:40:20.110 [main] INFO  com.alibaba.nacos.client.config.impl.ClientWorker - [fixed-xiaochengshu-192.168.247.138_8848] [subscribe] xiaochengshu-auth.yaml+DEFAULT_GROUP+xiaochengshu
2024-11-15 12:40:20.110 [main] INFO  com.alibaba.nacos.client.config.impl.CacheData - [fixed-xiaochengshu-192.168.247.138_8848] [add-listener] ok, tenant=xiaochengshu, dataId=xiaochengshu-auth.yaml, group=DEFAULT_GROUP, cnt=1
2024-11-15 12:40:20.110 [main] INFO  c.a.cloud.nacos.refresh.NacosContextRefresher - [Nacos Config] Listening config: dataId=xiaochengshu-auth.yaml, group=DEFAULT_GROUP
2024-11-15 12:40:20.111 [main] INFO  com.alibaba.nacos.client.config.impl.ClientWorker - [fixed-xiaochengshu-192.168.247.138_8848] [subscribe] xiaochengshu-auth-dev.yaml+DEFAULT_GROUP+xiaochengshu
2024-11-15 12:40:20.111 [main] INFO  com.alibaba.nacos.client.config.impl.CacheData - [fixed-xiaochengshu-192.168.247.138_8848] [add-listener] ok, tenant=xiaochengshu, dataId=xiaochengshu-auth-dev.yaml, group=DEFAULT_GROUP, cnt=1
2024-11-15 12:40:20.111 [main] INFO  c.a.cloud.nacos.refresh.NacosContextRefresher - [Nacos Config] Listening config: dataId=xiaochengshu-auth-dev.yaml, group=DEFAULT_GROUP
2024-11-15 12:40:20.112 [main] INFO  com.swc.orangebook.auth.OrangeBookAuthApplication - auth run...
2024-11-15 20:16:32.792 [com.alibaba.nacos.client.remote.worker] INFO  com.alibaba.nacos.common.remote.client - [f02da96e-b8bb-45dd-9612-90b0f534af9c] Server healthy check fail, currentConnection = 1731645626392_192.168.247.1_62718
2024-11-15 20:16:32.816 [com.alibaba.nacos.client.remote.worker] INFO  com.alibaba.nacos.common.remote.client - [f02da96e-b8bb-45dd-9612-90b0f534af9c] Try to reconnect to a new server, server is  not appointed, will choose a random server.
2024-11-15 20:16:32.822 [com.alibaba.nacos.client.remote.worker] INFO  c.a.nacos.common.remote.client.grpc.GrpcClient - grpc client connection server:192.168.247.138 ip,serverPort:9848,grpcTslConfig:{"sslProvider":"OPENSSL","enableTls":false,"mutualAuthEnable":false,"trustAll":false}
2024-11-15 20:16:35.842 [com.alibaba.nacos.client.remote.worker] ERROR c.a.nacos.common.remote.client.grpc.GrpcClient - Server check fail, please check server 192.168.247.138 ,port 9848 is available , error ={}
java.util.concurrent.TimeoutException: Waited 3000 milliseconds (plus 779200 nanoseconds delay) for com.alibaba.nacos.shaded.io.grpc.stub.ClientCalls$GrpcFuture@26e8812[status=PENDING, info=[GrpcFuture{clientCall=PendingCall{realCall=ClientCallImpl{method=MethodDescriptor{fullMethodName=Request/request, type=UNARY, idempotent=false, safe=false, sampledToLocalTracing=true, requestMarshaller=com.alibaba.nacos.shaded.io.grpc.protobuf.lite.ProtoLiteUtils$MessageMarshaller@779abcbd, responseMarshaller=com.alibaba.nacos.shaded.io.grpc.protobuf.lite.ProtoLiteUtils$MessageMarshaller@25b33ed2, schemaDescriptor=com.alibaba.nacos.api.grpc.auto.RequestGrpc$RequestMethodDescriptorSupplier@6d3b50e0}}}}]]
	at com.alibaba.nacos.shaded.com.google.common.util.concurrent.AbstractFuture.get(AbstractFuture.java:508)
	at com.alibaba.nacos.common.remote.client.grpc.GrpcClient.serverCheck(GrpcClient.java:218)
	at com.alibaba.nacos.common.remote.client.grpc.GrpcClient.connectToServer(GrpcClient.java:329)
	at com.alibaba.nacos.common.remote.client.RpcClient.reconnect(RpcClient.java:502)
	at com.alibaba.nacos.common.remote.client.RpcClient.lambda$start$2(RpcClient.java:343)
	at java.base/java.util.concurrent.Executors$RunnableAdapter.call(Executors.java:539)
	at java.base/java.util.concurrent.FutureTask.run(FutureTask.java:264)
	at java.base/java.util.concurrent.ScheduledThreadPoolExecutor$ScheduledFutureTask.run(ScheduledThreadPoolExecutor.java:304)
	at java.base/java.util.concurrent.ThreadPoolExecutor.runWorker(ThreadPoolExecutor.java:1136)
	at java.base/java.util.concurrent.ThreadPoolExecutor$Worker.run(ThreadPoolExecutor.java:635)
	at java.base/java.lang.Thread.run(Thread.java:842)
2024-11-15 20:16:36.007 [com.alibaba.nacos.client.remote.worker] INFO  c.a.nacos.common.remote.client.grpc.GrpcClient - grpc client connection server:192.168.247.138 ip,serverPort:9848,grpcTslConfig:{"sslProvider":"OPENSSL","enableTls":false,"mutualAuthEnable":false,"trustAll":false}
2024-11-15 20:16:36.035 [Thread-1] WARN  c.alibaba.nacos.common.http.HttpClientBeanHolder - [HttpClientBeanHolder] Start destroying common HttpClient
2024-11-15 20:16:36.035 [Thread-7] WARN  com.alibaba.nacos.common.notify.NotifyCenter - [NotifyCenter] Start destroying Publisher
2024-11-15 20:16:36.035 [Thread-7] WARN  com.alibaba.nacos.common.notify.NotifyCenter - [NotifyCenter] Destruction of the end
2024-11-15 20:16:36.036 [Thread-1] WARN  c.alibaba.nacos.common.http.HttpClientBeanHolder - [HttpClientBeanHolder] Destruction of the end
2024-11-15 20:16:36.077 [SpringApplicationShutdownHook] INFO  c.a.cloud.nacos.registry.NacosServiceRegistry - De-registering from Nacos Server now...
2024-11-15 20:16:36.077 [SpringApplicationShutdownHook] INFO  com.alibaba.nacos.client.naming - [DEREGISTER-SERVICE] xiaochengshu deregistering service xiaochengshu-auth with instance: Instance{instanceId='null', ip='192.168.17.1', port=8080, weight=1.0, healthy=true, enabled=true, ephemeral=true, clusterName='DEFAULT', serviceName='null', metadata={}}
2024-11-15 20:16:36.179 [SpringApplicationShutdownHook] ERROR com.alibaba.nacos.common.remote.client - Send request fail, request = InstanceRequest{headers={app=unknown}, requestId='null'}, retryTimes = 0, errorMessage = Client not connected, current status:UNHEALTHY
2024-11-15 20:16:36.280 [SpringApplicationShutdownHook] ERROR com.alibaba.nacos.common.remote.client - Send request fail, request = InstanceRequest{headers={app=unknown}, requestId='null'}, retryTimes = 1, errorMessage = Client not connected, current status:UNHEALTHY
2024-11-15 20:16:36.382 [SpringApplicationShutdownHook] ERROR com.alibaba.nacos.common.remote.client - Send request fail, request = InstanceRequest{headers={app=unknown}, requestId='null'}, retryTimes = 2, errorMessage = Client not connected, current status:UNHEALTHY
2024-11-15 20:16:36.392 [SpringApplicationShutdownHook] ERROR c.a.cloud.nacos.registry.NacosServiceRegistry - ERR_NACOS_DEREGISTER, de-register failed...NacosRegistration{nacosDiscoveryProperties=NacosDiscoveryProperties{serverAddr='192.168.247.138:8848', username='', password='', endpoint='', namespace='xiaochengshu', watchDelay=30000, logName='', service='xiaochengshu-auth', weight=1.0, clusterName='DEFAULT', group='DEFAULT_GROUP', namingLoadCacheAtStart='false', metadata={IPv6=null, preserved.register.source=SPRING_CLOUD}, registerEnabled=true, ip='192.168.17.1', networkInterface='', port=8080, secure=false, accessKey='', secretKey='', heartBeatInterval=null, heartBeatTimeout=null, ipDeleteTimeout=null, instanceEnabled=true, ephemeral=true, failureToleranceEnabled=false}, ipDeleteTimeout=null, failFast=true}},
com.alibaba.nacos.api.exception.NacosException: Client not connected, current status:UNHEALTHY
	at com.alibaba.nacos.common.remote.client.RpcClient.request(RpcClient.java:643)
	at com.alibaba.nacos.common.remote.client.RpcClient.request(RpcClient.java:623)
	at com.alibaba.nacos.client.naming.remote.gprc.NamingGrpcClientProxy.requestToServer(NamingGrpcClientProxy.java:357)
	at com.alibaba.nacos.client.naming.remote.gprc.NamingGrpcClientProxy.doDeregisterService(NamingGrpcClientProxy.java:234)
	at com.alibaba.nacos.client.naming.remote.gprc.NamingGrpcClientProxy.deregisterService(NamingGrpcClientProxy.java:220)
	at com.alibaba.nacos.client.naming.remote.NamingClientProxyDelegate.deregisterService(NamingClientProxyDelegate.java:125)
	at com.alibaba.nacos.client.naming.NacosNamingService.deregisterInstance(NacosNamingService.java:192)
	at com.alibaba.nacos.client.naming.NacosNamingService.deregisterInstance(NacosNamingService.java:182)
	at com.alibaba.cloud.nacos.registry.NacosServiceRegistry.deregister(NacosServiceRegistry.java:107)
	at org.springframework.cloud.client.serviceregistry.AbstractAutoServiceRegistration.deregister(AbstractAutoServiceRegistration.java:281)
	at org.springframework.cloud.client.serviceregistry.AbstractAutoServiceRegistration.stop(AbstractAutoServiceRegistration.java:299)
	at org.springframework.cloud.client.serviceregistry.AbstractAutoServiceRegistration.destroy(AbstractAutoServiceRegistration.java:233)
	at java.base/jdk.internal.reflect.NativeMethodAccessorImpl.invoke0(Native Method)
	at java.base/jdk.internal.reflect.NativeMethodAccessorImpl.invoke(NativeMethodAccessorImpl.java:77)
	at java.base/jdk.internal.reflect.DelegatingMethodAccessorImpl.invoke(DelegatingMethodAccessorImpl.java:43)
	at java.base/java.lang.reflect.Method.invoke(Method.java:568)
	at org.springframework.beans.factory.annotation.InitDestroyAnnotationBeanPostProcessor$LifecycleElement.invoke(InitDestroyAnnotationBeanPostProcessor.java:424)
	at org.springframework.beans.factory.annotation.InitDestroyAnnotationBeanPostProcessor$LifecycleMetadata.invokeDestroyMethods(InitDestroyAnnotationBeanPostProcessor.java:382)
	at org.springframework.beans.factory.annotation.InitDestroyAnnotationBeanPostProcessor.postProcessBeforeDestruction(InitDestroyAnnotationBeanPostProcessor.java:212)
	at org.springframework.beans.factory.support.DisposableBeanAdapter.destroy(DisposableBeanAdapter.java:191)
	at org.springframework.beans.factory.support.DefaultSingletonBeanRegistry.destroyBean(DefaultSingletonBeanRegistry.java:587)
	at org.springframework.beans.factory.support.DefaultSingletonBeanRegistry.destroySingleton(DefaultSingletonBeanRegistry.java:559)
	at org.springframework.beans.factory.support.DefaultListableBeanFactory.destroySingleton(DefaultListableBeanFactory.java:1177)
	at org.springframework.beans.factory.support.DefaultSingletonBeanRegistry.destroySingletons(DefaultSingletonBeanRegistry.java:520)
	at org.springframework.beans.factory.support.DefaultListableBeanFactory.destroySingletons(DefaultListableBeanFactory.java:1170)
	at org.springframework.context.support.AbstractApplicationContext.destroyBeans(AbstractApplicationContext.java:1082)
	at org.springframework.context.support.AbstractApplicationContext.doClose(AbstractApplicationContext.java:1051)
	at org.springframework.boot.web.servlet.context.ServletWebServerApplicationContext.doClose(ServletWebServerApplicationContext.java:173)
	at org.springframework.context.support.AbstractApplicationContext.close(AbstractApplicationContext.java:1001)
	at org.springframework.boot.SpringApplicationShutdownHook.closeAndWait(SpringApplicationShutdownHook.java:139)
	at java.base/java.lang.Iterable.forEach(Iterable.java:75)
	at org.springframework.boot.SpringApplicationShutdownHook.run(SpringApplicationShutdownHook.java:108)
	at java.base/java.lang.Thread.run(Thread.java:842)
2024-11-15 20:16:36.393 [SpringApplicationShutdownHook] INFO  c.a.cloud.nacos.registry.NacosServiceRegistry - De-registration finished.
2024-11-15 20:16:36.393 [SpringApplicationShutdownHook] INFO  com.alibaba.nacos.client.naming - com.alibaba.nacos.client.naming.cache.ServiceInfoHolder do shutdown begin
2024-11-15 20:16:36.393 [SpringApplicationShutdownHook] INFO  com.alibaba.nacos.client.naming - com.alibaba.nacos.client.naming.backups.FailoverReactor do shutdown begin
2024-11-15 20:16:36.394 [SpringApplicationShutdownHook] INFO  com.alibaba.nacos.client.naming - com.alibaba.nacos.client.naming.backups.FailoverReactor do shutdown stop
2024-11-15 20:16:36.394 [SpringApplicationShutdownHook] INFO  com.alibaba.nacos.client.naming - com.alibaba.nacos.client.naming.cache.ServiceInfoHolder do shutdown stop
2024-11-15 20:16:36.394 [SpringApplicationShutdownHook] INFO  com.alibaba.nacos.client.naming - com.alibaba.nacos.client.naming.remote.NamingClientProxyDelegate do shutdown begin
2024-11-15 20:16:36.394 [SpringApplicationShutdownHook] INFO  com.alibaba.nacos.client.naming - com.alibaba.nacos.client.naming.core.ServiceInfoUpdateService do shutdown begin
2024-11-15 20:16:36.394 [SpringApplicationShutdownHook] INFO  com.alibaba.nacos.client.naming - com.alibaba.nacos.client.naming.core.ServiceInfoUpdateService do shutdown stop
2024-11-15 20:16:36.394 [SpringApplicationShutdownHook] INFO  com.alibaba.nacos.client.naming - com.alibaba.nacos.client.naming.core.ServerListManager do shutdown begin
2024-11-15 20:16:36.394 [SpringApplicationShutdownHook] WARN  com.alibaba.nacos.client.naming - [NamingHttpClientManager] Start destroying NacosRestTemplate
2024-11-15 20:16:36.394 [SpringApplicationShutdownHook] WARN  com.alibaba.nacos.client.naming - [NamingHttpClientManager] Destruction of the end
2024-11-15 20:16:36.394 [SpringApplicationShutdownHook] INFO  com.alibaba.nacos.client.naming - com.alibaba.nacos.client.naming.core.ServerListManager do shutdown stop
2024-11-15 20:16:36.394 [SpringApplicationShutdownHook] INFO  com.alibaba.nacos.client.naming - com.alibaba.nacos.client.naming.remote.http.NamingHttpClientProxy do shutdown begin
2024-11-15 20:16:36.394 [SpringApplicationShutdownHook] WARN  com.alibaba.nacos.client.naming - [NamingHttpClientManager] Start destroying NacosRestTemplate
2024-11-15 20:16:36.395 [SpringApplicationShutdownHook] WARN  com.alibaba.nacos.client.naming - [NamingHttpClientManager] Destruction of the end
2024-11-15 20:16:36.395 [SpringApplicationShutdownHook] INFO  com.alibaba.nacos.client.naming - com.alibaba.nacos.client.naming.remote.http.NamingHttpClientProxy do shutdown stop
2024-11-15 20:16:36.395 [SpringApplicationShutdownHook] INFO  com.alibaba.nacos.common.remote.client - Shutdown rpc client, set status to shutdown
2024-11-15 20:16:36.395 [SpringApplicationShutdownHook] INFO  com.alibaba.nacos.common.remote.client - Shutdown client event executor java.util.concurrent.ScheduledThreadPoolExecutor@4fdf666a[Running, pool size = 2, active threads = 2, queued tasks = 0, completed tasks = 0]
2024-11-15 20:16:36.395 [SpringApplicationShutdownHook] INFO  com.alibaba.nacos.common.remote.client - Close current connection 1731645626392_192.168.247.1_62718
2024-11-15 20:16:36.395 [com.alibaba.nacos.client.remote.worker] ERROR c.a.nacos.common.remote.client.grpc.GrpcClient - Server check fail, please check server 192.168.247.138 ,port 9848 is available , error ={}
java.lang.InterruptedException: null
	at com.alibaba.nacos.shaded.com.google.common.util.concurrent.AbstractFuture.get(AbstractFuture.java:438)
	at com.alibaba.nacos.common.remote.client.grpc.GrpcClient.serverCheck(GrpcClient.java:218)
	at com.alibaba.nacos.common.remote.client.grpc.GrpcClient.connectToServer(GrpcClient.java:329)
	at com.alibaba.nacos.common.remote.client.RpcClient.reconnect(RpcClient.java:502)
	at com.alibaba.nacos.common.remote.client.RpcClient.lambda$start$2(RpcClient.java:343)
	at java.base/java.util.concurrent.Executors$RunnableAdapter.call(Executors.java:539)
	at java.base/java.util.concurrent.FutureTask.run(FutureTask.java:264)
	at java.base/java.util.concurrent.ScheduledThreadPoolExecutor$ScheduledFutureTask.run(ScheduledThreadPoolExecutor.java:304)
	at java.base/java.util.concurrent.ThreadPoolExecutor.runWorker(ThreadPoolExecutor.java:1136)
	at java.base/java.util.concurrent.ThreadPoolExecutor$Worker.run(ThreadPoolExecutor.java:635)
	at java.base/java.lang.Thread.run(Thread.java:842)
2024-11-15 20:16:36.395 [com.alibaba.nacos.client.remote.worker] INFO  com.alibaba.nacos.common.remote.client - Close current connection 1731645626392_192.168.247.1_62718
2024-11-15 20:16:36.395 [nacos-grpc-client-executor-192.168.247.138-5526] WARN  c.a.nacos.common.remote.client.grpc.GrpcClient - [1731645626392_192.168.247.1_62718]Ignore error event,isRunning:false,isAbandon=false
2024-11-15 20:16:36.396 [com.alibaba.nacos.client.remote.worker] INFO  com.alibaba.nacos.common.remote.client - [f02da96e-b8bb-45dd-9612-90b0f534af9c] Fail to connect server, after trying 1 times, last try server is {serverIp = '192.168.247.138', server main port = 8848}, error = unknown
2024-11-15 20:16:36.396 [SpringApplicationShutdownHook] INFO  c.a.nacos.common.remote.client.grpc.GrpcClient - Shutdown grpc executor java.util.concurrent.ThreadPoolExecutor@f745f67[Running, pool size = 11, active threads = 2, queued tasks = 0, completed tasks = 5530]
2024-11-15 20:16:36.396 [SpringApplicationShutdownHook] INFO  com.alibaba.nacos.client.naming - Shutdown grpc redo service executor java.util.concurrent.ScheduledThreadPoolExecutor@5a96f710[Running, pool size = 1, active threads = 0, queued tasks = 1, completed tasks = 9122]
2024-11-15 20:16:36.396 [SpringApplicationShutdownHook] INFO  c.a.n.client.auth.ram.identify.CredentialWatcher - [null] CredentialWatcher is stopped
2024-11-15 20:16:36.396 [SpringApplicationShutdownHook] INFO  c.a.n.client.auth.ram.identify.CredentialService - [null] CredentialService is freed
2024-11-15 20:16:36.397 [SpringApplicationShutdownHook] INFO  com.alibaba.nacos.client.naming - com.alibaba.nacos.client.naming.remote.NamingClientProxyDelegate do shutdown stop
