2024-10-24 21:26:55.049 [main] WARN  com.alibaba.nacos.client.logging.NacosLogging - Load Logback Configuration of Nacos fail, message: Could not initialize Logback Nacos logging from classpath:nacos-logback.xml
2024-10-24 21:26:55.103 [main] WARN  com.alibaba.nacos.client.logging.NacosLogging - Load Logback Configuration of Nacos fail, message: Could not initialize Logback Nacos logging from classpath:nacos-logback.xml
2024-10-24 21:26:55.289 [main] WARN  com.alibaba.nacos.client.logging.NacosLogging - Load Logback Configuration of Nacos fail, message: Could not initialize Logback Nacos logging from classpath:nacos-logback.xml
2024-10-24 21:26:55.291 [main] INFO  com.alibaba.nacos.client.utils.ParamUtil - [settings] [req-serv] nacos-server port:8848
2024-10-24 21:26:55.292 [main] INFO  com.alibaba.nacos.client.utils.ParamUtil - [settings] [http-client] connect timeout:1000
2024-10-24 21:26:55.293 [main] INFO  com.alibaba.nacos.client.utils.ParamUtil - PER_TASK_CONFIG_SIZE: 3000.0
2024-10-24 21:26:55.329 [main] INFO  c.a.n.p.auth.spi.client.ClientAuthPluginManager - [ClientAuthPluginManager] Load ClientAuthService com.alibaba.nacos.client.auth.impl.NacosClientAuthServiceImpl success.
2024-10-24 21:26:55.329 [main] INFO  c.a.n.p.auth.spi.client.ClientAuthPluginManager - [ClientAuthPluginManager] Load ClientAuthService com.alibaba.nacos.client.auth.ram.RamClientAuthServiceImpl success.
2024-10-24 21:26:55.336 [main] INFO  c.a.n.client.auth.ram.identify.CredentialWatcher - null No credential found
2024-10-24 21:26:55.713 [main] WARN  com.alibaba.nacos.client.logging.NacosLogging - Load Logback Configuration of Nacos fail, message: Could not initialize Logback Nacos logging from classpath:nacos-logback.xml
2024-10-24 21:26:55.728 [main] INFO  c.a.n.client.config.impl.LocalConfigInfoProcessor - LOCAL_SNAPSHOT_PATH:C:\Users\Summer Snow\nacos\config
2024-10-24 21:26:55.744 [main] INFO  com.alibaba.nacos.common.remote.client - [RpcClientFactory] create a new rpc client of 12c63912-f371-48a7-ac95-9f56abc9b489_config-0
2024-10-24 21:26:55.772 [main] INFO  com.alibaba.nacos.common.remote.client - [12c63912-f371-48a7-ac95-9f56abc9b489_config-0] Register server push request handler:com.alibaba.nacos.client.config.impl.ClientWorker$ConfigRpcTransportClient$$Lambda$574/0x000001d757367c18
2024-10-24 21:26:55.772 [main] INFO  com.alibaba.nacos.common.remote.client - [12c63912-f371-48a7-ac95-9f56abc9b489_config-0] Register server push request handler:com.alibaba.nacos.client.config.impl.ClientWorker$ConfigRpcTransportClient$$Lambda$575/0x000001d757368200
2024-10-24 21:26:55.773 [main] INFO  com.alibaba.nacos.common.remote.client - [12c63912-f371-48a7-ac95-9f56abc9b489_config-0] Registry connection listener to current client:com.alibaba.nacos.client.config.impl.ClientWorker$ConfigRpcTransportClient$1
2024-10-24 21:26:55.774 [main] INFO  com.alibaba.nacos.common.remote.client - [12c63912-f371-48a7-ac95-9f56abc9b489_config-0] RpcClient init, ServerListFactory = com.alibaba.nacos.client.config.impl.ClientWorker$ConfigRpcTransportClient$2
2024-10-24 21:26:55.784 [main] INFO  com.alibaba.nacos.common.remote.client - [12c63912-f371-48a7-ac95-9f56abc9b489_config-0] Try to connect to server on start up, server: {serverIp = '192.168.247.138', server main port = 8848}
2024-10-24 21:26:55.822 [main] INFO  c.a.nacos.common.remote.client.grpc.GrpcClient - grpc client connection server:192.168.247.138 ip,serverPort:9848,grpcTslConfig:{"sslProvider":"OPENSSL","enableTls":false,"mutualAuthEnable":false,"trustAll":false}
2024-10-24 21:26:57.036 [main] INFO  com.alibaba.nacos.common.remote.client - [12c63912-f371-48a7-ac95-9f56abc9b489_config-0] Success to connect to server [192.168.247.138:8848] on start up, connectionId = 1729149704484_192.168.247.1_60087
2024-10-24 21:26:57.037 [com.alibaba.nacos.client.remote.worker] INFO  com.alibaba.nacos.common.remote.client - [12c63912-f371-48a7-ac95-9f56abc9b489_config-0] Notify connected event to listeners.
2024-10-24 21:26:57.037 [com.alibaba.nacos.client.remote.worker] INFO  com.alibaba.nacos.client.config.impl.ClientWorker - [12c63912-f371-48a7-ac95-9f56abc9b489_config-0] Connected,notify listen context...
2024-10-24 21:26:57.037 [main] INFO  com.alibaba.nacos.common.remote.client - [12c63912-f371-48a7-ac95-9f56abc9b489_config-0] Register server push request handler:com.alibaba.nacos.common.remote.client.RpcClient$ConnectResetRequestHandler
2024-10-24 21:26:57.038 [main] INFO  com.alibaba.nacos.common.remote.client - [12c63912-f371-48a7-ac95-9f56abc9b489_config-0] Register server push request handler:com.alibaba.nacos.common.remote.client.RpcClient$$Lambda$595/0x000001d7574cd8a8
2024-10-24 21:26:57.094 [main] INFO  com.alibaba.nacos.client.config.impl.Limiter - limitTime:5.0
2024-10-24 21:26:57.158 [main] WARN  c.a.cloud.nacos.client.NacosPropertySourceBuilder - Ignore the empty nacos configuration and get it based on dataId[xiaochengshu-auth] & group[DEFAULT_GROUP]
2024-10-24 21:26:57.168 [main] WARN  c.a.cloud.nacos.client.NacosPropertySourceBuilder - Ignore the empty nacos configuration and get it based on dataId[xiaochengshu-auth.yaml] & group[DEFAULT_GROUP]
2024-10-24 21:26:57.188 [main] INFO  com.alibaba.nacos.client.config.utils.JvmUtil - isMultiInstance:false
2024-10-24 21:26:57.193 [main] INFO  o.s.c.b.c.PropertySourceBootstrapConfiguration - Located property source: [BootstrapPropertySource {name='bootstrapProperties-xiaochengshu-auth-dev.yaml,DEFAULT_GROUP'}, BootstrapPropertySource {name='bootstrapProperties-xiaochengshu-auth.yaml,DEFAULT_GROUP'}, BootstrapPropertySource {name='bootstrapProperties-xiaochengshu-auth,DEFAULT_GROUP'}]
2024-10-24 21:26:57.198 [main] WARN  com.alibaba.nacos.client.logging.NacosLogging - Load Logback Configuration of Nacos fail, message: Could not initialize Logback Nacos logging from classpath:nacos-logback.xml
2024-10-24 21:26:57.198 [main] INFO  com.swc.orangebook.auth.OrangeBookAuthApplication - The following 1 profile is active: "dev"
2024-10-24 21:26:57.809 [main] INFO  o.s.d.r.config.RepositoryConfigurationDelegate - Multiple Spring Data modules found, entering strict repository configuration mode
2024-10-24 21:26:57.813 [main] INFO  o.s.d.r.config.RepositoryConfigurationDelegate - Bootstrapping Spring Data Redis repositories in DEFAULT mode.
2024-10-24 21:26:57.849 [main] INFO  o.s.d.r.config.RepositoryConfigurationDelegate - Finished Spring Data repository scanning in 10 ms. Found 0 Redis repository interfaces.
2024-10-24 21:26:58.015 [main] INFO  o.springframework.cloud.context.scope.GenericScope - BeanFactory id=c6dfc5b1-ba01-309f-ba23-d2b9d4e4c799
2024-10-24 21:26:58.028 [main] INFO  o.s.c.s.PostProcessorRegistrationDelegate$BeanPostProcessorChecker - Bean 'com.swc.orangeBook.user.api.UserFeignApi' of type [org.springframework.cloud.openfeign.FeignClientFactoryBean] is not eligible for getting processed by all BeanPostProcessors (for example: not eligible for auto-proxying)
2024-10-24 21:26:58.440 [main] INFO  o.s.boot.web.embedded.tomcat.TomcatWebServer - Tomcat initialized with port(s): 8080 (http)
2024-10-24 21:26:58.450 [main] INFO  org.apache.catalina.core.StandardService - Starting service [Tomcat]
2024-10-24 21:26:58.450 [main] INFO  org.apache.catalina.core.StandardEngine - Starting Servlet engine: [Apache Tomcat/10.1.5]
2024-10-24 21:26:58.542 [main] INFO  o.a.c.core.ContainerBase.[Tomcat].[localhost].[/] - Initializing Spring embedded WebApplicationContext
2024-10-24 21:26:58.542 [main] INFO  o.s.b.w.s.c.ServletWebServerApplicationContext - Root WebApplicationContext: initialization completed in 1326 ms
2024-10-24 21:26:59.160 [main] INFO  o.s.cloud.openfeign.FeignClientFactoryBean - For 'xiaochengshu-user' URL not provided. Will try picking an instance via load-balancing.
2024-10-24 21:27:00.260 [main] WARN  o.s.c.l.c.LoadBalancerCacheAutoConfiguration$LoadBalancerCaffeineWarnLogger - Spring Cloud LoadBalancer is currently working with the default cache. While this cache implementation is useful for development and tests, it's recommended to use Caffeine cache in production.You can switch to using Caffeine cache, by adding it and org.springframework.cache.caffeine.CaffeineCacheManager to the classpath.
2024-10-24 21:27:00.308 [main] INFO  o.s.boot.web.embedded.tomcat.TomcatWebServer - Tomcat started on port(s): 8080 (http) with context path ''
2024-10-24 21:27:00.312 [main] INFO  com.alibaba.nacos.client.naming - initializer namespace from ans.namespace attribute : null
2024-10-24 21:27:00.313 [main] INFO  com.alibaba.nacos.client.naming - initializer namespace from ALIBABA_ALIWARE_NAMESPACE attribute :null
2024-10-24 21:27:00.314 [main] INFO  com.alibaba.nacos.client.naming - initializer namespace from namespace attribute :null
2024-10-24 21:27:00.322 [main] INFO  c.a.n.p.auth.spi.client.ClientAuthPluginManager - [ClientAuthPluginManager] Load ClientAuthService com.alibaba.nacos.client.auth.impl.NacosClientAuthServiceImpl success.
2024-10-24 21:27:00.322 [main] INFO  c.a.n.p.auth.spi.client.ClientAuthPluginManager - [ClientAuthPluginManager] Load ClientAuthService com.alibaba.nacos.client.auth.ram.RamClientAuthServiceImpl success.
2024-10-24 21:27:00.327 [main] INFO  com.alibaba.nacos.common.remote.client - [RpcClientFactory] create a new rpc client of d60d712f-1d41-4b7a-b7b8-35d1bc12ea70
2024-10-24 21:27:00.329 [main] INFO  com.alibaba.nacos.common.remote.client - [d60d712f-1d41-4b7a-b7b8-35d1bc12ea70] RpcClient init, ServerListFactory = com.alibaba.nacos.client.naming.core.ServerListManager
2024-10-24 21:27:00.329 [main] INFO  com.alibaba.nacos.common.remote.client - [d60d712f-1d41-4b7a-b7b8-35d1bc12ea70] Registry connection listener to current client:com.alibaba.nacos.client.naming.remote.gprc.redo.NamingGrpcRedoService
2024-10-24 21:27:00.329 [main] INFO  com.alibaba.nacos.common.remote.client - [d60d712f-1d41-4b7a-b7b8-35d1bc12ea70] Register server push request handler:com.alibaba.nacos.client.naming.remote.gprc.NamingPushRequestHandler
2024-10-24 21:27:00.329 [main] INFO  com.alibaba.nacos.common.remote.client - [d60d712f-1d41-4b7a-b7b8-35d1bc12ea70] Try to connect to server on start up, server: {serverIp = '192.168.247.138', server main port = 8848}
2024-10-24 21:27:00.330 [main] INFO  c.a.nacos.common.remote.client.grpc.GrpcClient - grpc client connection server:192.168.247.138 ip,serverPort:9848,grpcTslConfig:{"sslProvider":"OPENSSL","enableTls":false,"mutualAuthEnable":false,"trustAll":false}
2024-10-24 21:27:00.448 [main] INFO  com.alibaba.nacos.common.remote.client - [d60d712f-1d41-4b7a-b7b8-35d1bc12ea70] Success to connect to server [192.168.247.138:8848] on start up, connectionId = 1729149708288_192.168.247.1_60088
2024-10-24 21:27:00.448 [main] INFO  com.alibaba.nacos.common.remote.client - [d60d712f-1d41-4b7a-b7b8-35d1bc12ea70] Register server push request handler:com.alibaba.nacos.common.remote.client.RpcClient$ConnectResetRequestHandler
2024-10-24 21:27:00.448 [main] INFO  com.alibaba.nacos.common.remote.client - [d60d712f-1d41-4b7a-b7b8-35d1bc12ea70] Register server push request handler:com.alibaba.nacos.common.remote.client.RpcClient$$Lambda$595/0x000001d7574cd8a8
2024-10-24 21:27:00.448 [com.alibaba.nacos.client.remote.worker] INFO  com.alibaba.nacos.common.remote.client - [d60d712f-1d41-4b7a-b7b8-35d1bc12ea70] Notify connected event to listeners.
2024-10-24 21:27:00.448 [com.alibaba.nacos.client.remote.worker] INFO  com.alibaba.nacos.client.naming - Grpc connection connect
2024-10-24 21:27:00.449 [main] INFO  com.alibaba.nacos.client.naming - [REGISTER-SERVICE] xiaochengshu registering service xiaochengshu-auth with instance Instance{instanceId='null', ip='192.168.17.1', port=8080, weight=1.0, healthy=true, enabled=true, ephemeral=true, clusterName='DEFAULT', serviceName='null', metadata={IPv6=null, preserved.register.source=SPRING_CLOUD}}
2024-10-24 21:27:00.474 [main] INFO  c.a.cloud.nacos.registry.NacosServiceRegistry - nacos registry, DEFAULT_GROUP xiaochengshu-auth 192.168.17.1:8080 register finished
2024-10-24 21:27:00.689 [main] INFO  com.swc.orangebook.auth.OrangeBookAuthApplication - Started OrangeBookAuthApplication in 6.389 seconds (process running for 7.196)
2024-10-24 21:27:00.693 [main] INFO  com.alibaba.nacos.client.config.impl.CacheData - nacos.cache.data.init.snapshot = true 
2024-10-24 21:27:00.693 [main] INFO  com.alibaba.nacos.client.config.impl.ClientWorker - [fixed-xiaochengshu-192.168.247.138_8848] [subscribe] xiaochengshu-auth+DEFAULT_GROUP+xiaochengshu
2024-10-24 21:27:00.704 [main] INFO  com.alibaba.nacos.client.config.impl.CacheData - [fixed-xiaochengshu-192.168.247.138_8848] [add-listener] ok, tenant=xiaochengshu, dataId=xiaochengshu-auth, group=DEFAULT_GROUP, cnt=1
2024-10-24 21:27:00.704 [main] INFO  c.a.cloud.nacos.refresh.NacosContextRefresher - [Nacos Config] Listening config: dataId=xiaochengshu-auth, group=DEFAULT_GROUP
2024-10-24 21:27:00.705 [main] INFO  com.alibaba.nacos.client.config.impl.ClientWorker - [fixed-xiaochengshu-192.168.247.138_8848] [subscribe] xiaochengshu-auth.yaml+DEFAULT_GROUP+xiaochengshu
2024-10-24 21:27:00.705 [main] INFO  com.alibaba.nacos.client.config.impl.CacheData - [fixed-xiaochengshu-192.168.247.138_8848] [add-listener] ok, tenant=xiaochengshu, dataId=xiaochengshu-auth.yaml, group=DEFAULT_GROUP, cnt=1
2024-10-24 21:27:00.705 [main] INFO  c.a.cloud.nacos.refresh.NacosContextRefresher - [Nacos Config] Listening config: dataId=xiaochengshu-auth.yaml, group=DEFAULT_GROUP
2024-10-24 21:27:00.707 [main] INFO  com.alibaba.nacos.client.config.impl.ClientWorker - [fixed-xiaochengshu-192.168.247.138_8848] [subscribe] xiaochengshu-auth-dev.yaml+DEFAULT_GROUP+xiaochengshu
2024-10-24 21:27:00.707 [main] INFO  com.alibaba.nacos.client.config.impl.CacheData - [fixed-xiaochengshu-192.168.247.138_8848] [add-listener] ok, tenant=xiaochengshu, dataId=xiaochengshu-auth-dev.yaml, group=DEFAULT_GROUP, cnt=1
2024-10-24 21:27:00.707 [main] INFO  c.a.cloud.nacos.refresh.NacosContextRefresher - [Nacos Config] Listening config: dataId=xiaochengshu-auth-dev.yaml, group=DEFAULT_GROUP
2024-10-24 21:27:00.708 [main] INFO  com.swc.orangebook.auth.OrangeBookAuthApplication - auth run...
2024-10-24 21:30:20.404 [Thread-1] WARN  c.alibaba.nacos.common.http.HttpClientBeanHolder - [HttpClientBeanHolder] Start destroying common HttpClient
2024-10-24 21:30:20.404 [Thread-7] WARN  com.alibaba.nacos.common.notify.NotifyCenter - [NotifyCenter] Start destroying Publisher
2024-10-24 21:30:20.405 [Thread-7] WARN  com.alibaba.nacos.common.notify.NotifyCenter - [NotifyCenter] Destruction of the end
2024-10-24 21:30:20.405 [Thread-1] WARN  c.alibaba.nacos.common.http.HttpClientBeanHolder - [HttpClientBeanHolder] Destruction of the end
2024-10-24 21:30:20.453 [SpringApplicationShutdownHook] INFO  c.a.cloud.nacos.registry.NacosServiceRegistry - De-registering from Nacos Server now...
2024-10-24 21:30:20.454 [SpringApplicationShutdownHook] INFO  com.alibaba.nacos.client.naming - [DEREGISTER-SERVICE] xiaochengshu deregistering service xiaochengshu-auth with instance: Instance{instanceId='null', ip='192.168.17.1', port=8080, weight=1.0, healthy=true, enabled=true, ephemeral=true, clusterName='DEFAULT', serviceName='null', metadata={}}
2024-10-24 21:30:21.399 [com.alibaba.nacos.client.naming.grpc.redo.0] INFO  com.alibaba.nacos.client.naming - Redo instance operation UNREGISTER for DEFAULT_GROUP@@xiaochengshu-auth
2024-10-24 21:30:22.815 [com.alibaba.nacos.client.remote.worker] INFO  com.alibaba.nacos.common.remote.client - [d60d712f-1d41-4b7a-b7b8-35d1bc12ea70] Server healthy check fail, currentConnection = 1729149708288_192.168.247.1_60088
2024-10-24 21:30:22.817 [com.alibaba.nacos.client.remote.worker] INFO  com.alibaba.nacos.common.remote.client - [d60d712f-1d41-4b7a-b7b8-35d1bc12ea70] Try to reconnect to a new server, server is  not appointed, will choose a random server.
2024-10-24 21:30:22.818 [com.alibaba.nacos.client.remote.worker] INFO  c.a.nacos.common.remote.client.grpc.GrpcClient - grpc client connection server:192.168.247.138 ip,serverPort:9848,grpcTslConfig:{"sslProvider":"OPENSSL","enableTls":false,"mutualAuthEnable":false,"trustAll":false}
2024-10-24 21:30:22.998 [com.alibaba.nacos.client.remote.worker] INFO  com.alibaba.nacos.common.remote.client - [12c63912-f371-48a7-ac95-9f56abc9b489_config-0] Server healthy check fail, currentConnection = 1729149704484_192.168.247.1_60087
2024-10-24 21:30:22.998 [com.alibaba.nacos.client.remote.worker] INFO  com.alibaba.nacos.common.remote.client - [12c63912-f371-48a7-ac95-9f56abc9b489_config-0] Try to reconnect to a new server, server is  not appointed, will choose a random server.
2024-10-24 21:30:22.998 [com.alibaba.nacos.client.remote.worker] INFO  c.a.nacos.common.remote.client.grpc.GrpcClient - grpc client connection server:192.168.247.138 ip,serverPort:9848,grpcTslConfig:{"sslProvider":"OPENSSL","enableTls":false,"mutualAuthEnable":false,"trustAll":false}
2024-10-24 21:30:23.456 [SpringApplicationShutdownHook] ERROR com.alibaba.nacos.common.remote.client - Send request fail, request = InstanceRequest{headers={app=unknown}, requestId='null'}, retryTimes = 0, errorMessage = java.util.concurrent.TimeoutException: Waited 3000 milliseconds (plus 1 milliseconds, 498600 nanoseconds delay) for com.alibaba.nacos.shaded.io.grpc.stub.ClientCalls$GrpcFuture@7847731d[status=PENDING, info=[GrpcFuture{clientCall=ClientCallImpl{method=MethodDescriptor{fullMethodName=Request/request, type=UNARY, idempotent=false, safe=false, sampledToLocalTracing=true, requestMarshaller=com.alibaba.nacos.shaded.io.grpc.protobuf.lite.ProtoLiteUtils$MessageMarshaller@355dadb3, responseMarshaller=com.alibaba.nacos.shaded.io.grpc.protobuf.lite.ProtoLiteUtils$MessageMarshaller@5b52716, schemaDescriptor=com.alibaba.nacos.api.grpc.auto.RequestGrpc$RequestMethodDescriptorSupplier@7bc8ae51}}}]]
2024-10-24 21:30:23.463 [SpringApplicationShutdownHook] ERROR c.a.cloud.nacos.registry.NacosServiceRegistry - ERR_NACOS_DEREGISTER, de-register failed...NacosRegistration{nacosDiscoveryProperties=NacosDiscoveryProperties{serverAddr='192.168.247.138:8848', username='', password='', endpoint='', namespace='xiaochengshu', watchDelay=30000, logName='', service='xiaochengshu-auth', weight=1.0, clusterName='DEFAULT', group='DEFAULT_GROUP', namingLoadCacheAtStart='false', metadata={IPv6=null, preserved.register.source=SPRING_CLOUD}, registerEnabled=true, ip='192.168.17.1', networkInterface='', port=8080, secure=false, accessKey='', secretKey='', heartBeatInterval=null, heartBeatTimeout=null, ipDeleteTimeout=null, instanceEnabled=true, ephemeral=true, failureToleranceEnabled=false}, ipDeleteTimeout=null, failFast=true}},
com.alibaba.nacos.api.exception.NacosException: java.util.concurrent.TimeoutException: Waited 3000 milliseconds (plus 1 milliseconds, 498600 nanoseconds delay) for com.alibaba.nacos.shaded.io.grpc.stub.ClientCalls$GrpcFuture@7847731d[status=PENDING, info=[GrpcFuture{clientCall=ClientCallImpl{method=MethodDescriptor{fullMethodName=Request/request, type=UNARY, idempotent=false, safe=false, sampledToLocalTracing=true, requestMarshaller=com.alibaba.nacos.shaded.io.grpc.protobuf.lite.ProtoLiteUtils$MessageMarshaller@355dadb3, responseMarshaller=com.alibaba.nacos.shaded.io.grpc.protobuf.lite.ProtoLiteUtils$MessageMarshaller@5b52716, schemaDescriptor=com.alibaba.nacos.api.grpc.auto.RequestGrpc$RequestMethodDescriptorSupplier@7bc8ae51}}}]]
	at com.alibaba.nacos.common.remote.client.grpc.GrpcConnection.request(GrpcConnection.java:78)
	at com.alibaba.nacos.common.remote.client.RpcClient.request(RpcClient.java:645)
	at com.alibaba.nacos.common.remote.client.RpcClient.request(RpcClient.java:623)
	at com.alibaba.nacos.client.naming.remote.gprc.NamingGrpcClientProxy.requestToServer(NamingGrpcClientProxy.java:357)
	at com.alibaba.nacos.client.naming.remote.gprc.NamingGrpcClientProxy.doDeregisterService(NamingGrpcClientProxy.java:234)
	at com.alibaba.nacos.client.naming.remote.gprc.NamingGrpcClientProxy.deregisterService(NamingGrpcClientProxy.java:220)
	at com.alibaba.nacos.client.naming.remote.NamingClientProxyDelegate.deregisterService(NamingClientProxyDelegate.java:125)
	at com.alibaba.nacos.client.naming.NacosNamingService.deregisterInstance(NacosNamingService.java:192)
	at com.alibaba.nacos.client.naming.NacosNamingService.deregisterInstance(NacosNamingService.java:182)
	at com.alibaba.cloud.nacos.registry.NacosServiceRegistry.deregister(NacosServiceRegistry.java:107)
	at org.springframework.cloud.client.serviceregistry.AbstractAutoServiceRegistration.deregister(AbstractAutoServiceRegistration.java:281)
	at org.springframework.cloud.client.serviceregistry.AbstractAutoServiceRegistration.stop(AbstractAutoServiceRegistration.java:299)
	at org.springframework.cloud.client.serviceregistry.AbstractAutoServiceRegistration.destroy(AbstractAutoServiceRegistration.java:233)
	at java.base/jdk.internal.reflect.NativeMethodAccessorImpl.invoke0(Native Method)
	at java.base/jdk.internal.reflect.NativeMethodAccessorImpl.invoke(NativeMethodAccessorImpl.java:77)
	at java.base/jdk.internal.reflect.DelegatingMethodAccessorImpl.invoke(DelegatingMethodAccessorImpl.java:43)
	at java.base/java.lang.reflect.Method.invoke(Method.java:568)
	at org.springframework.beans.factory.annotation.InitDestroyAnnotationBeanPostProcessor$LifecycleElement.invoke(InitDestroyAnnotationBeanPostProcessor.java:424)
	at org.springframework.beans.factory.annotation.InitDestroyAnnotationBeanPostProcessor$LifecycleMetadata.invokeDestroyMethods(InitDestroyAnnotationBeanPostProcessor.java:382)
	at org.springframework.beans.factory.annotation.InitDestroyAnnotationBeanPostProcessor.postProcessBeforeDestruction(InitDestroyAnnotationBeanPostProcessor.java:212)
	at org.springframework.beans.factory.support.DisposableBeanAdapter.destroy(DisposableBeanAdapter.java:191)
	at org.springframework.beans.factory.support.DefaultSingletonBeanRegistry.destroyBean(DefaultSingletonBeanRegistry.java:587)
	at org.springframework.beans.factory.support.DefaultSingletonBeanRegistry.destroySingleton(DefaultSingletonBeanRegistry.java:559)
	at org.springframework.beans.factory.support.DefaultListableBeanFactory.destroySingleton(DefaultListableBeanFactory.java:1177)
	at org.springframework.beans.factory.support.DefaultSingletonBeanRegistry.destroySingletons(DefaultSingletonBeanRegistry.java:520)
	at org.springframework.beans.factory.support.DefaultListableBeanFactory.destroySingletons(DefaultListableBeanFactory.java:1170)
	at org.springframework.context.support.AbstractApplicationContext.destroyBeans(AbstractApplicationContext.java:1082)
	at org.springframework.context.support.AbstractApplicationContext.doClose(AbstractApplicationContext.java:1051)
	at org.springframework.boot.web.servlet.context.ServletWebServerApplicationContext.doClose(ServletWebServerApplicationContext.java:173)
	at org.springframework.context.support.AbstractApplicationContext.close(AbstractApplicationContext.java:1001)
	at org.springframework.boot.SpringApplicationShutdownHook.closeAndWait(SpringApplicationShutdownHook.java:139)
	at java.base/java.lang.Iterable.forEach(Iterable.java:75)
	at org.springframework.boot.SpringApplicationShutdownHook.run(SpringApplicationShutdownHook.java:108)
	at java.base/java.lang.Thread.run(Thread.java:842)
Caused by: java.util.concurrent.TimeoutException: Waited 3000 milliseconds (plus 1 milliseconds, 498600 nanoseconds delay) for com.alibaba.nacos.shaded.io.grpc.stub.ClientCalls$GrpcFuture@7847731d[status=PENDING, info=[GrpcFuture{clientCall=ClientCallImpl{method=MethodDescriptor{fullMethodName=Request/request, type=UNARY, idempotent=false, safe=false, sampledToLocalTracing=true, requestMarshaller=com.alibaba.nacos.shaded.io.grpc.protobuf.lite.ProtoLiteUtils$MessageMarshaller@355dadb3, responseMarshaller=com.alibaba.nacos.shaded.io.grpc.protobuf.lite.ProtoLiteUtils$MessageMarshaller@5b52716, schemaDescriptor=com.alibaba.nacos.api.grpc.auto.RequestGrpc$RequestMethodDescriptorSupplier@7bc8ae51}}}]]
	at com.alibaba.nacos.shaded.com.google.common.util.concurrent.AbstractFuture.get(AbstractFuture.java:508)
	at com.alibaba.nacos.common.remote.client.grpc.GrpcConnection.request(GrpcConnection.java:76)
	... 33 common frames omitted
2024-10-24 21:30:23.465 [SpringApplicationShutdownHook] INFO  c.a.cloud.nacos.registry.NacosServiceRegistry - De-registration finished.
2024-10-24 21:30:23.466 [SpringApplicationShutdownHook] INFO  com.alibaba.nacos.client.naming - com.alibaba.nacos.client.naming.cache.ServiceInfoHolder do shutdown begin
2024-10-24 21:30:23.466 [SpringApplicationShutdownHook] INFO  com.alibaba.nacos.client.naming - com.alibaba.nacos.client.naming.backups.FailoverReactor do shutdown begin
2024-10-24 21:30:23.466 [SpringApplicationShutdownHook] INFO  com.alibaba.nacos.client.naming - com.alibaba.nacos.client.naming.backups.FailoverReactor do shutdown stop
2024-10-24 21:30:23.466 [SpringApplicationShutdownHook] INFO  com.alibaba.nacos.client.naming - com.alibaba.nacos.client.naming.cache.ServiceInfoHolder do shutdown stop
2024-10-24 21:30:23.466 [SpringApplicationShutdownHook] INFO  com.alibaba.nacos.client.naming - com.alibaba.nacos.client.naming.remote.NamingClientProxyDelegate do shutdown begin
2024-10-24 21:30:23.466 [SpringApplicationShutdownHook] INFO  com.alibaba.nacos.client.naming - com.alibaba.nacos.client.naming.core.ServiceInfoUpdateService do shutdown begin
2024-10-24 21:30:23.466 [SpringApplicationShutdownHook] INFO  com.alibaba.nacos.client.naming - com.alibaba.nacos.client.naming.core.ServiceInfoUpdateService do shutdown stop
2024-10-24 21:30:23.466 [SpringApplicationShutdownHook] INFO  com.alibaba.nacos.client.naming - com.alibaba.nacos.client.naming.core.ServerListManager do shutdown begin
2024-10-24 21:30:23.466 [SpringApplicationShutdownHook] WARN  com.alibaba.nacos.client.naming - [NamingHttpClientManager] Start destroying NacosRestTemplate
2024-10-24 21:30:23.466 [SpringApplicationShutdownHook] WARN  com.alibaba.nacos.client.naming - [NamingHttpClientManager] Destruction of the end
2024-10-24 21:30:23.467 [SpringApplicationShutdownHook] INFO  com.alibaba.nacos.client.naming - com.alibaba.nacos.client.naming.core.ServerListManager do shutdown stop
2024-10-24 21:30:23.467 [SpringApplicationShutdownHook] INFO  com.alibaba.nacos.client.naming - com.alibaba.nacos.client.naming.remote.http.NamingHttpClientProxy do shutdown begin
2024-10-24 21:30:23.467 [SpringApplicationShutdownHook] WARN  com.alibaba.nacos.client.naming - [NamingHttpClientManager] Start destroying NacosRestTemplate
2024-10-24 21:30:23.467 [SpringApplicationShutdownHook] WARN  com.alibaba.nacos.client.naming - [NamingHttpClientManager] Destruction of the end
2024-10-24 21:30:23.467 [SpringApplicationShutdownHook] INFO  com.alibaba.nacos.client.naming - com.alibaba.nacos.client.naming.remote.http.NamingHttpClientProxy do shutdown stop
2024-10-24 21:30:23.467 [SpringApplicationShutdownHook] INFO  com.alibaba.nacos.common.remote.client - Shutdown rpc client, set status to shutdown
2024-10-24 21:30:23.467 [SpringApplicationShutdownHook] INFO  com.alibaba.nacos.common.remote.client - Shutdown client event executor java.util.concurrent.ScheduledThreadPoolExecutor@6c037293[Running, pool size = 2, active threads = 2, queued tasks = 0, completed tasks = 0]
2024-10-24 21:30:23.467 [SpringApplicationShutdownHook] INFO  com.alibaba.nacos.common.remote.client - Close current connection 1729149708288_192.168.247.1_60088
2024-10-24 21:30:23.467 [com.alibaba.nacos.client.remote.worker] ERROR c.a.nacos.common.remote.client.grpc.GrpcClient - Server check fail, please check server 192.168.247.138 ,port 9848 is available , error ={}
java.lang.InterruptedException: null
	at com.alibaba.nacos.shaded.com.google.common.util.concurrent.AbstractFuture.get(AbstractFuture.java:438)
	at com.alibaba.nacos.common.remote.client.grpc.GrpcClient.serverCheck(GrpcClient.java:218)
	at com.alibaba.nacos.common.remote.client.grpc.GrpcClient.connectToServer(GrpcClient.java:329)
	at com.alibaba.nacos.common.remote.client.RpcClient.reconnect(RpcClient.java:502)
	at com.alibaba.nacos.common.remote.client.RpcClient.lambda$start$2(RpcClient.java:343)
	at java.base/java.util.concurrent.Executors$RunnableAdapter.call(Executors.java:539)
	at java.base/java.util.concurrent.FutureTask.run(FutureTask.java:264)
	at java.base/java.util.concurrent.ScheduledThreadPoolExecutor$ScheduledFutureTask.run(ScheduledThreadPoolExecutor.java:304)
	at java.base/java.util.concurrent.ThreadPoolExecutor.runWorker(ThreadPoolExecutor.java:1136)
	at java.base/java.util.concurrent.ThreadPoolExecutor$Worker.run(ThreadPoolExecutor.java:635)
	at java.base/java.lang.Thread.run(Thread.java:842)
2024-10-24 21:30:23.470 [nacos-grpc-client-executor-192.168.247.138-58] WARN  c.a.nacos.common.remote.client.grpc.GrpcClient - [1729149708288_192.168.247.1_60088]Ignore error event,isRunning:false,isAbandon=false
2024-10-24 21:30:23.471 [com.alibaba.nacos.client.naming.grpc.redo.0] ERROR com.alibaba.nacos.common.remote.client - Send request fail, request = InstanceRequest{headers={app=unknown}, requestId='null'}, retryTimes = 0, errorMessage = java.util.concurrent.ExecutionException: com.alibaba.nacos.shaded.io.grpc.StatusRuntimeException: UNAVAILABLE: Channel shutdownNow invoked
2024-10-24 21:30:23.472 [SpringApplicationShutdownHook] INFO  c.a.nacos.common.remote.client.grpc.GrpcClient - Shutdown grpc executor java.util.concurrent.ThreadPoolExecutor@7da14d4b[Running, pool size = 10, active threads = 0, queued tasks = 0, completed tasks = 63]
2024-10-24 21:30:23.473 [SpringApplicationShutdownHook] INFO  com.alibaba.nacos.client.naming - Shutdown grpc redo service executor java.util.concurrent.ScheduledThreadPoolExecutor@49986225[Running, pool size = 1, active threads = 1, queued tasks = 0, completed tasks = 66]
2024-10-24 21:30:23.473 [com.alibaba.nacos.client.naming.grpc.redo.0] ERROR com.alibaba.nacos.common.remote.client - Send request fail, request = InstanceRequest{headers={app=unknown}, requestId='null'}, retryTimes = 1, errorMessage = Client not connected, current status:SHUTDOWN
2024-10-24 21:30:23.473 [SpringApplicationShutdownHook] INFO  c.a.n.client.auth.ram.identify.CredentialWatcher - [null] CredentialWatcher is stopped
2024-10-24 21:30:23.473 [SpringApplicationShutdownHook] INFO  c.a.n.client.auth.ram.identify.CredentialService - [null] CredentialService is freed
2024-10-24 21:30:23.473 [com.alibaba.nacos.client.remote.worker] INFO  com.alibaba.nacos.common.remote.client - Close current connection 1729149708288_192.168.247.1_60088
2024-10-24 21:30:23.473 [SpringApplicationShutdownHook] INFO  com.alibaba.nacos.client.naming - com.alibaba.nacos.client.naming.remote.NamingClientProxyDelegate do shutdown stop
2024-10-24 23:27:26.381 [main] WARN  com.alibaba.nacos.client.logging.NacosLogging - Load Logback Configuration of Nacos fail, message: Could not initialize Logback Nacos logging from classpath:nacos-logback.xml
2024-10-24 23:27:26.455 [main] WARN  com.alibaba.nacos.client.logging.NacosLogging - Load Logback Configuration of Nacos fail, message: Could not initialize Logback Nacos logging from classpath:nacos-logback.xml
2024-10-24 23:27:26.713 [main] WARN  com.alibaba.nacos.client.logging.NacosLogging - Load Logback Configuration of Nacos fail, message: Could not initialize Logback Nacos logging from classpath:nacos-logback.xml
2024-10-24 23:27:26.716 [main] INFO  com.alibaba.nacos.client.utils.ParamUtil - [settings] [req-serv] nacos-server port:8848
2024-10-24 23:27:26.716 [main] INFO  com.alibaba.nacos.client.utils.ParamUtil - [settings] [http-client] connect timeout:1000
2024-10-24 23:27:26.718 [main] INFO  com.alibaba.nacos.client.utils.ParamUtil - PER_TASK_CONFIG_SIZE: 3000.0
2024-10-24 23:27:26.774 [main] INFO  c.a.n.p.auth.spi.client.ClientAuthPluginManager - [ClientAuthPluginManager] Load ClientAuthService com.alibaba.nacos.client.auth.impl.NacosClientAuthServiceImpl success.
2024-10-24 23:27:26.775 [main] INFO  c.a.n.p.auth.spi.client.ClientAuthPluginManager - [ClientAuthPluginManager] Load ClientAuthService com.alibaba.nacos.client.auth.ram.RamClientAuthServiceImpl success.
2024-10-24 23:27:26.780 [main] INFO  c.a.n.client.auth.ram.identify.CredentialWatcher - null No credential found
2024-10-24 23:27:27.282 [main] WARN  com.alibaba.nacos.client.logging.NacosLogging - Load Logback Configuration of Nacos fail, message: Could not initialize Logback Nacos logging from classpath:nacos-logback.xml
2024-10-24 23:27:27.298 [main] INFO  c.a.n.client.config.impl.LocalConfigInfoProcessor - LOCAL_SNAPSHOT_PATH:C:\Users\Summer Snow\nacos\config
2024-10-24 23:27:27.306 [main] INFO  com.alibaba.nacos.common.remote.client - [RpcClientFactory] create a new rpc client of e9586135-2040-42a3-9f3f-3b788a49fe43_config-0
2024-10-24 23:27:27.338 [main] INFO  com.alibaba.nacos.common.remote.client - [e9586135-2040-42a3-9f3f-3b788a49fe43_config-0] Register server push request handler:com.alibaba.nacos.client.config.impl.ClientWorker$ConfigRpcTransportClient$$Lambda$574/0x000002363e3677b0
2024-10-24 23:27:27.339 [main] INFO  com.alibaba.nacos.common.remote.client - [e9586135-2040-42a3-9f3f-3b788a49fe43_config-0] Register server push request handler:com.alibaba.nacos.client.config.impl.ClientWorker$ConfigRpcTransportClient$$Lambda$575/0x000002363e367bd0
2024-10-24 23:27:27.340 [main] INFO  com.alibaba.nacos.common.remote.client - [e9586135-2040-42a3-9f3f-3b788a49fe43_config-0] Registry connection listener to current client:com.alibaba.nacos.client.config.impl.ClientWorker$ConfigRpcTransportClient$1
2024-10-24 23:27:27.340 [main] INFO  com.alibaba.nacos.common.remote.client - [e9586135-2040-42a3-9f3f-3b788a49fe43_config-0] RpcClient init, ServerListFactory = com.alibaba.nacos.client.config.impl.ClientWorker$ConfigRpcTransportClient$2
2024-10-24 23:27:27.352 [main] INFO  com.alibaba.nacos.common.remote.client - [e9586135-2040-42a3-9f3f-3b788a49fe43_config-0] Try to connect to server on start up, server: {serverIp = '192.168.247.138', server main port = 8848}
2024-10-24 23:27:27.398 [main] INFO  c.a.nacos.common.remote.client.grpc.GrpcClient - grpc client connection server:192.168.247.138 ip,serverPort:9848,grpcTslConfig:{"sslProvider":"OPENSSL","enableTls":false,"mutualAuthEnable":false,"trustAll":false}
2024-10-24 23:27:28.959 [main] INFO  com.alibaba.nacos.common.remote.client - [e9586135-2040-42a3-9f3f-3b788a49fe43_config-0] Success to connect to server [192.168.247.138:8848] on start up, connectionId = 1729153366037_192.168.247.1_53575
2024-10-24 23:27:28.960 [com.alibaba.nacos.client.remote.worker] INFO  com.alibaba.nacos.common.remote.client - [e9586135-2040-42a3-9f3f-3b788a49fe43_config-0] Notify connected event to listeners.
2024-10-24 23:27:28.960 [com.alibaba.nacos.client.remote.worker] INFO  com.alibaba.nacos.client.config.impl.ClientWorker - [e9586135-2040-42a3-9f3f-3b788a49fe43_config-0] Connected,notify listen context...
2024-10-24 23:27:28.960 [main] INFO  com.alibaba.nacos.common.remote.client - [e9586135-2040-42a3-9f3f-3b788a49fe43_config-0] Register server push request handler:com.alibaba.nacos.common.remote.client.RpcClient$ConnectResetRequestHandler
2024-10-24 23:27:28.961 [main] INFO  com.alibaba.nacos.common.remote.client - [e9586135-2040-42a3-9f3f-3b788a49fe43_config-0] Register server push request handler:com.alibaba.nacos.common.remote.client.RpcClient$$Lambda$595/0x000002363e4cf070
2024-10-24 23:27:29.036 [main] INFO  com.alibaba.nacos.client.config.impl.Limiter - limitTime:5.0
2024-10-24 23:27:29.095 [main] WARN  c.a.cloud.nacos.client.NacosPropertySourceBuilder - Ignore the empty nacos configuration and get it based on dataId[xiaochengshu-auth] & group[DEFAULT_GROUP]
2024-10-24 23:27:29.110 [main] WARN  c.a.cloud.nacos.client.NacosPropertySourceBuilder - Ignore the empty nacos configuration and get it based on dataId[xiaochengshu-auth.yaml] & group[DEFAULT_GROUP]
2024-10-24 23:27:29.146 [main] INFO  com.alibaba.nacos.client.config.utils.JvmUtil - isMultiInstance:false
2024-10-24 23:27:29.154 [main] INFO  o.s.c.b.c.PropertySourceBootstrapConfiguration - Located property source: [BootstrapPropertySource {name='bootstrapProperties-xiaochengshu-auth-dev.yaml,DEFAULT_GROUP'}, BootstrapPropertySource {name='bootstrapProperties-xiaochengshu-auth.yaml,DEFAULT_GROUP'}, BootstrapPropertySource {name='bootstrapProperties-xiaochengshu-auth,DEFAULT_GROUP'}]
2024-10-24 23:27:29.162 [main] WARN  com.alibaba.nacos.client.logging.NacosLogging - Load Logback Configuration of Nacos fail, message: Could not initialize Logback Nacos logging from classpath:nacos-logback.xml
2024-10-24 23:27:29.163 [main] INFO  com.swc.orangebook.auth.OrangeBookAuthApplication - The following 1 profile is active: "dev"
2024-10-24 23:27:29.973 [main] INFO  o.s.d.r.config.RepositoryConfigurationDelegate - Multiple Spring Data modules found, entering strict repository configuration mode
2024-10-24 23:27:29.978 [main] INFO  o.s.d.r.config.RepositoryConfigurationDelegate - Bootstrapping Spring Data Redis repositories in DEFAULT mode.
2024-10-24 23:27:30.011 [main] INFO  o.s.d.r.config.RepositoryConfigurationDelegate - Finished Spring Data repository scanning in 12 ms. Found 0 Redis repository interfaces.
2024-10-24 23:27:30.219 [main] INFO  o.springframework.cloud.context.scope.GenericScope - BeanFactory id=c6dfc5b1-ba01-309f-ba23-d2b9d4e4c799
2024-10-24 23:27:30.235 [main] INFO  o.s.c.s.PostProcessorRegistrationDelegate$BeanPostProcessorChecker - Bean 'com.swc.orangeBook.user.api.UserFeignApi' of type [org.springframework.cloud.openfeign.FeignClientFactoryBean] is not eligible for getting processed by all BeanPostProcessors (for example: not eligible for auto-proxying)
2024-10-24 23:27:30.802 [main] INFO  o.s.boot.web.embedded.tomcat.TomcatWebServer - Tomcat initialized with port(s): 8080 (http)
2024-10-24 23:27:30.818 [main] INFO  org.apache.catalina.core.StandardService - Starting service [Tomcat]
2024-10-24 23:27:30.819 [main] INFO  org.apache.catalina.core.StandardEngine - Starting Servlet engine: [Apache Tomcat/10.1.5]
2024-10-24 23:27:30.972 [main] INFO  o.a.c.core.ContainerBase.[Tomcat].[localhost].[/] - Initializing Spring embedded WebApplicationContext
2024-10-24 23:27:30.973 [main] INFO  o.s.b.w.s.c.ServletWebServerApplicationContext - Root WebApplicationContext: initialization completed in 1784 ms
2024-10-24 23:27:31.922 [main] INFO  o.s.cloud.openfeign.FeignClientFactoryBean - For 'xiaochengshu-user' URL not provided. Will try picking an instance via load-balancing.
2024-10-24 23:27:33.451 [main] WARN  o.s.c.l.c.LoadBalancerCacheAutoConfiguration$LoadBalancerCaffeineWarnLogger - Spring Cloud LoadBalancer is currently working with the default cache. While this cache implementation is useful for development and tests, it's recommended to use Caffeine cache in production.You can switch to using Caffeine cache, by adding it and org.springframework.cache.caffeine.CaffeineCacheManager to the classpath.
2024-10-24 23:27:33.526 [main] INFO  o.s.boot.web.embedded.tomcat.TomcatWebServer - Tomcat started on port(s): 8080 (http) with context path ''
2024-10-24 23:27:33.533 [main] INFO  com.alibaba.nacos.client.naming - initializer namespace from ans.namespace attribute : null
2024-10-24 23:27:33.534 [main] INFO  com.alibaba.nacos.client.naming - initializer namespace from ALIBABA_ALIWARE_NAMESPACE attribute :null
2024-10-24 23:27:33.535 [main] INFO  com.alibaba.nacos.client.naming - initializer namespace from namespace attribute :null
2024-10-24 23:27:33.552 [main] INFO  c.a.n.p.auth.spi.client.ClientAuthPluginManager - [ClientAuthPluginManager] Load ClientAuthService com.alibaba.nacos.client.auth.impl.NacosClientAuthServiceImpl success.
2024-10-24 23:27:33.552 [main] INFO  c.a.n.p.auth.spi.client.ClientAuthPluginManager - [ClientAuthPluginManager] Load ClientAuthService com.alibaba.nacos.client.auth.ram.RamClientAuthServiceImpl success.
2024-10-24 23:27:33.558 [main] INFO  com.alibaba.nacos.common.remote.client - [RpcClientFactory] create a new rpc client of c6691a84-ddd5-4dab-90e4-97d2c7110dc1
2024-10-24 23:27:33.563 [main] INFO  com.alibaba.nacos.common.remote.client - [c6691a84-ddd5-4dab-90e4-97d2c7110dc1] RpcClient init, ServerListFactory = com.alibaba.nacos.client.naming.core.ServerListManager
2024-10-24 23:27:33.563 [main] INFO  com.alibaba.nacos.common.remote.client - [c6691a84-ddd5-4dab-90e4-97d2c7110dc1] Registry connection listener to current client:com.alibaba.nacos.client.naming.remote.gprc.redo.NamingGrpcRedoService
2024-10-24 23:27:33.564 [main] INFO  com.alibaba.nacos.common.remote.client - [c6691a84-ddd5-4dab-90e4-97d2c7110dc1] Register server push request handler:com.alibaba.nacos.client.naming.remote.gprc.NamingPushRequestHandler
2024-10-24 23:27:33.565 [main] INFO  com.alibaba.nacos.common.remote.client - [c6691a84-ddd5-4dab-90e4-97d2c7110dc1] Try to connect to server on start up, server: {serverIp = '192.168.247.138', server main port = 8848}
2024-10-24 23:27:33.565 [main] INFO  c.a.nacos.common.remote.client.grpc.GrpcClient - grpc client connection server:192.168.247.138 ip,serverPort:9848,grpcTslConfig:{"sslProvider":"OPENSSL","enableTls":false,"mutualAuthEnable":false,"trustAll":false}
2024-10-24 23:27:33.687 [main] INFO  com.alibaba.nacos.common.remote.client - [c6691a84-ddd5-4dab-90e4-97d2c7110dc1] Success to connect to server [192.168.247.138:8848] on start up, connectionId = 1729153371319_192.168.247.1_53586
2024-10-24 23:27:33.687 [main] INFO  com.alibaba.nacos.common.remote.client - [c6691a84-ddd5-4dab-90e4-97d2c7110dc1] Register server push request handler:com.alibaba.nacos.common.remote.client.RpcClient$ConnectResetRequestHandler
2024-10-24 23:27:33.687 [com.alibaba.nacos.client.remote.worker] INFO  com.alibaba.nacos.common.remote.client - [c6691a84-ddd5-4dab-90e4-97d2c7110dc1] Notify connected event to listeners.
2024-10-24 23:27:33.687 [main] INFO  com.alibaba.nacos.common.remote.client - [c6691a84-ddd5-4dab-90e4-97d2c7110dc1] Register server push request handler:com.alibaba.nacos.common.remote.client.RpcClient$$Lambda$595/0x000002363e4cf070
2024-10-24 23:27:33.687 [com.alibaba.nacos.client.remote.worker] INFO  com.alibaba.nacos.client.naming - Grpc connection connect
2024-10-24 23:27:33.689 [main] INFO  com.alibaba.nacos.client.naming - [REGISTER-SERVICE] xiaochengshu registering service xiaochengshu-auth with instance Instance{instanceId='null', ip='192.168.17.1', port=8080, weight=1.0, healthy=true, enabled=true, ephemeral=true, clusterName='DEFAULT', serviceName='null', metadata={IPv6=null, preserved.register.source=SPRING_CLOUD}}
2024-10-24 23:27:33.709 [main] INFO  c.a.cloud.nacos.registry.NacosServiceRegistry - nacos registry, DEFAULT_GROUP xiaochengshu-auth 192.168.17.1:8080 register finished
2024-10-24 23:27:34.026 [main] INFO  com.swc.orangebook.auth.OrangeBookAuthApplication - Started OrangeBookAuthApplication in 8.427 seconds (process running for 9.098)
2024-10-24 23:27:34.031 [main] INFO  com.alibaba.nacos.client.config.impl.CacheData - nacos.cache.data.init.snapshot = true 
2024-10-24 23:27:34.032 [main] INFO  com.alibaba.nacos.client.config.impl.ClientWorker - [fixed-xiaochengshu-192.168.247.138_8848] [subscribe] xiaochengshu-auth+DEFAULT_GROUP+xiaochengshu
2024-10-24 23:27:34.047 [main] INFO  com.alibaba.nacos.client.config.impl.CacheData - [fixed-xiaochengshu-192.168.247.138_8848] [add-listener] ok, tenant=xiaochengshu, dataId=xiaochengshu-auth, group=DEFAULT_GROUP, cnt=1
2024-10-24 23:27:34.047 [main] INFO  c.a.cloud.nacos.refresh.NacosContextRefresher - [Nacos Config] Listening config: dataId=xiaochengshu-auth, group=DEFAULT_GROUP
2024-10-24 23:27:34.048 [main] INFO  com.alibaba.nacos.client.config.impl.ClientWorker - [fixed-xiaochengshu-192.168.247.138_8848] [subscribe] xiaochengshu-auth.yaml+DEFAULT_GROUP+xiaochengshu
2024-10-24 23:27:34.048 [main] INFO  com.alibaba.nacos.client.config.impl.CacheData - [fixed-xiaochengshu-192.168.247.138_8848] [add-listener] ok, tenant=xiaochengshu, dataId=xiaochengshu-auth.yaml, group=DEFAULT_GROUP, cnt=1
2024-10-24 23:27:34.048 [main] INFO  c.a.cloud.nacos.refresh.NacosContextRefresher - [Nacos Config] Listening config: dataId=xiaochengshu-auth.yaml, group=DEFAULT_GROUP
2024-10-24 23:27:34.050 [main] INFO  com.alibaba.nacos.client.config.impl.ClientWorker - [fixed-xiaochengshu-192.168.247.138_8848] [subscribe] xiaochengshu-auth-dev.yaml+DEFAULT_GROUP+xiaochengshu
2024-10-24 23:27:34.050 [main] INFO  com.alibaba.nacos.client.config.impl.CacheData - [fixed-xiaochengshu-192.168.247.138_8848] [add-listener] ok, tenant=xiaochengshu, dataId=xiaochengshu-auth-dev.yaml, group=DEFAULT_GROUP, cnt=1
2024-10-24 23:27:34.050 [main] INFO  c.a.cloud.nacos.refresh.NacosContextRefresher - [Nacos Config] Listening config: dataId=xiaochengshu-auth-dev.yaml, group=DEFAULT_GROUP
2024-10-24 23:27:34.051 [main] INFO  com.swc.orangebook.auth.OrangeBookAuthApplication - auth run...
