2024-11-17 12:23:12.094 [main] WARN  com.alibaba.nacos.client.logging.NacosLogging - Load Logback Configuration of Nacos fail, message: Could not initialize Logback Nacos logging from classpath:nacos-logback.xml
2024-11-17 12:23:12.155 [main] WARN  com.alibaba.nacos.client.logging.NacosLogging - Load Logback Configuration of Nacos fail, message: Could not initialize Logback Nacos logging from classpath:nacos-logback.xml
2024-11-17 12:23:12.407 [main] WARN  com.alibaba.nacos.client.logging.NacosLogging - Load Logback Configuration of Nacos fail, message: Could not initialize Logback Nacos logging from classpath:nacos-logback.xml
2024-11-17 12:23:12.409 [main] INFO  com.alibaba.nacos.client.utils.ParamUtil - [settings] [req-serv] nacos-server port:8848
2024-11-17 12:23:12.410 [main] INFO  com.alibaba.nacos.client.utils.ParamUtil - [settings] [http-client] connect timeout:1000
2024-11-17 12:23:12.411 [main] INFO  com.alibaba.nacos.client.utils.ParamUtil - PER_TASK_CONFIG_SIZE: 3000.0
2024-11-17 12:23:12.476 [main] INFO  c.a.n.p.auth.spi.client.ClientAuthPluginManager - [ClientAuthPluginManager] Load ClientAuthService com.alibaba.nacos.client.auth.impl.NacosClientAuthServiceImpl success.
2024-11-17 12:23:12.476 [main] INFO  c.a.n.p.auth.spi.client.ClientAuthPluginManager - [ClientAuthPluginManager] Load ClientAuthService com.alibaba.nacos.client.auth.ram.RamClientAuthServiceImpl success.
2024-11-17 12:23:12.480 [main] INFO  c.a.n.client.auth.ram.identify.CredentialWatcher - null No credential found
2024-11-17 12:23:13.012 [main] WARN  com.alibaba.nacos.client.logging.NacosLogging - Load Logback Configuration of Nacos fail, message: Could not initialize Logback Nacos logging from classpath:nacos-logback.xml
2024-11-17 12:23:13.033 [main] INFO  c.a.n.client.config.impl.LocalConfigInfoProcessor - LOCAL_SNAPSHOT_PATH:C:\Users\Summer Snow\nacos\config
2024-11-17 12:23:13.042 [main] INFO  com.alibaba.nacos.common.remote.client - [RpcClientFactory] create a new rpc client of c10025c0-d016-459e-a7d6-e6a08cffadfc_config-0
2024-11-17 12:23:13.085 [main] INFO  com.alibaba.nacos.common.remote.client - [c10025c0-d016-459e-a7d6-e6a08cffadfc_config-0] Register server push request handler:com.alibaba.nacos.client.config.impl.ClientWorker$ConfigRpcTransportClient$$Lambda$586/0x0000023e4a372bd0
2024-11-17 12:23:13.085 [main] INFO  com.alibaba.nacos.common.remote.client - [c10025c0-d016-459e-a7d6-e6a08cffadfc_config-0] Register server push request handler:com.alibaba.nacos.client.config.impl.ClientWorker$ConfigRpcTransportClient$$Lambda$587/0x0000023e4a372ff0
2024-11-17 12:23:13.086 [main] INFO  com.alibaba.nacos.common.remote.client - [c10025c0-d016-459e-a7d6-e6a08cffadfc_config-0] Registry connection listener to current client:com.alibaba.nacos.client.config.impl.ClientWorker$ConfigRpcTransportClient$1
2024-11-17 12:23:13.087 [main] INFO  com.alibaba.nacos.common.remote.client - [c10025c0-d016-459e-a7d6-e6a08cffadfc_config-0] RpcClient init, ServerListFactory = com.alibaba.nacos.client.config.impl.ClientWorker$ConfigRpcTransportClient$2
2024-11-17 12:23:13.101 [main] INFO  com.alibaba.nacos.common.remote.client - [c10025c0-d016-459e-a7d6-e6a08cffadfc_config-0] Try to connect to server on start up, server: {serverIp = '192.168.247.138', server main port = 8848}
2024-11-17 12:23:13.143 [main] INFO  c.a.nacos.common.remote.client.grpc.GrpcClient - grpc client connection server:192.168.247.138 ip,serverPort:9848,grpcTslConfig:{"sslProvider":"OPENSSL","enableTls":false,"mutualAuthEnable":false,"trustAll":false}
2024-11-17 12:23:15.002 [main] INFO  com.alibaba.nacos.common.remote.client - [c10025c0-d016-459e-a7d6-e6a08cffadfc_config-0] Success to connect to server [192.168.247.138:8848] on start up, connectionId = 1731817395259_192.168.247.1_65079
2024-11-17 12:23:15.003 [com.alibaba.nacos.client.remote.worker] INFO  com.alibaba.nacos.common.remote.client - [c10025c0-d016-459e-a7d6-e6a08cffadfc_config-0] Notify connected event to listeners.
2024-11-17 12:23:15.004 [com.alibaba.nacos.client.remote.worker] INFO  com.alibaba.nacos.client.config.impl.ClientWorker - [c10025c0-d016-459e-a7d6-e6a08cffadfc_config-0] Connected,notify listen context...
2024-11-17 12:23:15.004 [main] INFO  com.alibaba.nacos.common.remote.client - [c10025c0-d016-459e-a7d6-e6a08cffadfc_config-0] Register server push request handler:com.alibaba.nacos.common.remote.client.RpcClient$ConnectResetRequestHandler
2024-11-17 12:23:15.005 [main] INFO  com.alibaba.nacos.common.remote.client - [c10025c0-d016-459e-a7d6-e6a08cffadfc_config-0] Register server push request handler:com.alibaba.nacos.common.remote.client.RpcClient$$Lambda$607/0x0000023e4a4daee0
2024-11-17 12:23:15.108 [main] INFO  com.alibaba.nacos.client.config.impl.Limiter - limitTime:5.0
2024-11-17 12:23:15.182 [main] WARN  c.a.cloud.nacos.client.NacosPropertySourceBuilder - Ignore the empty nacos configuration and get it based on dataId[xiaochengshu-auth] & group[DEFAULT_GROUP]
2024-11-17 12:23:15.210 [main] WARN  c.a.cloud.nacos.client.NacosPropertySourceBuilder - Ignore the empty nacos configuration and get it based on dataId[xiaochengshu-auth.yaml] & group[DEFAULT_GROUP]
2024-11-17 12:23:15.270 [main] INFO  com.alibaba.nacos.client.config.utils.JvmUtil - isMultiInstance:false
2024-11-17 12:23:15.277 [main] INFO  o.s.c.b.c.PropertySourceBootstrapConfiguration - Located property source: [BootstrapPropertySource {name='bootstrapProperties-xiaochengshu-auth-dev.yaml,DEFAULT_GROUP'}, BootstrapPropertySource {name='bootstrapProperties-xiaochengshu-auth.yaml,DEFAULT_GROUP'}, BootstrapPropertySource {name='bootstrapProperties-xiaochengshu-auth,DEFAULT_GROUP'}]
2024-11-17 12:23:15.285 [main] WARN  com.alibaba.nacos.client.logging.NacosLogging - Load Logback Configuration of Nacos fail, message: Could not initialize Logback Nacos logging from classpath:nacos-logback.xml
2024-11-17 12:23:15.286 [main] INFO  com.swc.orangebook.auth.OrangeBookAuthApplication - The following 1 profile is active: "dev"
2024-11-17 12:23:16.125 [main] INFO  o.s.d.r.config.RepositoryConfigurationDelegate - Multiple Spring Data modules found, entering strict repository configuration mode
2024-11-17 12:23:16.131 [main] INFO  o.s.d.r.config.RepositoryConfigurationDelegate - Bootstrapping Spring Data Redis repositories in DEFAULT mode.
2024-11-17 12:23:16.169 [main] INFO  o.s.d.r.config.RepositoryConfigurationDelegate - Finished Spring Data repository scanning in 13 ms. Found 0 Redis repository interfaces.
2024-11-17 12:23:16.381 [main] INFO  o.springframework.cloud.context.scope.GenericScope - BeanFactory id=c6dfc5b1-ba01-309f-ba23-d2b9d4e4c799
2024-11-17 12:23:16.400 [main] INFO  o.s.c.s.PostProcessorRegistrationDelegate$BeanPostProcessorChecker - Bean 'com.swc.orangeBook.user.api.UserFeignApi' of type [org.springframework.cloud.openfeign.FeignClientFactoryBean] is not eligible for getting processed by all BeanPostProcessors (for example: not eligible for auto-proxying)
2024-11-17 12:23:16.961 [main] INFO  o.s.boot.web.embedded.tomcat.TomcatWebServer - Tomcat initialized with port(s): 8080 (http)
2024-11-17 12:23:16.976 [main] INFO  org.apache.catalina.core.StandardService - Starting service [Tomcat]
2024-11-17 12:23:16.977 [main] INFO  org.apache.catalina.core.StandardEngine - Starting Servlet engine: [Apache Tomcat/10.1.5]
2024-11-17 12:23:17.116 [main] INFO  o.a.c.core.ContainerBase.[Tomcat].[localhost].[/] - Initializing Spring embedded WebApplicationContext
2024-11-17 12:23:17.117 [main] INFO  o.s.b.w.s.c.ServletWebServerApplicationContext - Root WebApplicationContext: initialization completed in 1814 ms
2024-11-17 12:23:18.083 [main] INFO  o.s.cloud.openfeign.FeignClientFactoryBean - For 'xiaochengshu-user' URL not provided. Will try picking an instance via load-balancing.
2024-11-17 12:23:19.997 [main] WARN  o.s.c.l.c.LoadBalancerCacheAutoConfiguration$LoadBalancerCaffeineWarnLogger - Spring Cloud LoadBalancer is currently working with the default cache. While this cache implementation is useful for development and tests, it's recommended to use Caffeine cache in production.You can switch to using Caffeine cache, by adding it and org.springframework.cache.caffeine.CaffeineCacheManager to the classpath.
2024-11-17 12:23:20.106 [main] INFO  o.s.boot.web.embedded.tomcat.TomcatWebServer - Tomcat started on port(s): 8080 (http) with context path ''
2024-11-17 12:23:20.115 [main] INFO  com.alibaba.nacos.client.naming - initializer namespace from ans.namespace attribute : null
2024-11-17 12:23:20.116 [main] INFO  com.alibaba.nacos.client.naming - initializer namespace from ALIBABA_ALIWARE_NAMESPACE attribute :null
2024-11-17 12:23:20.117 [main] INFO  com.alibaba.nacos.client.naming - initializer namespace from namespace attribute :null
2024-11-17 12:23:20.139 [main] INFO  c.a.n.p.auth.spi.client.ClientAuthPluginManager - [ClientAuthPluginManager] Load ClientAuthService com.alibaba.nacos.client.auth.impl.NacosClientAuthServiceImpl success.
2024-11-17 12:23:20.140 [main] INFO  c.a.n.p.auth.spi.client.ClientAuthPluginManager - [ClientAuthPluginManager] Load ClientAuthService com.alibaba.nacos.client.auth.ram.RamClientAuthServiceImpl success.
2024-11-17 12:23:20.163 [main] INFO  com.alibaba.nacos.common.remote.client - [RpcClientFactory] create a new rpc client of dac0d76b-e41f-44bf-9b3f-d07a3c26bab6
2024-11-17 12:23:20.169 [main] INFO  com.alibaba.nacos.common.remote.client - [dac0d76b-e41f-44bf-9b3f-d07a3c26bab6] RpcClient init, ServerListFactory = com.alibaba.nacos.client.naming.core.ServerListManager
2024-11-17 12:23:20.169 [main] INFO  com.alibaba.nacos.common.remote.client - [dac0d76b-e41f-44bf-9b3f-d07a3c26bab6] Registry connection listener to current client:com.alibaba.nacos.client.naming.remote.gprc.redo.NamingGrpcRedoService
2024-11-17 12:23:20.170 [main] INFO  com.alibaba.nacos.common.remote.client - [dac0d76b-e41f-44bf-9b3f-d07a3c26bab6] Register server push request handler:com.alibaba.nacos.client.naming.remote.gprc.NamingPushRequestHandler
2024-11-17 12:23:20.171 [main] INFO  com.alibaba.nacos.common.remote.client - [dac0d76b-e41f-44bf-9b3f-d07a3c26bab6] Try to connect to server on start up, server: {serverIp = '192.168.247.138', server main port = 8848}
2024-11-17 12:23:20.172 [main] INFO  c.a.nacos.common.remote.client.grpc.GrpcClient - grpc client connection server:192.168.247.138 ip,serverPort:9848,grpcTslConfig:{"sslProvider":"OPENSSL","enableTls":false,"mutualAuthEnable":false,"trustAll":false}
2024-11-17 12:23:20.321 [main] INFO  com.alibaba.nacos.common.remote.client - [dac0d76b-e41f-44bf-9b3f-d07a3c26bab6] Success to connect to server [192.168.247.138:8848] on start up, connectionId = 1731817400729_192.168.247.1_65105
2024-11-17 12:23:20.321 [main] INFO  com.alibaba.nacos.common.remote.client - [dac0d76b-e41f-44bf-9b3f-d07a3c26bab6] Register server push request handler:com.alibaba.nacos.common.remote.client.RpcClient$ConnectResetRequestHandler
2024-11-17 12:23:20.321 [com.alibaba.nacos.client.remote.worker] INFO  com.alibaba.nacos.common.remote.client - [dac0d76b-e41f-44bf-9b3f-d07a3c26bab6] Notify connected event to listeners.
2024-11-17 12:23:20.321 [main] INFO  com.alibaba.nacos.common.remote.client - [dac0d76b-e41f-44bf-9b3f-d07a3c26bab6] Register server push request handler:com.alibaba.nacos.common.remote.client.RpcClient$$Lambda$607/0x0000023e4a4daee0
2024-11-17 12:23:20.322 [com.alibaba.nacos.client.remote.worker] INFO  com.alibaba.nacos.client.naming - Grpc connection connect
2024-11-17 12:23:20.323 [main] INFO  com.alibaba.nacos.client.naming - [REGISTER-SERVICE] xiaochengshu registering service xiaochengshu-auth with instance Instance{instanceId='null', ip='192.168.17.1', port=8080, weight=1.0, healthy=true, enabled=true, ephemeral=true, clusterName='DEFAULT', serviceName='null', metadata={IPv6=null, preserved.register.source=SPRING_CLOUD}}
2024-11-17 12:23:20.343 [main] INFO  c.a.cloud.nacos.registry.NacosServiceRegistry - nacos registry, DEFAULT_GROUP xiaochengshu-auth 192.168.17.1:8080 register finished
2024-11-17 12:23:20.752 [main] INFO  com.swc.orangebook.auth.OrangeBookAuthApplication - Started OrangeBookAuthApplication in 9.602 seconds (process running for 10.353)
2024-11-17 12:23:20.759 [main] INFO  com.alibaba.nacos.client.config.impl.CacheData - nacos.cache.data.init.snapshot = true 
2024-11-17 12:23:20.761 [main] INFO  com.alibaba.nacos.client.config.impl.ClientWorker - [fixed-xiaochengshu-192.168.247.138_8848] [subscribe] xiaochengshu-auth+DEFAULT_GROUP+xiaochengshu
2024-11-17 12:23:20.780 [main] INFO  com.alibaba.nacos.client.config.impl.CacheData - [fixed-xiaochengshu-192.168.247.138_8848] [add-listener] ok, tenant=xiaochengshu, dataId=xiaochengshu-auth, group=DEFAULT_GROUP, cnt=1
2024-11-17 12:23:20.782 [main] INFO  c.a.cloud.nacos.refresh.NacosContextRefresher - [Nacos Config] Listening config: dataId=xiaochengshu-auth, group=DEFAULT_GROUP
2024-11-17 12:23:20.783 [main] INFO  com.alibaba.nacos.client.config.impl.ClientWorker - [fixed-xiaochengshu-192.168.247.138_8848] [subscribe] xiaochengshu-auth.yaml+DEFAULT_GROUP+xiaochengshu
2024-11-17 12:23:20.783 [main] INFO  com.alibaba.nacos.client.config.impl.CacheData - [fixed-xiaochengshu-192.168.247.138_8848] [add-listener] ok, tenant=xiaochengshu, dataId=xiaochengshu-auth.yaml, group=DEFAULT_GROUP, cnt=1
2024-11-17 12:23:20.783 [main] INFO  c.a.cloud.nacos.refresh.NacosContextRefresher - [Nacos Config] Listening config: dataId=xiaochengshu-auth.yaml, group=DEFAULT_GROUP
2024-11-17 12:23:20.786 [main] INFO  com.alibaba.nacos.client.config.impl.ClientWorker - [fixed-xiaochengshu-192.168.247.138_8848] [subscribe] xiaochengshu-auth-dev.yaml+DEFAULT_GROUP+xiaochengshu
2024-11-17 12:23:20.786 [main] INFO  com.alibaba.nacos.client.config.impl.CacheData - [fixed-xiaochengshu-192.168.247.138_8848] [add-listener] ok, tenant=xiaochengshu, dataId=xiaochengshu-auth-dev.yaml, group=DEFAULT_GROUP, cnt=1
2024-11-17 12:23:20.787 [main] INFO  c.a.cloud.nacos.refresh.NacosContextRefresher - [Nacos Config] Listening config: dataId=xiaochengshu-auth-dev.yaml, group=DEFAULT_GROUP
2024-11-17 12:23:20.788 [main] INFO  com.swc.orangebook.auth.OrangeBookAuthApplication - auth run...
2024-11-17 13:33:02.651 [http-nio-8080-exec-1] INFO  o.a.c.core.ContainerBase.[Tomcat].[localhost].[/] - Initializing Spring DispatcherServlet 'dispatcherServlet'
2024-11-17 13:33:02.652 [http-nio-8080-exec-1] INFO  org.springframework.web.servlet.DispatcherServlet - Initializing Servlet 'dispatcherServlet'
2024-11-17 13:33:02.654 [http-nio-8080-exec-1] INFO  org.springframework.web.servlet.DispatcherServlet - Completed initialization in 1 ms
2024-11-17 13:33:02.660 [http-nio-8080-exec-1] INFO  c.s.f.b.context.filter.HeaderUserId2ContextFilter - ## HeaderUserId2ContextFilter, 用户 ID: null
2024-11-17 13:33:02.789 [http-nio-8080-exec-1] INFO  c.s.f.b.operationlog.aspect.ApiOperationLogAspect - ====== 请求开始: [发送短信验证码], 入参: {"phone":"15372072222"}, 请求类: com.swc.orangebook.auth.controller.VerificationCodeController, 请求方法: send =================================== 
2024-11-17 13:33:03.276 [http-nio-8080-exec-1] INFO  c.s.o.a.service.impl.VerificationCodeServiceImpl - ==> 手机号: 15372072222, 已发送验证码：【957524】
2024-11-17 13:33:03.277 [AuthExecutor-1] INFO  com.swc.orangebook.auth.sms.AliyunSmsHelper - ==> 开始短信发送, phone: 15372072222, signName: 阿里云短信测试, templateCode: SMS_154950909, templateParam: {"code":"957524"}
2024-11-17 13:33:03.284 [http-nio-8080-exec-1] INFO  c.s.f.b.operationlog.aspect.ApiOperationLogAspect - ====== 请求结束: [发送短信验证码], 耗时: 495ms, 出参: {"success":true,"message":null,"errorCode":null,"data":null} =================================== 
2024-11-17 13:33:04.038 [AuthExecutor-1] INFO  com.swc.orangebook.auth.sms.AliyunSmsHelper - ==> 短信发送成功, response: {"headers":{"access-control-allow-origin":"*","date":"Sun, 17 Nov 2024 05:33:04 GMT","content-length":"148","keep-alive":"timeout=25","x-acs-request-id":"2CC9D634-B1A1-586A-9625-32BF512730AD","connection":"keep-alive","content-type":"application/json;charset=utf-8","etag":"19Zp7gRGcWxHc5H3iFjg+SA6","access-control-expose-headers":"*","x-acs-trace-id":"e095a8ca0f2045d2ab887d30043c8d91"},"statusCode":200,"body":{"bizId":null,"code":"isv.SMS_TEST_NUMBER_LIMIT","message":"只能向已回复授权信息的手机号发送","requestId":"2CC9D634-B1A1-586A-9625-32BF512730AD"}}
2024-11-17 13:33:21.176 [http-nio-8080-exec-2] INFO  c.s.f.b.context.filter.HeaderUserId2ContextFilter - ## HeaderUserId2ContextFilter, 用户 ID: null
2024-11-17 13:33:21.183 [http-nio-8080-exec-2] INFO  c.s.f.b.operationlog.aspect.ApiOperationLogAspect - ====== 请求开始: [用户登录/注册], 入参: {"phone":"15372072222","code":"957524","password":null,"type":1}, 请求类: com.swc.orangebook.auth.controller.AuthController, 请求方法: loginAndRegister =================================== 
2024-11-17 13:33:21.268 [http-nio-8080-exec-2] INFO  com.alibaba.nacos.client.naming - [SUBSCRIBE-SERVICE] service:xiaochengshu-user, group:DEFAULT_GROUP, clusters: 
2024-11-17 13:33:21.280 [http-nio-8080-exec-2] INFO  com.alibaba.nacos.client.naming - init new ips(1) service: DEFAULT_GROUP@@xiaochengshu-user -> [{"ip":"192.168.17.1","port":8082,"weight":1.0,"healthy":true,"enabled":true,"ephemeral":true,"clusterName":"DEFAULT","serviceName":"DEFAULT_GROUP@@xiaochengshu-user","metadata":{"preserved.register.source":"SPRING_CLOUD"},"instanceHeartBeatInterval":5000,"instanceHeartBeatTimeOut":15000,"ipDeleteTimeout":30000}]
2024-11-17 13:33:21.281 [http-nio-8080-exec-2] INFO  com.alibaba.nacos.client.naming - current ips:(1) service: DEFAULT_GROUP@@xiaochengshu-user -> [{"ip":"192.168.17.1","port":8082,"weight":1.0,"healthy":true,"enabled":true,"ephemeral":true,"clusterName":"DEFAULT","serviceName":"DEFAULT_GROUP@@xiaochengshu-user","metadata":{"preserved.register.source":"SPRING_CLOUD"},"instanceHeartBeatInterval":5000,"instanceHeartBeatTimeOut":15000,"ipDeleteTimeout":30000}]
2024-11-17 13:33:21.883 [nacos-grpc-client-executor-192.168.247.138-873] INFO  com.alibaba.nacos.common.remote.client - [dac0d76b-e41f-44bf-9b3f-d07a3c26bab6] Receive server push request, request = NotifySubscriberRequest, requestId = 2485
2024-11-17 13:33:21.883 [nacos-grpc-client-executor-192.168.247.138-873] INFO  com.alibaba.nacos.common.remote.client - [dac0d76b-e41f-44bf-9b3f-d07a3c26bab6] Ack server push request, request = NotifySubscriberRequest, requestId = 2485
2024-11-17 13:33:21.961 [http-nio-8080-exec-2] INFO  c.s.f.b.operationlog.aspect.ApiOperationLogAspect - ====== 请求结束: [用户登录/注册], 耗时: 778ms, 出参: {"success":true,"message":null,"errorCode":null,"data":"oMDYqOvOPnR9GBeuYkUacAJbkjZfBNwXLZDr9f4gu9xSwA7CuNZsDUFTXK7Dn4T6QPHnUd5dJfaC1MfUlXSXazq4oneSeSlnD9bBd5KKAVzePX4wZdMl2zb9nQIwLxWq"} =================================== 
2024-11-17 13:33:41.563 [http-nio-8080-exec-3] INFO  c.s.f.b.context.filter.HeaderUserId2ContextFilter - ## HeaderUserId2ContextFilter, 用户 ID: null
2024-11-17 13:33:41.564 [http-nio-8080-exec-3] INFO  c.s.f.b.operationlog.aspect.ApiOperationLogAspect - ====== 请求开始: [发送短信验证码], 入参: {"phone":"15372072813"}, 请求类: com.swc.orangebook.auth.controller.VerificationCodeController, 请求方法: send =================================== 
2024-11-17 13:33:41.566 [http-nio-8080-exec-3] INFO  c.s.o.a.service.impl.VerificationCodeServiceImpl - ==> 手机号: 15372072813, 已发送验证码：【608216】
2024-11-17 13:33:41.566 [AuthExecutor-2] INFO  com.swc.orangebook.auth.sms.AliyunSmsHelper - ==> 开始短信发送, phone: 15372072813, signName: 阿里云短信测试, templateCode: SMS_154950909, templateParam: {"code":"608216"}
2024-11-17 13:33:41.568 [http-nio-8080-exec-3] INFO  c.s.f.b.operationlog.aspect.ApiOperationLogAspect - ====== 请求结束: [发送短信验证码], 耗时: 4ms, 出参: {"success":true,"message":null,"errorCode":null,"data":null} =================================== 
2024-11-17 13:33:42.121 [AuthExecutor-2] INFO  com.swc.orangebook.auth.sms.AliyunSmsHelper - ==> 短信发送成功, response: {"headers":{"access-control-allow-origin":"*","date":"Sun, 17 Nov 2024 05:33:42 GMT","content-length":"110","keep-alive":"timeout=25","x-acs-request-id":"4170BF3D-2FDA-5E90-AF0F-4F058FDF5A48","connection":"keep-alive","content-type":"application/json;charset=utf-8","etag":"15LJpiB5m3rALI/p5Sz9plA0","access-control-expose-headers":"*","x-acs-trace-id":"59ca346b6817e9ec79471563d188ac50"},"statusCode":200,"body":{"bizId":"286023831821622316^0","code":"OK","message":"OK","requestId":"4170BF3D-2FDA-5E90-AF0F-4F058FDF5A48"}}
2024-11-17 13:34:03.758 [http-nio-8080-exec-4] INFO  c.s.f.b.context.filter.HeaderUserId2ContextFilter - ## HeaderUserId2ContextFilter, 用户 ID: null
2024-11-17 13:34:03.761 [http-nio-8080-exec-4] INFO  c.s.f.b.operationlog.aspect.ApiOperationLogAspect - ====== 请求开始: [用户登录/注册], 入参: {"phone":"15372072813","code":"608216","password":null,"type":1}, 请求类: com.swc.orangebook.auth.controller.AuthController, 请求方法: loginAndRegister =================================== 
2024-11-17 13:34:03.797 [http-nio-8080-exec-4] INFO  c.s.f.b.operationlog.aspect.ApiOperationLogAspect - ====== 请求结束: [用户登录/注册], 耗时: 36ms, 出参: {"success":true,"message":null,"errorCode":null,"data":"7lGgZit7BpUycFGWYiMbG2tEjlY2YGDZkOgB0l5y27fVqUXAXv1pkJiQsFAoPr8wZd6kPpYzvhT2dGRzzFLEVAFih8lbbF9QT5l8pPGBpBBNMnxLAOR46PfJfiYPxLw7"} =================================== 
2024-11-17 13:34:32.260 [http-nio-8080-exec-7] INFO  c.s.f.b.context.filter.HeaderUserId2ContextFilter - ## HeaderUserId2ContextFilter, 用户 ID: null
2024-11-17 13:34:32.261 [http-nio-8080-exec-7] INFO  c.s.f.b.operationlog.aspect.ApiOperationLogAspect - ====== 请求开始: [发送短信验证码], 入参: {"phone":"15372071111"}, 请求类: com.swc.orangebook.auth.controller.VerificationCodeController, 请求方法: send =================================== 
2024-11-17 13:34:32.263 [http-nio-8080-exec-7] INFO  c.s.o.a.service.impl.VerificationCodeServiceImpl - ==> 手机号: 15372071111, 已发送验证码：【963693】
2024-11-17 13:34:32.263 [AuthExecutor-3] INFO  com.swc.orangebook.auth.sms.AliyunSmsHelper - ==> 开始短信发送, phone: 15372071111, signName: 阿里云短信测试, templateCode: SMS_154950909, templateParam: {"code":"963693"}
2024-11-17 13:34:32.264 [http-nio-8080-exec-7] INFO  c.s.f.b.operationlog.aspect.ApiOperationLogAspect - ====== 请求结束: [发送短信验证码], 耗时: 3ms, 出参: {"success":true,"message":null,"errorCode":null,"data":null} =================================== 
2024-11-17 13:34:32.574 [AuthExecutor-3] INFO  com.swc.orangebook.auth.sms.AliyunSmsHelper - ==> 短信发送成功, response: {"headers":{"access-control-allow-origin":"*","date":"Sun, 17 Nov 2024 05:34:33 GMT","content-length":"148","keep-alive":"timeout=25","x-acs-request-id":"C7E43BD8-F8CB-56C7-B6D4-2A51CC0F4B57","connection":"keep-alive","content-type":"application/json;charset=utf-8","etag":"1YYox6QR5LTN7grOuxPJwVg6","access-control-expose-headers":"*","x-acs-trace-id":"78daa498b5cf7d13fe51760c5f00a7d4"},"statusCode":200,"body":{"bizId":null,"code":"isv.SMS_TEST_NUMBER_LIMIT","message":"只能向已回复授权信息的手机号发送","requestId":"C7E43BD8-F8CB-56C7-B6D4-2A51CC0F4B57"}}
2024-11-17 13:34:58.187 [http-nio-8080-exec-9] INFO  c.s.f.b.context.filter.HeaderUserId2ContextFilter - ## HeaderUserId2ContextFilter, 用户 ID: null
2024-11-17 13:34:58.188 [http-nio-8080-exec-9] INFO  c.s.f.b.operationlog.aspect.ApiOperationLogAspect - ====== 请求开始: [用户登录/注册], 入参: {"phone":"15372071111","code":"963693","password":null,"type":1}, 请求类: com.swc.orangebook.auth.controller.AuthController, 请求方法: loginAndRegister =================================== 
2024-11-17 13:34:58.217 [http-nio-8080-exec-9] INFO  c.s.f.b.operationlog.aspect.ApiOperationLogAspect - ====== 请求结束: [用户登录/注册], 耗时: 29ms, 出参: {"success":true,"message":null,"errorCode":null,"data":"JrvlqAYcgoKKcUCvBI8YYHpFb3PknjVxQLwhZxNFtPn2umsky4BOjbiVGwULc1YVhtZJYNQgBqYTSDTLVjrtv2dv7VN27oXo1zQYNKNTagyoAeSfaVFYEs8ac1iLiR0D"} =================================== 
2024-11-17 14:35:34.426 [nacos-grpc-client-executor-192.168.247.138-1640] INFO  com.alibaba.nacos.common.remote.client - [dac0d76b-e41f-44bf-9b3f-d07a3c26bab6] Receive server push request, request = NotifySubscriberRequest, requestId = 2491
2024-11-17 14:35:34.427 [nacos-grpc-client-executor-192.168.247.138-1640] INFO  com.alibaba.nacos.common.remote.client - [dac0d76b-e41f-44bf-9b3f-d07a3c26bab6] Ack server push request, request = NotifySubscriberRequest, requestId = 2491
2024-11-17 18:04:31.649 [Thread-1] WARN  c.alibaba.nacos.common.http.HttpClientBeanHolder - [HttpClientBeanHolder] Start destroying common HttpClient
2024-11-17 18:04:31.650 [Thread-7] WARN  com.alibaba.nacos.common.notify.NotifyCenter - [NotifyCenter] Start destroying Publisher
2024-11-17 18:04:31.654 [Thread-7] WARN  com.alibaba.nacos.common.notify.NotifyCenter - [NotifyCenter] Destruction of the end
2024-11-17 18:04:31.661 [Thread-1] WARN  c.alibaba.nacos.common.http.HttpClientBeanHolder - [HttpClientBeanHolder] Destruction of the end
2024-11-17 18:04:31.857 [SpringApplicationShutdownHook] INFO  c.a.cloud.nacos.registry.NacosServiceRegistry - De-registering from Nacos Server now...
2024-11-17 18:04:31.858 [SpringApplicationShutdownHook] INFO  com.alibaba.nacos.client.naming - [DEREGISTER-SERVICE] xiaochengshu deregistering service xiaochengshu-auth with instance: Instance{instanceId='null', ip='192.168.17.1', port=8080, weight=1.0, healthy=true, enabled=true, ephemeral=true, clusterName='DEFAULT', serviceName='null', metadata={}}
2024-11-17 18:04:31.869 [SpringApplicationShutdownHook] INFO  c.a.cloud.nacos.registry.NacosServiceRegistry - De-registration finished.
2024-11-17 18:04:31.871 [SpringApplicationShutdownHook] INFO  com.alibaba.nacos.client.naming - com.alibaba.nacos.client.naming.cache.ServiceInfoHolder do shutdown begin
2024-11-17 18:04:31.871 [SpringApplicationShutdownHook] INFO  com.alibaba.nacos.client.naming - com.alibaba.nacos.client.naming.backups.FailoverReactor do shutdown begin
2024-11-17 18:04:31.872 [SpringApplicationShutdownHook] INFO  com.alibaba.nacos.client.naming - com.alibaba.nacos.client.naming.backups.FailoverReactor do shutdown stop
2024-11-17 18:04:31.872 [SpringApplicationShutdownHook] INFO  com.alibaba.nacos.client.naming - com.alibaba.nacos.client.naming.cache.ServiceInfoHolder do shutdown stop
2024-11-17 18:04:31.872 [SpringApplicationShutdownHook] INFO  com.alibaba.nacos.client.naming - com.alibaba.nacos.client.naming.remote.NamingClientProxyDelegate do shutdown begin
2024-11-17 18:04:31.872 [SpringApplicationShutdownHook] INFO  com.alibaba.nacos.client.naming - com.alibaba.nacos.client.naming.core.ServiceInfoUpdateService do shutdown begin
2024-11-17 18:04:31.872 [SpringApplicationShutdownHook] INFO  com.alibaba.nacos.client.naming - com.alibaba.nacos.client.naming.core.ServiceInfoUpdateService do shutdown stop
2024-11-17 18:04:31.872 [SpringApplicationShutdownHook] INFO  com.alibaba.nacos.client.naming - com.alibaba.nacos.client.naming.core.ServerListManager do shutdown begin
2024-11-17 18:04:31.872 [SpringApplicationShutdownHook] WARN  com.alibaba.nacos.client.naming - [NamingHttpClientManager] Start destroying NacosRestTemplate
2024-11-17 18:04:31.873 [SpringApplicationShutdownHook] WARN  com.alibaba.nacos.client.naming - [NamingHttpClientManager] Destruction of the end
2024-11-17 18:04:31.873 [SpringApplicationShutdownHook] INFO  com.alibaba.nacos.client.naming - com.alibaba.nacos.client.naming.core.ServerListManager do shutdown stop
2024-11-17 18:04:31.873 [SpringApplicationShutdownHook] INFO  com.alibaba.nacos.client.naming - com.alibaba.nacos.client.naming.remote.http.NamingHttpClientProxy do shutdown begin
2024-11-17 18:04:31.873 [SpringApplicationShutdownHook] WARN  com.alibaba.nacos.client.naming - [NamingHttpClientManager] Start destroying NacosRestTemplate
2024-11-17 18:04:31.873 [SpringApplicationShutdownHook] WARN  com.alibaba.nacos.client.naming - [NamingHttpClientManager] Destruction of the end
2024-11-17 18:04:31.874 [SpringApplicationShutdownHook] INFO  com.alibaba.nacos.client.naming - com.alibaba.nacos.client.naming.remote.http.NamingHttpClientProxy do shutdown stop
2024-11-17 18:04:31.874 [SpringApplicationShutdownHook] INFO  com.alibaba.nacos.common.remote.client - Shutdown rpc client, set status to shutdown
2024-11-17 18:04:31.874 [SpringApplicationShutdownHook] INFO  com.alibaba.nacos.common.remote.client - Shutdown client event executor java.util.concurrent.ScheduledThreadPoolExecutor@7f9fed43[Running, pool size = 2, active threads = 2, queued tasks = 0, completed tasks = 0]
2024-11-17 18:04:31.874 [SpringApplicationShutdownHook] INFO  com.alibaba.nacos.common.remote.client - Close current connection 1731817400729_192.168.247.1_65105
2024-11-17 18:04:31.877 [nacos-grpc-client-executor-192.168.247.138-4168] INFO  c.a.nacos.common.remote.client.grpc.GrpcClient - [1731817400729_192.168.247.1_65105]Ignore complete event,isRunning:false,isAbandon=false
2024-11-17 18:04:31.888 [SpringApplicationShutdownHook] INFO  c.a.nacos.common.remote.client.grpc.GrpcClient - Shutdown grpc executor java.util.concurrent.ThreadPoolExecutor@6e839c9[Running, pool size = 4, active threads = 0, queued tasks = 0, completed tasks = 4169]
2024-11-17 18:04:31.889 [SpringApplicationShutdownHook] INFO  com.alibaba.nacos.client.naming - Shutdown grpc redo service executor java.util.concurrent.ScheduledThreadPoolExecutor@46f2be92[Running, pool size = 1, active threads = 0, queued tasks = 1, completed tasks = 6821]
2024-11-17 18:04:31.889 [SpringApplicationShutdownHook] INFO  c.a.n.client.auth.ram.identify.CredentialWatcher - [null] CredentialWatcher is stopped
2024-11-17 18:04:31.890 [SpringApplicationShutdownHook] INFO  c.a.n.client.auth.ram.identify.CredentialService - [null] CredentialService is freed
2024-11-17 18:04:31.890 [SpringApplicationShutdownHook] INFO  com.alibaba.nacos.client.naming - com.alibaba.nacos.client.naming.remote.NamingClientProxyDelegate do shutdown stop
