2024-11-18 23:27:13.605 [main] WARN  com.alibaba.nacos.client.logging.NacosLogging - Load Logback Configuration of Nacos fail, message: Could not initialize Logback Nacos logging from classpath:nacos-logback.xml
2024-11-18 23:27:13.680 [main] WARN  com.alibaba.nacos.client.logging.NacosLogging - Load Logback Configuration of Nacos fail, message: Could not initialize Logback Nacos logging from classpath:nacos-logback.xml
2024-11-18 23:27:14.336 [main] WARN  com.alibaba.nacos.client.logging.NacosLogging - Load Logback Configuration of Nacos fail, message: Could not initialize Logback Nacos logging from classpath:nacos-logback.xml
2024-11-18 23:27:14.351 [main] WARN  com.alibaba.nacos.client.logging.NacosLogging - Load Logback Configuration of Nacos fail, message: Could not initialize Logback Nacos logging from classpath:nacos-logback.xml
2024-11-18 23:27:14.352 [main] INFO  c.s.o.d.i.g.b.orangeBookDistributedGeneratorBizApplication - The following 1 profile is active: "dev"
2024-11-18 23:27:14.919 [main] INFO  o.springframework.cloud.context.scope.GenericScope - BeanFactory id=cb3fd89b-f957-38fe-9f48-361384b94510
2024-11-18 23:27:15.205 [main] INFO  o.s.boot.web.embedded.tomcat.TomcatWebServer - Tomcat initialized with port(s): 8085 (http)
2024-11-18 23:27:15.218 [main] INFO  org.apache.catalina.core.StandardService - Starting service [Tomcat]
2024-11-18 23:27:15.218 [main] INFO  org.apache.catalina.core.StandardEngine - Starting Servlet engine: [Apache Tomcat/10.1.5]
2024-11-18 23:27:15.345 [main] INFO  o.a.c.core.ContainerBase.[Tomcat].[localhost].[/] - Initializing Spring embedded WebApplicationContext
2024-11-18 23:27:15.346 [main] INFO  o.s.b.w.s.c.ServletWebServerApplicationContext - Root WebApplicationContext: initialization completed in 980 ms
2024-11-18 23:27:15.553 [main] INFO  c.s.o.d.i.g.biz.core.segment.SegmentIDGenImpl - Init ...
2024-11-18 23:27:15.553 [main] INFO  c.s.o.d.i.g.biz.core.segment.SegmentIDGenImpl - update cache from db
2024-11-18 23:27:15.792 [main] INFO  c.s.o.d.i.g.biz.core.segment.SegmentIDGenImpl - Add tag leaf-segment-test from db to IdCache, SegmentBuffer SegmentBuffer{key='leaf-segment-test', segments=[Segment(value:0,max:0,step:0), Segment(value:0,max:0,step:0)], currentPos=0, nextReady=false, initOk=false, threadRunning=false, step=0, minStep=0, updateTimestamp=0}
2024-11-18 23:27:15.794 [main] INFO  c.s.o.d.i.g.biz.core.segment.SegmentIDGenImpl - Add tag leaf-segment-xiaochengshu-id from db to IdCache, SegmentBuffer SegmentBuffer{key='leaf-segment-xiaochengshu-id', segments=[Segment(value:0,max:0,step:0), Segment(value:0,max:0,step:0)], currentPos=0, nextReady=false, initOk=false, threadRunning=false, step=0, minStep=0, updateTimestamp=0}
2024-11-18 23:27:15.794 [main] INFO  c.s.o.d.i.g.biz.core.segment.SegmentIDGenImpl - Add tag leaf-segment-user-id from db to IdCache, SegmentBuffer SegmentBuffer{key='leaf-segment-user-id', segments=[Segment(value:0,max:0,step:0), Segment(value:0,max:0,step:0)], currentPos=0, nextReady=false, initOk=false, threadRunning=false, step=0, minStep=0, updateTimestamp=0}
2024-11-18 23:27:15.794 [main] INFO  org.perf4j.TimingLogger - start[1731943635554] time[239] tag[updateCacheFromDb]
2024-11-18 23:27:15.796 [main] INFO  c.s.o.d.id.generator.biz.service.SegmentService - Segment Service Init Successfully
2024-11-18 23:27:15.826 [main] INFO  c.s.o.d.i.g.biz.core.snowflake.SnowflakeIDGenImpl - twepoch:1288834974657 ,ip:192.168.17.1 ,zkAddress:192.168.247.138:2181 port:2222
2024-11-18 23:27:15.919 [main] WARN  org.apache.curator.CuratorZookeeperClient - session timeout [6000] is less than connection timeout [10000]
2024-11-18 23:27:15.942 [main] INFO  o.a.curator.framework.imps.CuratorFrameworkImpl - Starting
2024-11-18 23:27:15.956 [main] INFO  org.apache.zookeeper.ZooKeeper - Client environment:zookeeper.version=3.6.0--b4c89dc7f6083829e18fae6e446907ae0b1f22d7, built on 02/25/2020 14:38 GMT
2024-11-18 23:27:15.956 [main] INFO  org.apache.zookeeper.ZooKeeper - Client environment:host.name=192.168.247.1
2024-11-18 23:27:15.956 [main] INFO  org.apache.zookeeper.ZooKeeper - Client environment:java.version=17.0.10
2024-11-18 23:27:15.956 [main] INFO  org.apache.zookeeper.ZooKeeper - Client environment:java.vendor=Oracle Corporation
2024-11-18 23:27:15.956 [main] INFO  org.apache.zookeeper.ZooKeeper - Client environment:java.home=E:\Develop\Developer Kits\Java\jdk-17
2024-11-18 23:27:15.957 [main] INFO  org.apache.zookeeper.ZooKeeper - Client environment:java.class.path=E:\Code\Projects\orangeBook\orangeBook-distributed-id-generator\orangeBook-distributed-id-generator-biz\target\classes;E:\Code\Projects\orangeBook\orange-framework\orange-common\target\classes;E:\Develop\apache-maven-3.9.6\mvn_repo\org\projectlombok\lombok\1.18.30\lombok-1.18.30.jar;E:\Develop\apache-maven-3.9.6\mvn_repo\com\fasterxml\jackson\core\jackson-databind\2.16.1\jackson-databind-2.16.1.jar;E:\Develop\apache-maven-3.9.6\mvn_repo\com\fasterxml\jackson\core\jackson-annotations\2.14.1\jackson-annotations-2.14.1.jar;E:\Develop\apache-maven-3.9.6\mvn_repo\com\fasterxml\jackson\core\jackson-core\2.16.1\jackson-core-2.16.1.jar;E:\Develop\apache-maven-3.9.6\mvn_repo\com\fasterxml\jackson\datatype\jackson-datatype-jsr310\2.14.1\jackson-datatype-jsr310-2.14.1.jar;E:\Develop\apache-maven-3.9.6\mvn_repo\org\springframework\boot\spring-boot-starter-aop\3.0.2\spring-boot-starter-aop-3.0.2.jar;E:\Develop\apache-maven-3.9.6\mvn_repo\org\springframework\spring-aop\6.0.4\spring-aop-6.0.4.jar;E:\Develop\apache-maven-3.9.6\mvn_repo\org\aspectj\aspectjweaver\1.9.19\aspectjweaver-1.9.19.jar;E:\Develop\apache-maven-3.9.6\mvn_repo\jakarta\validation\jakarta.validation-api\3.0.2\jakarta.validation-api-3.0.2.jar;E:\Develop\apache-maven-3.9.6\mvn_repo\org\hibernate\validator\hibernate-validator\8.0.0.Final\hibernate-validator-8.0.0.Final.jar;E:\Develop\apache-maven-3.9.6\mvn_repo\org\jboss\logging\jboss-logging\3.5.0.Final\jboss-logging-3.5.0.Final.jar;E:\Develop\apache-maven-3.9.6\mvn_repo\com\fasterxml\classmate\1.5.1\classmate-1.5.1.jar;E:\Develop\apache-maven-3.9.6\mvn_repo\com\google\guava\guava\33.0.0-jre\guava-33.0.0-jre.jar;E:\Develop\apache-maven-3.9.6\mvn_repo\com\google\guava\failureaccess\1.0.2\failureaccess-1.0.2.jar;E:\Develop\apache-maven-3.9.6\mvn_repo\com\google\guava\listenablefuture\9999.0-empty-to-avoid-conflict-with-guava\listenablefuture-9999.0-empty-to-avoid-conflict-with-guava.jar;E:\Develop\apache-maven-3.9.6\mvn_repo\com\google\code\findbugs\jsr305\3.0.2\jsr305-3.0.2.jar;E:\Develop\apache-maven-3.9.6\mvn_repo\org\checkerframework\checker-qual\3.41.0\checker-qual-3.41.0.jar;E:\Develop\apache-maven-3.9.6\mvn_repo\com\google\errorprone\error_prone_annotations\2.23.0\error_prone_annotations-2.23.0.jar;E:\Develop\apache-maven-3.9.6\mvn_repo\com\google\j2objc\j2objc-annotations\2.8\j2objc-annotations-2.8.jar;E:\Develop\apache-maven-3.9.6\mvn_repo\cn\hutool\hutool-all\5.8.26\hutool-all-5.8.26.jar;E:\Develop\apache-maven-3.9.6\mvn_repo\org\apache\commons\commons-lang3\3.12.0\commons-lang3-3.12.0.jar;E:\Develop\apache-maven-3.9.6\mvn_repo\org\springframework\boot\spring-boot-starter-web\3.0.2\spring-boot-starter-web-3.0.2.jar;E:\Develop\apache-maven-3.9.6\mvn_repo\org\springframework\boot\spring-boot-starter\3.0.2\spring-boot-starter-3.0.2.jar;E:\Develop\apache-maven-3.9.6\mvn_repo\org\springframework\boot\spring-boot\3.0.2\spring-boot-3.0.2.jar;E:\Develop\apache-maven-3.9.6\mvn_repo\org\springframework\boot\spring-boot-autoconfigure\3.0.2\spring-boot-autoconfigure-3.0.2.jar;E:\Develop\apache-maven-3.9.6\mvn_repo\org\springframework\boot\spring-boot-starter-logging\3.0.2\spring-boot-starter-logging-3.0.2.jar;E:\Develop\apache-maven-3.9.6\mvn_repo\ch\qos\logback\logback-classic\1.4.5\logback-classic-1.4.5.jar;E:\Develop\apache-maven-3.9.6\mvn_repo\ch\qos\logback\logback-core\1.4.5\logback-core-1.4.5.jar;E:\Develop\apache-maven-3.9.6\mvn_repo\org\apache\logging\log4j\log4j-to-slf4j\2.19.0\log4j-to-slf4j-2.19.0.jar;E:\Develop\apache-maven-3.9.6\mvn_repo\org\apache\logging\log4j\log4j-api\2.19.0\log4j-api-2.19.0.jar;E:\Develop\apache-maven-3.9.6\mvn_repo\org\slf4j\jul-to-slf4j\2.0.6\jul-to-slf4j-2.0.6.jar;E:\Develop\apache-maven-3.9.6\mvn_repo\jakarta\annotation\jakarta.annotation-api\2.1.1\jakarta.annotation-api-2.1.1.jar;E:\Develop\apache-maven-3.9.6\mvn_repo\org\yaml\snakeyaml\1.33\snakeyaml-1.33.jar;E:\Develop\apache-maven-3.9.6\mvn_repo\org\springframework\boot\spring-boot-starter-json\3.0.2\spring-boot-starter-json-3.0.2.jar;E:\Develop\apache-maven-3.9.6\mvn_repo\com\fasterxml\jackson\datatype\jackson-datatype-jdk8\2.14.1\jackson-datatype-jdk8-2.14.1.jar;E:\Develop\apache-maven-3.9.6\mvn_repo\com\fasterxml\jackson\module\jackson-module-parameter-names\2.14.1\jackson-module-parameter-names-2.14.1.jar;E:\Develop\apache-maven-3.9.6\mvn_repo\org\springframework\boot\spring-boot-starter-tomcat\3.0.2\spring-boot-starter-tomcat-3.0.2.jar;E:\Develop\apache-maven-3.9.6\mvn_repo\org\apache\tomcat\embed\tomcat-embed-core\10.1.5\tomcat-embed-core-10.1.5.jar;E:\Develop\apache-maven-3.9.6\mvn_repo\org\apache\tomcat\embed\tomcat-embed-el\10.1.5\tomcat-embed-el-10.1.5.jar;E:\Develop\apache-maven-3.9.6\mvn_repo\org\apache\tomcat\embed\tomcat-embed-websocket\10.1.5\tomcat-embed-websocket-10.1.5.jar;E:\Develop\apache-maven-3.9.6\mvn_repo\org\springframework\spring-web\6.0.4\spring-web-6.0.4.jar;E:\Develop\apache-maven-3.9.6\mvn_repo\org\springframework\spring-beans\6.0.4\spring-beans-6.0.4.jar;E:\Develop\apache-maven-3.9.6\mvn_repo\io\micrometer\micrometer-observation\1.10.3\micrometer-observation-1.10.3.jar;E:\Develop\apache-maven-3.9.6\mvn_repo\io\micrometer\micrometer-commons\1.10.3\micrometer-commons-1.10.3.jar;E:\Develop\apache-maven-3.9.6\mvn_repo\org\springframework\spring-webmvc\6.0.4\spring-webmvc-6.0.4.jar;E:\Develop\apache-maven-3.9.6\mvn_repo\org\springframework\spring-context\6.0.4\spring-context-6.0.4.jar;E:\Develop\apache-maven-3.9.6\mvn_repo\org\springframework\spring-expression\6.0.4\spring-expression-6.0.4.jar;E:\Develop\apache-maven-3.9.6\mvn_repo\org\springframework\spring-core\6.0.4\spring-core-6.0.4.jar;E:\Develop\apache-maven-3.9.6\mvn_repo\org\springframework\spring-jcl\6.0.4\spring-jcl-6.0.4.jar;E:\Develop\apache-maven-3.9.6\mvn_repo\org\springframework\cloud\spring-cloud-starter-bootstrap\4.0.0\spring-cloud-starter-bootstrap-4.0.0.jar;E:\Develop\apache-maven-3.9.6\mvn_repo\org\springframework\cloud\spring-cloud-starter\4.0.0\spring-cloud-starter-4.0.0.jar;E:\Develop\apache-maven-3.9.6\mvn_repo\org\springframework\security\spring-security-rsa\1.0.11.RELEASE\spring-security-rsa-1.0.11.RELEASE.jar;E:\Develop\apache-maven-3.9.6\mvn_repo\org\bouncycastle\bcpkix-jdk15on\1.69\bcpkix-jdk15on-1.69.jar;E:\Develop\apache-maven-3.9.6\mvn_repo\org\bouncycastle\bcprov-jdk15on\1.69\bcprov-jdk15on-1.69.jar;E:\Develop\apache-maven-3.9.6\mvn_repo\org\bouncycastle\bcutil-jdk15on\1.69\bcutil-jdk15on-1.69.jar;E:\Develop\apache-maven-3.9.6\mvn_repo\com\alibaba\cloud\spring-cloud-starter-alibaba-nacos-discovery\2022.0.0.0\spring-cloud-starter-alibaba-nacos-discovery-2022.0.0.0.jar;E:\Develop\apache-maven-3.9.6\mvn_repo\com\alibaba\cloud\spring-cloud-alibaba-commons\2022.0.0.0\spring-cloud-alibaba-commons-2022.0.0.0.jar;E:\Develop\apache-maven-3.9.6\mvn_repo\com\alibaba\nacos\nacos-client\2.2.1\nacos-client-2.2.1.jar;E:\Develop\apache-maven-3.9.6\mvn_repo\com\alibaba\nacos\nacos-auth-plugin\2.2.1\nacos-auth-plugin-2.2.1.jar;E:\Develop\apache-maven-3.9.6\mvn_repo\com\alibaba\nacos\nacos-encryption-plugin\2.2.1\nacos-encryption-plugin-2.2.1.jar;E:\Develop\apache-maven-3.9.6\mvn_repo\commons-codec\commons-codec\1.15\commons-codec-1.15.jar;E:\Develop\apache-maven-3.9.6\mvn_repo\org\apache\httpcomponents\httpasyncclient\4.1.5\httpasyncclient-4.1.5.jar;E:\Develop\apache-maven-3.9.6\mvn_repo\org\apache\httpcomponents\httpcore\4.4.16\httpcore-4.4.16.jar;E:\Develop\apache-maven-3.9.6\mvn_repo\org\apache\httpcomponents\httpcore-nio\4.4.16\httpcore-nio-4.4.16.jar;E:\Develop\apache-maven-3.9.6\mvn_repo\org\apache\httpcomponents\httpclient\4.5.14\httpclient-4.5.14.jar;E:\Develop\apache-maven-3.9.6\mvn_repo\io\prometheus\simpleclient\0.16.0\simpleclient-0.16.0.jar;E:\Develop\apache-maven-3.9.6\mvn_repo\io\prometheus\simpleclient_tracer_otel\0.16.0\simpleclient_tracer_otel-0.16.0.jar;E:\Develop\apache-maven-3.9.6\mvn_repo\io\prometheus\simpleclient_tracer_common\0.16.0\simpleclient_tracer_common-0.16.0.jar;E:\Develop\apache-maven-3.9.6\mvn_repo\io\prometheus\simpleclient_tracer_otel_agent\0.16.0\simpleclient_tracer_otel_agent-0.16.0.jar;E:\Develop\apache-maven-3.9.6\mvn_repo\com\alibaba\spring\spring-context-support\1.0.11\spring-context-support-1.0.11.jar;E:\Develop\apache-maven-3.9.6\mvn_repo\org\springframework\cloud\spring-cloud-commons\4.0.0\spring-cloud-commons-4.0.0.jar;E:\Develop\apache-maven-3.9.6\mvn_repo\org\springframework\security\spring-security-crypto\6.0.1\spring-security-crypto-6.0.1.jar;E:\Develop\apache-maven-3.9.6\mvn_repo\org\springframework\cloud\spring-cloud-context\4.0.0\spring-cloud-context-4.0.0.jar;E:\Develop\apache-maven-3.9.6\mvn_repo\commons-io\commons-io\2.4\commons-io-2.4.jar;E:\Develop\apache-maven-3.9.6\mvn_repo\org\perf4j\perf4j\0.9.16\perf4j-0.9.16.jar;E:\Develop\apache-maven-3.9.6\mvn_repo\mysql\mysql-connector-java\8.0.29\mysql-connector-java-8.0.29.jar;E:\Develop\apache-maven-3.9.6\mvn_repo\com\google\protobuf\protobuf-java\3.19.4\protobuf-java-3.19.4.jar;E:\Develop\apache-maven-3.9.6\mvn_repo\com\alibaba\druid\1.0.18\druid-1.0.18.jar;E:\Develop\apache-maven-3.9.6\mvn_repo\org\mybatis\mybatis\3.3.0\mybatis-3.3.0.jar;E:\Develop\apache-maven-3.9.6\mvn_repo\org\apache\curator\curator-recipes\2.6.0\curator-recipes-2.6.0.jar;E:\Develop\apache-maven-3.9.6\mvn_repo\org\apache\curator\curator-framework\5.1.0\curator-framework-5.1.0.jar;E:\Develop\apache-maven-3.9.6\mvn_repo\org\apache\curator\curator-client\5.1.0\curator-client-5.1.0.jar;E:\Develop\apache-maven-3.9.6\mvn_repo\org\apache\zookeeper\zookeeper\3.6.0\zookeeper-3.6.0.jar;E:\Develop\apache-maven-3.9.6\mvn_repo\commons-lang\commons-lang\2.6\commons-lang-2.6.jar;E:\Develop\apache-maven-3.9.6\mvn_repo\org\apache\zookeeper\zookeeper-jute\3.6.0\zookeeper-jute-3.6.0.jar;E:\Develop\apache-maven-3.9.6\mvn_repo\org\apache\yetus\audience-annotations\0.5.0\audience-annotations-0.5.0.jar;E:\Develop\apache-maven-3.9.6\mvn_repo\io\netty\netty-handler\4.1.87.Final\netty-handler-4.1.87.Final.jar;E:\Develop\apache-maven-3.9.6\mvn_repo\io\netty\netty-common\4.1.87.Final\netty-common-4.1.87.Final.jar;E:\Develop\apache-maven-3.9.6\mvn_repo\io\netty\netty-resolver\4.1.87.Final\netty-resolver-4.1.87.Final.jar;E:\Develop\apache-maven-3.9.6\mvn_repo\io\netty\netty-buffer\4.1.87.Final\netty-buffer-4.1.87.Final.jar;E:\Develop\apache-maven-3.9.6\mvn_repo\io\netty\netty-transport\4.1.87.Final\netty-transport-4.1.87.Final.jar;E:\Develop\apache-maven-3.9.6\mvn_repo\io\netty\netty-transport-native-unix-common\4.1.87.Final\netty-transport-native-unix-common-4.1.87.Final.jar;E:\Develop\apache-maven-3.9.6\mvn_repo\io\netty\netty-codec\4.1.87.Final\netty-codec-4.1.87.Final.jar;E:\Develop\apache-maven-3.9.6\mvn_repo\io\netty\netty-transport-native-epoll\4.1.87.Final\netty-transport-native-epoll-4.1.87.Final.jar;E:\Develop\apache-maven-3.9.6\mvn_repo\io\netty\netty-transport-classes-epoll\4.1.87.Final\netty-transport-classes-epoll-4.1.87.Final.jar;E:\Develop\apache-maven-3.9.6\mvn_repo\org\slf4j\slf4j-api\2.0.6\slf4j-api-2.0.6.jar;E:\Develop\apache-maven-3.9.6\mvn_repo\org\slf4j\slf4j-reload4j\2.0.6\slf4j-reload4j-2.0.6.jar;E:\Develop\apache-maven-3.9.6\mvn_repo\log4j\log4j\1.2.17\log4j-1.2.17.jar
2024-11-18 23:27:15.957 [main] INFO  org.apache.zookeeper.ZooKeeper - Client environment:java.library.path=E:\Develop\Developer Kits\Java\jdk-17\bin;C:\Windows\Sun\Java\bin;C:\Windows\system32;C:\Windows;E:\hadoop-3.3.5\hadoop-3.3.5\bin;E:\Develop\Developer Kits\Java\jdk-1.8\bin;E:\VMware\VMware Workstation\bin\;C:\Program Files (x86)\Common Files\Intel\Shared Libraries\redist\intel64\compiler;E:\Develop\Developer Kits\Python\Python310\Scripts\;E:\Develop\Developer Kits\Python\Python310\;C:\Program Files\Common Files\Oracle\Java\javapath;C:\Program Files (x86)\Common Files\Oracle\Java\java8path;C:\Program Files (x86)\Common Files\Oracle\Java\javapath;C:\Windows\system32;C:\Windows;C:\Windows\System32\Wbem;C:\Windows\System32\WindowsPowerShell\v1.0\;C:\Windows\System32\OpenSSH\;C:\Program Files (x86)\NVIDIA Corporation\PhysX\Common;C:\Program Files\NVIDIA Corporation\NVIDIA NvDLISR;C:\Windows\system32;C:\Windows;C:\Windows\System32\Wbem;C:\Windows\System32\WindowsPowerShell\v1.0\;C:\Windows\System32\OpenSSH\;E:\Anaconda3;E:\Anaconda3\Scripts;E:\Anaconda3\Library\mingw-w64\bin;E:\Anaconda3\Library\bin;E:\Develop\apache-maven-3.9.6\bin;C:\Program Files\dotnet\;E:\Windows Kits\10\Windows Performance Toolkit\;E:\mysql-8.3.0-winx64\bin;E:\Develop\nodejs\;E:\Tencent\微信web开发者工具\dll;E:\ffm;eg\ffmpeg-2023-04-17-git-65e537b833-full_build\bin;E:\mongodb-windows-x86_64-7.0.12\bin;E:\Git\cmd;E:\Redis\;E:\Develop\Developer Kits\Java\jdk-1.8\bin;C:\Users\Summer Snow\AppData\Local\Microsoft\WindowsApps;E:\Develop\Developer Tools\Microsoft\VS Code\bin;C:\Users\Summer Snow\.dotnet\tools;C:\Users\Summer Snow\AppData\Roaming\npm;E:\Develop\Developer Tools\JetBrains\IntelliJ IDEA 2021.3\bin;;E:\mongodb-windows-x86_64-7.0.12\bin;;.
2024-11-18 23:27:15.957 [main] INFO  org.apache.zookeeper.ZooKeeper - Client environment:java.io.tmpdir=C:\Users\SUMMER~1\AppData\Local\Temp\
2024-11-18 23:27:15.957 [main] INFO  org.apache.zookeeper.ZooKeeper - Client environment:java.compiler=<NA>
2024-11-18 23:27:15.957 [main] INFO  org.apache.zookeeper.ZooKeeper - Client environment:os.name=Windows 11
2024-11-18 23:27:15.958 [main] INFO  org.apache.zookeeper.ZooKeeper - Client environment:os.arch=amd64
2024-11-18 23:27:15.958 [main] INFO  org.apache.zookeeper.ZooKeeper - Client environment:os.version=10.0
2024-11-18 23:27:15.958 [main] INFO  org.apache.zookeeper.ZooKeeper - Client environment:user.name=Summer Snow
2024-11-18 23:27:15.958 [main] INFO  org.apache.zookeeper.ZooKeeper - Client environment:user.home=C:\Users\Summer Snow
2024-11-18 23:27:15.958 [main] INFO  org.apache.zookeeper.ZooKeeper - Client environment:user.dir=E:\Code\Projects\orangeBook
2024-11-18 23:27:15.958 [main] INFO  org.apache.zookeeper.ZooKeeper - Client environment:os.memory.free=32MB
2024-11-18 23:27:15.958 [main] INFO  org.apache.zookeeper.ZooKeeper - Client environment:os.memory.max=4060MB
2024-11-18 23:27:15.958 [main] INFO  org.apache.zookeeper.ZooKeeper - Client environment:os.memory.total=60MB
2024-11-18 23:27:15.963 [main] INFO  org.apache.zookeeper.ZooKeeper - Initiating client connection, connectString=192.168.247.138:2181 sessionTimeout=6000 watcher=org.apache.curator.ConnectionState@55846997
2024-11-18 23:27:15.968 [main] INFO  org.apache.zookeeper.common.X509Util - Setting -D jdk.tls.rejectClientInitiatedRenegotiation=true to disable client-initiated TLS renegotiation
2024-11-18 23:27:15.987 [main] INFO  org.apache.zookeeper.ClientCnxnSocket - jute.maxbuffer value is 1048575 Bytes
2024-11-18 23:27:15.996 [main] INFO  org.apache.zookeeper.ClientCnxn - zookeeper.request.timeout value is 0. feature enabled=false
2024-11-18 23:27:16.007 [main] INFO  o.a.curator.framework.imps.CuratorFrameworkImpl - Default schema
2024-11-18 23:27:16.028 [main-SendThread(192.168.247.138:2181)] INFO  org.apache.zookeeper.ClientCnxn - Opening socket connection to server 192.168.247.138/192.168.247.138:2181.
2024-11-18 23:27:16.029 [main-SendThread(192.168.247.138:2181)] INFO  org.apache.zookeeper.ClientCnxn - SASL config status: Will not attempt to authenticate using SASL (unknown error)
2024-11-18 23:27:16.036 [main-SendThread(192.168.247.138:2181)] INFO  org.apache.zookeeper.ClientCnxn - Socket connection established, initiating session, client: /192.168.247.1:60313, server: 192.168.247.138/192.168.247.138:2181
2024-11-18 23:27:16.211 [main-SendThread(192.168.247.138:2181)] INFO  org.apache.zookeeper.ClientCnxn - Session establishment complete on server 192.168.247.138/192.168.247.138:2181, session id = 0x100006ae53f0006, negotiated timeout = 6000
2024-11-18 23:27:16.217 [main-EventThread] INFO  o.a.curator.framework.state.ConnectionStateManager - State change: CONNECTED
2024-11-18 23:27:16.244 [main-EventThread] INFO  org.apache.curator.framework.imps.EnsembleTracker - New config event received: {}
2024-11-18 23:27:16.245 [main-EventThread] INFO  org.apache.curator.framework.imps.EnsembleTracker - New config event received: {}
2024-11-18 23:27:16.332 [main] INFO  c.s.o.d.i.g.b.c.snowflake.SnowflakeZookeeperHolder - file exists status is true
2024-11-18 23:27:16.341 [main] INFO  c.s.o.d.i.g.b.c.snowflake.SnowflakeZookeeperHolder - update file cache workerID is 0
2024-11-18 23:27:16.342 [main] INFO  c.s.o.d.i.g.b.c.snowflake.SnowflakeZookeeperHolder - [Old NODE]find forever node have this endpoint ip-192.168.17.1 port-2222 workid-0 childnode and start SUCCESS
2024-11-18 23:27:16.342 [main] INFO  c.s.o.d.i.g.biz.core.snowflake.SnowflakeIDGenImpl - START SUCCESS USE ZK WORKERID-0
2024-11-18 23:27:16.342 [main] INFO  c.s.o.d.id.generator.biz.service.SnowflakeService - Snowflake Service Init Successfully
2024-11-18 23:27:17.581 [main] INFO  o.s.boot.web.embedded.tomcat.TomcatWebServer - Tomcat started on port(s): 8085 (http) with context path ''
2024-11-18 23:27:17.589 [main] WARN  com.alibaba.nacos.client.logging.NacosLogging - Load Logback Configuration of Nacos fail, message: Could not initialize Logback Nacos logging from classpath:nacos-logback.xml
2024-11-18 23:27:17.589 [main] INFO  com.alibaba.nacos.client.naming - initializer namespace from ans.namespace attribute : null
2024-11-18 23:27:17.590 [main] INFO  com.alibaba.nacos.client.naming - initializer namespace from ALIBABA_ALIWARE_NAMESPACE attribute :null
2024-11-18 23:27:17.590 [main] INFO  com.alibaba.nacos.client.naming - initializer namespace from namespace attribute :null
2024-11-18 23:27:17.617 [main] INFO  com.alibaba.nacos.client.utils.ParamUtil - [settings] [req-serv] nacos-server port:8848
2024-11-18 23:27:17.617 [main] INFO  com.alibaba.nacos.client.utils.ParamUtil - [settings] [http-client] connect timeout:1000
2024-11-18 23:27:17.618 [main] INFO  com.alibaba.nacos.client.utils.ParamUtil - PER_TASK_CONFIG_SIZE: 3000.0
2024-11-18 23:27:17.622 [main] INFO  c.a.n.p.auth.spi.client.ClientAuthPluginManager - [ClientAuthPluginManager] Load ClientAuthService com.alibaba.nacos.client.auth.impl.NacosClientAuthServiceImpl success.
2024-11-18 23:27:17.623 [main] INFO  c.a.n.p.auth.spi.client.ClientAuthPluginManager - [ClientAuthPluginManager] Load ClientAuthService com.alibaba.nacos.client.auth.ram.RamClientAuthServiceImpl success.
2024-11-18 23:27:17.627 [main] INFO  c.a.n.client.auth.ram.identify.CredentialWatcher - null No credential found
2024-11-18 23:27:17.637 [main] INFO  com.alibaba.nacos.common.remote.client - [RpcClientFactory] create a new rpc client of b593757e-1ef5-4424-8d7b-f82925bd6880
2024-11-18 23:27:17.660 [main] INFO  com.alibaba.nacos.common.remote.client - [b593757e-1ef5-4424-8d7b-f82925bd6880] RpcClient init, ServerListFactory = com.alibaba.nacos.client.naming.core.ServerListManager
2024-11-18 23:27:17.660 [main] INFO  com.alibaba.nacos.common.remote.client - [b593757e-1ef5-4424-8d7b-f82925bd6880] Registry connection listener to current client:com.alibaba.nacos.client.naming.remote.gprc.redo.NamingGrpcRedoService
2024-11-18 23:27:17.660 [main] INFO  com.alibaba.nacos.common.remote.client - [b593757e-1ef5-4424-8d7b-f82925bd6880] Register server push request handler:com.alibaba.nacos.client.naming.remote.gprc.NamingPushRequestHandler
2024-11-18 23:27:17.663 [main] INFO  com.alibaba.nacos.common.remote.client - [b593757e-1ef5-4424-8d7b-f82925bd6880] Try to connect to server on start up, server: {serverIp = '192.168.247.138', server main port = 8848}
2024-11-18 23:27:17.668 [main] INFO  c.a.nacos.common.remote.client.grpc.GrpcClient - grpc client connection server:192.168.247.138 ip,serverPort:9848,grpcTslConfig:{"sslProvider":"OPENSSL","enableTls":false,"mutualAuthEnable":false,"trustAll":false}
2024-11-18 23:27:18.951 [main] INFO  com.alibaba.nacos.common.remote.client - [b593757e-1ef5-4424-8d7b-f82925bd6880] Success to connect to server [192.168.247.138:8848] on start up, connectionId = 1731943639791_192.168.247.1_60320
2024-11-18 23:27:18.952 [com.alibaba.nacos.client.remote.worker] INFO  com.alibaba.nacos.common.remote.client - [b593757e-1ef5-4424-8d7b-f82925bd6880] Notify connected event to listeners.
2024-11-18 23:27:18.952 [com.alibaba.nacos.client.remote.worker] INFO  com.alibaba.nacos.client.naming - Grpc connection connect
2024-11-18 23:27:18.952 [main] INFO  com.alibaba.nacos.common.remote.client - [b593757e-1ef5-4424-8d7b-f82925bd6880] Register server push request handler:com.alibaba.nacos.common.remote.client.RpcClient$ConnectResetRequestHandler
2024-11-18 23:27:18.952 [main] INFO  com.alibaba.nacos.common.remote.client - [b593757e-1ef5-4424-8d7b-f82925bd6880] Register server push request handler:com.alibaba.nacos.common.remote.client.RpcClient$$Lambda$965/0x0000012641709680
2024-11-18 23:27:18.954 [main] INFO  com.alibaba.nacos.client.naming - [REGISTER-SERVICE] xiaochengshu registering service xiaochengshu-distributed-id-generator with instance Instance{instanceId='null', ip='192.168.17.1', port=8085, weight=1.0, healthy=true, enabled=true, ephemeral=true, clusterName='DEFAULT', serviceName='null', metadata={IPv6=null, preserved.register.source=SPRING_CLOUD}}
2024-11-18 23:27:18.983 [main] INFO  c.a.cloud.nacos.registry.NacosServiceRegistry - nacos registry, DEFAULT_GROUP xiaochengshu-distributed-id-generator 192.168.17.1:8085 register finished
2024-11-18 23:27:19.320 [main] INFO  c.s.o.d.i.g.b.orangeBookDistributedGeneratorBizApplication - Started orangeBookDistributedGeneratorBizApplication in 6.493 seconds (process running for 7.235)
2024-11-18 23:28:15.797 [check-idCache-thread] INFO  c.s.o.d.i.g.biz.core.segment.SegmentIDGenImpl - update cache from db
2024-11-18 23:28:15.804 [check-idCache-thread] INFO  org.perf4j.TimingLogger - start[1731943695797] time[7] tag[updateCacheFromDb]
2024-11-18 23:29:15.805 [check-idCache-thread] INFO  c.s.o.d.i.g.biz.core.segment.SegmentIDGenImpl - update cache from db
2024-11-18 23:29:15.810 [check-idCache-thread] INFO  org.perf4j.TimingLogger - start[1731943755805] time[4] tag[updateCacheFromDb]
2024-11-18 23:30:15.811 [check-idCache-thread] INFO  c.s.o.d.i.g.biz.core.segment.SegmentIDGenImpl - update cache from db
2024-11-18 23:30:15.816 [check-idCache-thread] INFO  org.perf4j.TimingLogger - start[1731943815811] time[4] tag[updateCacheFromDb]
2024-11-18 23:31:15.818 [check-idCache-thread] INFO  c.s.o.d.i.g.biz.core.segment.SegmentIDGenImpl - update cache from db
2024-11-18 23:31:15.824 [check-idCache-thread] INFO  org.perf4j.TimingLogger - start[1731943875818] time[5] tag[updateCacheFromDb]
2024-11-18 23:32:15.825 [check-idCache-thread] INFO  c.s.o.d.i.g.biz.core.segment.SegmentIDGenImpl - update cache from db
2024-11-18 23:32:15.830 [check-idCache-thread] INFO  org.perf4j.TimingLogger - start[1731943935825] time[4] tag[updateCacheFromDb]
2024-11-18 23:33:15.832 [check-idCache-thread] INFO  c.s.o.d.i.g.biz.core.segment.SegmentIDGenImpl - update cache from db
2024-11-18 23:33:15.836 [check-idCache-thread] INFO  org.perf4j.TimingLogger - start[1731943995832] time[4] tag[updateCacheFromDb]
2024-11-18 23:34:15.838 [check-idCache-thread] INFO  c.s.o.d.i.g.biz.core.segment.SegmentIDGenImpl - update cache from db
2024-11-18 23:34:15.846 [check-idCache-thread] INFO  org.perf4j.TimingLogger - start[1731944055839] time[7] tag[updateCacheFromDb]
2024-11-18 23:35:15.848 [check-idCache-thread] INFO  c.s.o.d.i.g.biz.core.segment.SegmentIDGenImpl - update cache from db
2024-11-18 23:35:15.852 [check-idCache-thread] INFO  org.perf4j.TimingLogger - start[1731944115848] time[4] tag[updateCacheFromDb]
2024-11-18 23:36:15.854 [check-idCache-thread] INFO  c.s.o.d.i.g.biz.core.segment.SegmentIDGenImpl - update cache from db
2024-11-18 23:36:15.859 [check-idCache-thread] INFO  org.perf4j.TimingLogger - start[1731944175854] time[4] tag[updateCacheFromDb]
2024-11-18 23:37:15.861 [check-idCache-thread] INFO  c.s.o.d.i.g.biz.core.segment.SegmentIDGenImpl - update cache from db
2024-11-18 23:37:15.865 [check-idCache-thread] INFO  org.perf4j.TimingLogger - start[1731944235861] time[3] tag[updateCacheFromDb]
2024-11-18 23:38:15.867 [check-idCache-thread] INFO  c.s.o.d.i.g.biz.core.segment.SegmentIDGenImpl - update cache from db
2024-11-18 23:38:15.872 [check-idCache-thread] INFO  org.perf4j.TimingLogger - start[1731944295867] time[4] tag[updateCacheFromDb]
2024-11-18 23:39:15.873 [check-idCache-thread] INFO  c.s.o.d.i.g.biz.core.segment.SegmentIDGenImpl - update cache from db
2024-11-18 23:39:15.876 [check-idCache-thread] INFO  org.perf4j.TimingLogger - start[1731944355873] time[3] tag[updateCacheFromDb]
2024-11-18 23:40:15.878 [check-idCache-thread] INFO  c.s.o.d.i.g.biz.core.segment.SegmentIDGenImpl - update cache from db
2024-11-18 23:40:15.883 [check-idCache-thread] INFO  org.perf4j.TimingLogger - start[1731944415879] time[4] tag[updateCacheFromDb]
2024-11-18 23:41:15.884 [check-idCache-thread] INFO  c.s.o.d.i.g.biz.core.segment.SegmentIDGenImpl - update cache from db
2024-11-18 23:41:15.889 [check-idCache-thread] INFO  org.perf4j.TimingLogger - start[1731944475884] time[4] tag[updateCacheFromDb]
2024-11-18 23:42:15.890 [check-idCache-thread] INFO  c.s.o.d.i.g.biz.core.segment.SegmentIDGenImpl - update cache from db
2024-11-18 23:42:15.895 [check-idCache-thread] INFO  org.perf4j.TimingLogger - start[1731944535890] time[5] tag[updateCacheFromDb]
2024-11-18 23:43:15.897 [check-idCache-thread] INFO  c.s.o.d.i.g.biz.core.segment.SegmentIDGenImpl - update cache from db
2024-11-18 23:43:15.899 [check-idCache-thread] INFO  org.perf4j.TimingLogger - start[1731944595897] time[2] tag[updateCacheFromDb]
2024-11-18 23:44:15.902 [check-idCache-thread] INFO  c.s.o.d.i.g.biz.core.segment.SegmentIDGenImpl - update cache from db
2024-11-18 23:44:15.906 [check-idCache-thread] INFO  org.perf4j.TimingLogger - start[1731944655902] time[3] tag[updateCacheFromDb]
2024-11-18 23:45:15.907 [check-idCache-thread] INFO  c.s.o.d.i.g.biz.core.segment.SegmentIDGenImpl - update cache from db
2024-11-18 23:45:15.911 [check-idCache-thread] INFO  org.perf4j.TimingLogger - start[1731944715907] time[4] tag[updateCacheFromDb]
2024-11-18 23:46:15.912 [check-idCache-thread] INFO  c.s.o.d.i.g.biz.core.segment.SegmentIDGenImpl - update cache from db
2024-11-18 23:46:15.915 [check-idCache-thread] INFO  org.perf4j.TimingLogger - start[1731944775912] time[3] tag[updateCacheFromDb]
2024-11-18 23:47:15.918 [check-idCache-thread] INFO  c.s.o.d.i.g.biz.core.segment.SegmentIDGenImpl - update cache from db
2024-11-18 23:47:15.921 [check-idCache-thread] INFO  org.perf4j.TimingLogger - start[1731944835918] time[3] tag[updateCacheFromDb]
2024-11-18 23:48:15.922 [check-idCache-thread] INFO  c.s.o.d.i.g.biz.core.segment.SegmentIDGenImpl - update cache from db
2024-11-18 23:48:15.925 [check-idCache-thread] INFO  org.perf4j.TimingLogger - start[1731944895922] time[3] tag[updateCacheFromDb]
2024-11-18 23:49:15.926 [check-idCache-thread] INFO  c.s.o.d.i.g.biz.core.segment.SegmentIDGenImpl - update cache from db
2024-11-18 23:49:15.930 [check-idCache-thread] INFO  org.perf4j.TimingLogger - start[1731944955926] time[3] tag[updateCacheFromDb]
2024-11-18 23:50:15.931 [check-idCache-thread] INFO  c.s.o.d.i.g.biz.core.segment.SegmentIDGenImpl - update cache from db
2024-11-18 23:50:15.934 [check-idCache-thread] INFO  org.perf4j.TimingLogger - start[1731945015931] time[3] tag[updateCacheFromDb]
2024-11-18 23:51:15.935 [check-idCache-thread] INFO  c.s.o.d.i.g.biz.core.segment.SegmentIDGenImpl - update cache from db
2024-11-18 23:51:15.939 [check-idCache-thread] INFO  org.perf4j.TimingLogger - start[1731945075935] time[3] tag[updateCacheFromDb]
2024-11-18 23:52:15.940 [check-idCache-thread] INFO  c.s.o.d.i.g.biz.core.segment.SegmentIDGenImpl - update cache from db
2024-11-18 23:52:15.943 [check-idCache-thread] INFO  org.perf4j.TimingLogger - start[1731945135940] time[2] tag[updateCacheFromDb]
2024-11-18 23:53:15.944 [check-idCache-thread] INFO  c.s.o.d.i.g.biz.core.segment.SegmentIDGenImpl - update cache from db
2024-11-18 23:53:15.947 [check-idCache-thread] INFO  org.perf4j.TimingLogger - start[1731945195944] time[2] tag[updateCacheFromDb]
2024-11-18 23:54:15.949 [check-idCache-thread] INFO  c.s.o.d.i.g.biz.core.segment.SegmentIDGenImpl - update cache from db
2024-11-18 23:54:15.952 [check-idCache-thread] INFO  org.perf4j.TimingLogger - start[1731945255949] time[3] tag[updateCacheFromDb]
2024-11-18 23:55:15.953 [check-idCache-thread] INFO  c.s.o.d.i.g.biz.core.segment.SegmentIDGenImpl - update cache from db
2024-11-18 23:55:15.957 [check-idCache-thread] INFO  org.perf4j.TimingLogger - start[1731945315953] time[3] tag[updateCacheFromDb]
2024-11-18 23:56:15.958 [check-idCache-thread] INFO  c.s.o.d.i.g.biz.core.segment.SegmentIDGenImpl - update cache from db
2024-11-18 23:56:15.961 [check-idCache-thread] INFO  org.perf4j.TimingLogger - start[1731945375958] time[3] tag[updateCacheFromDb]
2024-11-18 23:57:15.962 [check-idCache-thread] INFO  c.s.o.d.i.g.biz.core.segment.SegmentIDGenImpl - update cache from db
2024-11-18 23:57:15.965 [check-idCache-thread] INFO  org.perf4j.TimingLogger - start[1731945435962] time[3] tag[updateCacheFromDb]
2024-11-18 23:58:15.967 [check-idCache-thread] INFO  c.s.o.d.i.g.biz.core.segment.SegmentIDGenImpl - update cache from db
2024-11-18 23:58:15.971 [check-idCache-thread] INFO  org.perf4j.TimingLogger - start[1731945495967] time[3] tag[updateCacheFromDb]
2024-11-18 23:59:15.972 [check-idCache-thread] INFO  c.s.o.d.i.g.biz.core.segment.SegmentIDGenImpl - update cache from db
2024-11-18 23:59:15.976 [check-idCache-thread] INFO  org.perf4j.TimingLogger - start[1731945555972] time[3] tag[updateCacheFromDb]
