2024-11-18 23:27:37.775 [main] WARN  com.alibaba.nacos.client.logging.NacosLogging - Load Logback Configuration of Nacos fail, message: Could not initialize Logback Nacos logging from classpath:nacos-logback.xml
2024-11-18 23:27:37.853 [main] WARN  com.alibaba.nacos.client.logging.NacosLogging - Load Logback Configuration of Nacos fail, message: Could not initialize Logback Nacos logging from classpath:nacos-logback.xml
2024-11-18 23:27:38.676 [main] WARN  com.alibaba.nacos.client.logging.NacosLogging - Load Logback Configuration of Nacos fail, message: Could not initialize Logback Nacos logging from classpath:nacos-logback.xml
2024-11-18 23:27:38.695 [main] WARN  com.alibaba.nacos.client.logging.NacosLogging - Load Logback Configuration of Nacos fail, message: Could not initialize Logback Nacos logging from classpath:nacos-logback.xml
2024-11-18 23:27:38.697 [main] INFO  c.swc.orangeBook.kv.biz.OrangeBookKVBizApplication - The following 1 profile is active: "dev"
2024-11-18 23:27:39.341 [main] INFO  o.s.d.r.config.RepositoryConfigurationDelegate - Bootstrapping Spring Data Reactive Cassandra repositories in DEFAULT mode.
2024-11-18 23:27:39.552 [main] INFO  o.s.d.r.config.RepositoryConfigurationDelegate - Finished Spring Data repository scanning in 201 ms. Found 0 Reactive Cassandra repository interfaces.
2024-11-18 23:27:39.558 [main] INFO  o.s.d.r.config.RepositoryConfigurationDelegate - Bootstrapping Spring Data Cassandra repositories in DEFAULT mode.
2024-11-18 23:27:39.584 [main] INFO  o.s.d.r.config.RepositoryConfigurationDelegate - Finished Spring Data repository scanning in 25 ms. Found 1 Cassandra repository interfaces.
2024-11-18 23:27:39.815 [main] INFO  o.springframework.cloud.context.scope.GenericScope - BeanFactory id=7ccf0025-6f12-31ec-8de0-b6e8d0f99431
2024-11-18 23:27:40.226 [main] INFO  o.s.boot.web.embedded.tomcat.TomcatWebServer - Tomcat initialized with port(s): 8084 (http)
2024-11-18 23:27:40.236 [main] INFO  org.apache.catalina.core.StandardService - Starting service [Tomcat]
2024-11-18 23:27:40.236 [main] INFO  org.apache.catalina.core.StandardEngine - Starting Servlet engine: [Apache Tomcat/10.1.5]
2024-11-18 23:27:40.379 [main] INFO  o.a.c.core.ContainerBase.[Tomcat].[localhost].[/] - Initializing Spring embedded WebApplicationContext
2024-11-18 23:27:40.379 [main] INFO  o.s.b.w.s.c.ServletWebServerApplicationContext - Root WebApplicationContext: initialization completed in 1664 ms
2024-11-18 23:27:40.799 [main] INFO  c.d.o.driver.internal.core.DefaultMavenCoordinates - DataStax Java driver for Apache Cassandra(R) (com.datastax.oss:java-driver-core) version 4.15.0
2024-11-18 23:27:41.414 [s0-admin-0] INFO  com.datastax.oss.driver.internal.core.time.Clock - Using native clock for microsecond precision
2024-11-18 23:27:42.908 [s1-admin-0] INFO  com.datastax.oss.driver.internal.core.time.Clock - Using native clock for microsecond precision
2024-11-18 23:27:45.021 [main] WARN  o.s.c.l.c.LoadBalancerCacheAutoConfiguration$LoadBalancerCaffeineWarnLogger - Spring Cloud LoadBalancer is currently working with the default cache. While this cache implementation is useful for development and tests, it's recommended to use Caffeine cache in production.You can switch to using Caffeine cache, by adding it and org.springframework.cache.caffeine.CaffeineCacheManager to the classpath.
2024-11-18 23:27:45.103 [main] INFO  o.s.boot.web.embedded.tomcat.TomcatWebServer - Tomcat started on port(s): 8084 (http) with context path ''
2024-11-18 23:27:45.111 [main] WARN  com.alibaba.nacos.client.logging.NacosLogging - Load Logback Configuration of Nacos fail, message: Could not initialize Logback Nacos logging from classpath:nacos-logback.xml
2024-11-18 23:27:45.111 [main] INFO  com.alibaba.nacos.client.naming - initializer namespace from ans.namespace attribute : null
2024-11-18 23:27:45.112 [main] INFO  com.alibaba.nacos.client.naming - initializer namespace from ALIBABA_ALIWARE_NAMESPACE attribute :null
2024-11-18 23:27:45.113 [main] INFO  com.alibaba.nacos.client.naming - initializer namespace from namespace attribute :null
2024-11-18 23:27:45.140 [main] INFO  com.alibaba.nacos.client.utils.ParamUtil - [settings] [req-serv] nacos-server port:8848
2024-11-18 23:27:45.140 [main] INFO  com.alibaba.nacos.client.utils.ParamUtil - [settings] [http-client] connect timeout:1000
2024-11-18 23:27:45.141 [main] INFO  com.alibaba.nacos.client.utils.ParamUtil - PER_TASK_CONFIG_SIZE: 3000.0
2024-11-18 23:27:45.146 [main] INFO  c.a.n.p.auth.spi.client.ClientAuthPluginManager - [ClientAuthPluginManager] Load ClientAuthService com.alibaba.nacos.client.auth.impl.NacosClientAuthServiceImpl success.
2024-11-18 23:27:45.146 [main] INFO  c.a.n.p.auth.spi.client.ClientAuthPluginManager - [ClientAuthPluginManager] Load ClientAuthService com.alibaba.nacos.client.auth.ram.RamClientAuthServiceImpl success.
2024-11-18 23:27:45.150 [main] INFO  c.a.n.client.auth.ram.identify.CredentialWatcher - null No credential found
2024-11-18 23:27:45.163 [main] INFO  com.alibaba.nacos.common.remote.client - [RpcClientFactory] create a new rpc client of eef03646-0f2a-491d-850a-f8ca4a049d08
2024-11-18 23:27:45.187 [main] INFO  com.alibaba.nacos.common.remote.client - [eef03646-0f2a-491d-850a-f8ca4a049d08] RpcClient init, ServerListFactory = com.alibaba.nacos.client.naming.core.ServerListManager
2024-11-18 23:27:45.187 [main] INFO  com.alibaba.nacos.common.remote.client - [eef03646-0f2a-491d-850a-f8ca4a049d08] Registry connection listener to current client:com.alibaba.nacos.client.naming.remote.gprc.redo.NamingGrpcRedoService
2024-11-18 23:27:45.188 [main] INFO  com.alibaba.nacos.common.remote.client - [eef03646-0f2a-491d-850a-f8ca4a049d08] Register server push request handler:com.alibaba.nacos.client.naming.remote.gprc.NamingPushRequestHandler
2024-11-18 23:27:45.191 [main] INFO  com.alibaba.nacos.common.remote.client - [eef03646-0f2a-491d-850a-f8ca4a049d08] Try to connect to server on start up, server: {serverIp = '192.168.247.138', server main port = 8848}
2024-11-18 23:27:45.233 [main] INFO  c.a.nacos.common.remote.client.grpc.GrpcClient - grpc client connection server:192.168.247.138 ip,serverPort:9848,grpcTslConfig:{"sslProvider":"OPENSSL","enableTls":false,"mutualAuthEnable":false,"trustAll":false}
2024-11-18 23:27:46.589 [main] INFO  com.alibaba.nacos.common.remote.client - [eef03646-0f2a-491d-850a-f8ca4a049d08] Success to connect to server [192.168.247.138:8848] on start up, connectionId = 1731943667421_192.168.247.1_60496
2024-11-18 23:27:46.590 [com.alibaba.nacos.client.remote.worker] INFO  com.alibaba.nacos.common.remote.client - [eef03646-0f2a-491d-850a-f8ca4a049d08] Notify connected event to listeners.
2024-11-18 23:27:46.590 [main] INFO  com.alibaba.nacos.common.remote.client - [eef03646-0f2a-491d-850a-f8ca4a049d08] Register server push request handler:com.alibaba.nacos.common.remote.client.RpcClient$ConnectResetRequestHandler
2024-11-18 23:27:46.590 [com.alibaba.nacos.client.remote.worker] INFO  com.alibaba.nacos.client.naming - Grpc connection connect
2024-11-18 23:27:46.590 [main] INFO  com.alibaba.nacos.common.remote.client - [eef03646-0f2a-491d-850a-f8ca4a049d08] Register server push request handler:com.alibaba.nacos.common.remote.client.RpcClient$$Lambda$1505/0x00000256bd8da510
2024-11-18 23:27:46.592 [main] INFO  com.alibaba.nacos.client.naming - [REGISTER-SERVICE] xiaochengshu registering service xiaochengshu-kv with instance Instance{instanceId='null', ip='192.168.17.1', port=8084, weight=1.0, healthy=true, enabled=true, ephemeral=true, clusterName='DEFAULT', serviceName='null', metadata={IPv6=null, preserved.register.source=SPRING_CLOUD}}
2024-11-18 23:27:46.608 [main] INFO  c.a.cloud.nacos.registry.NacosServiceRegistry - nacos registry, DEFAULT_GROUP xiaochengshu-kv 192.168.17.1:8084 register finished
2024-11-18 23:27:46.898 [main] INFO  c.swc.orangeBook.kv.biz.OrangeBookKVBizApplication - Started OrangeBookKVBizApplication in 10.112 seconds (process running for 11.078)
