2024-11-17 12:23:31.438 [main] WARN  com.alibaba.nacos.client.logging.NacosLogging - Load Logback Configuration of Nacos fail, message: Could not initialize Logback Nacos logging from classpath:nacos-logback.xml
2024-11-17 12:23:31.507 [main] WARN  com.alibaba.nacos.client.logging.NacosLogging - Load Logback Configuration of Nacos fail, message: Could not initialize Logback Nacos logging from classpath:nacos-logback.xml
2024-11-17 12:23:32.229 [main] WARN  com.alibaba.nacos.client.logging.NacosLogging - Load Logback Configuration of Nacos fail, message: Could not initialize Logback Nacos logging from classpath:nacos-logback.xml
2024-11-17 12:23:32.250 [main] WARN  com.alibaba.nacos.client.logging.NacosLogging - Load Logback Configuration of Nacos fail, message: Could not initialize Logback Nacos logging from classpath:nacos-logback.xml
2024-11-17 12:23:32.253 [main] INFO  c.swc.orangeBook.kv.biz.OrangeBookKVBizApplication - The following 1 profile is active: "dev"
2024-11-17 12:23:32.892 [main] INFO  o.s.d.r.config.RepositoryConfigurationDelegate - Bootstrapping Spring Data Reactive Cassandra repositories in DEFAULT mode.
2024-11-17 12:23:33.081 [main] INFO  o.s.d.r.config.RepositoryConfigurationDelegate - Finished Spring Data repository scanning in 177 ms. Found 0 Reactive Cassandra repository interfaces.
2024-11-17 12:23:33.087 [main] INFO  o.s.d.r.config.RepositoryConfigurationDelegate - Bootstrapping Spring Data Cassandra repositories in DEFAULT mode.
2024-11-17 12:23:33.107 [main] INFO  o.s.d.r.config.RepositoryConfigurationDelegate - Finished Spring Data repository scanning in 20 ms. Found 1 Cassandra repository interfaces.
2024-11-17 12:23:33.302 [main] INFO  o.springframework.cloud.context.scope.GenericScope - BeanFactory id=7ccf0025-6f12-31ec-8de0-b6e8d0f99431
2024-11-17 12:23:33.722 [main] INFO  o.s.boot.web.embedded.tomcat.TomcatWebServer - Tomcat initialized with port(s): 8084 (http)
2024-11-17 12:23:33.736 [main] INFO  org.apache.catalina.core.StandardService - Starting service [Tomcat]
2024-11-17 12:23:33.737 [main] INFO  org.apache.catalina.core.StandardEngine - Starting Servlet engine: [Apache Tomcat/10.1.5]
2024-11-17 12:23:33.933 [main] INFO  o.a.c.core.ContainerBase.[Tomcat].[localhost].[/] - Initializing Spring embedded WebApplicationContext
2024-11-17 12:23:33.934 [main] INFO  o.s.b.w.s.c.ServletWebServerApplicationContext - Root WebApplicationContext: initialization completed in 1663 ms
2024-11-17 12:23:34.412 [main] INFO  c.d.o.driver.internal.core.DefaultMavenCoordinates - DataStax Java driver for Apache Cassandra(R) (com.datastax.oss:java-driver-core) version 4.15.0
2024-11-17 12:23:34.991 [s0-admin-0] INFO  com.datastax.oss.driver.internal.core.time.Clock - Using native clock for microsecond precision
2024-11-17 12:23:36.284 [s1-admin-0] INFO  com.datastax.oss.driver.internal.core.time.Clock - Using native clock for microsecond precision
2024-11-17 12:23:38.391 [main] WARN  o.s.c.l.c.LoadBalancerCacheAutoConfiguration$LoadBalancerCaffeineWarnLogger - Spring Cloud LoadBalancer is currently working with the default cache. While this cache implementation is useful for development and tests, it's recommended to use Caffeine cache in production.You can switch to using Caffeine cache, by adding it and org.springframework.cache.caffeine.CaffeineCacheManager to the classpath.
2024-11-17 12:23:38.478 [main] INFO  o.s.boot.web.embedded.tomcat.TomcatWebServer - Tomcat started on port(s): 8084 (http) with context path ''
2024-11-17 12:23:38.486 [main] WARN  com.alibaba.nacos.client.logging.NacosLogging - Load Logback Configuration of Nacos fail, message: Could not initialize Logback Nacos logging from classpath:nacos-logback.xml
2024-11-17 12:23:38.486 [main] INFO  com.alibaba.nacos.client.naming - initializer namespace from ans.namespace attribute : null
2024-11-17 12:23:38.487 [main] INFO  com.alibaba.nacos.client.naming - initializer namespace from ALIBABA_ALIWARE_NAMESPACE attribute :null
2024-11-17 12:23:38.488 [main] INFO  com.alibaba.nacos.client.naming - initializer namespace from namespace attribute :null
2024-11-17 12:23:38.514 [main] INFO  com.alibaba.nacos.client.utils.ParamUtil - [settings] [req-serv] nacos-server port:8848
2024-11-17 12:23:38.514 [main] INFO  com.alibaba.nacos.client.utils.ParamUtil - [settings] [http-client] connect timeout:1000
2024-11-17 12:23:38.516 [main] INFO  com.alibaba.nacos.client.utils.ParamUtil - PER_TASK_CONFIG_SIZE: 3000.0
2024-11-17 12:23:38.520 [main] INFO  c.a.n.p.auth.spi.client.ClientAuthPluginManager - [ClientAuthPluginManager] Load ClientAuthService com.alibaba.nacos.client.auth.impl.NacosClientAuthServiceImpl success.
2024-11-17 12:23:38.520 [main] INFO  c.a.n.p.auth.spi.client.ClientAuthPluginManager - [ClientAuthPluginManager] Load ClientAuthService com.alibaba.nacos.client.auth.ram.RamClientAuthServiceImpl success.
2024-11-17 12:23:38.523 [main] INFO  c.a.n.client.auth.ram.identify.CredentialWatcher - null No credential found
2024-11-17 12:23:38.533 [main] INFO  com.alibaba.nacos.common.remote.client - [RpcClientFactory] create a new rpc client of 93ad2822-b893-4ab3-9849-42a111921898
2024-11-17 12:23:38.557 [main] INFO  com.alibaba.nacos.common.remote.client - [93ad2822-b893-4ab3-9849-42a111921898] RpcClient init, ServerListFactory = com.alibaba.nacos.client.naming.core.ServerListManager
2024-11-17 12:23:38.558 [main] INFO  com.alibaba.nacos.common.remote.client - [93ad2822-b893-4ab3-9849-42a111921898] Registry connection listener to current client:com.alibaba.nacos.client.naming.remote.gprc.redo.NamingGrpcRedoService
2024-11-17 12:23:38.558 [main] INFO  com.alibaba.nacos.common.remote.client - [93ad2822-b893-4ab3-9849-42a111921898] Register server push request handler:com.alibaba.nacos.client.naming.remote.gprc.NamingPushRequestHandler
2024-11-17 12:23:38.561 [main] INFO  com.alibaba.nacos.common.remote.client - [93ad2822-b893-4ab3-9849-42a111921898] Try to connect to server on start up, server: {serverIp = '192.168.247.138', server main port = 8848}
2024-11-17 12:23:38.602 [main] INFO  c.a.nacos.common.remote.client.grpc.GrpcClient - grpc client connection server:192.168.247.138 ip,serverPort:9848,grpcTslConfig:{"sslProvider":"OPENSSL","enableTls":false,"mutualAuthEnable":false,"trustAll":false}
2024-11-17 12:23:39.886 [main] INFO  com.alibaba.nacos.common.remote.client - [93ad2822-b893-4ab3-9849-42a111921898] Success to connect to server [192.168.247.138:8848] on start up, connectionId = 1731817420216_192.168.247.1_65241
2024-11-17 12:23:39.887 [com.alibaba.nacos.client.remote.worker] INFO  com.alibaba.nacos.common.remote.client - [93ad2822-b893-4ab3-9849-42a111921898] Notify connected event to listeners.
2024-11-17 12:23:39.887 [main] INFO  com.alibaba.nacos.common.remote.client - [93ad2822-b893-4ab3-9849-42a111921898] Register server push request handler:com.alibaba.nacos.common.remote.client.RpcClient$ConnectResetRequestHandler
2024-11-17 12:23:39.887 [com.alibaba.nacos.client.remote.worker] INFO  com.alibaba.nacos.client.naming - Grpc connection connect
2024-11-17 12:23:39.887 [main] INFO  com.alibaba.nacos.common.remote.client - [93ad2822-b893-4ab3-9849-42a111921898] Register server push request handler:com.alibaba.nacos.common.remote.client.RpcClient$$Lambda$1505/0x000001af018e2110
2024-11-17 12:23:39.888 [main] INFO  com.alibaba.nacos.client.naming - [REGISTER-SERVICE] xiaochengshu registering service xiaochengshu-kv with instance Instance{instanceId='null', ip='192.168.17.1', port=8084, weight=1.0, healthy=true, enabled=true, ephemeral=true, clusterName='DEFAULT', serviceName='null', metadata={IPv6=null, preserved.register.source=SPRING_CLOUD}}
2024-11-17 12:23:39.907 [main] INFO  c.a.cloud.nacos.registry.NacosServiceRegistry - nacos registry, DEFAULT_GROUP xiaochengshu-kv 192.168.17.1:8084 register finished
2024-11-17 12:23:40.192 [main] INFO  c.swc.orangeBook.kv.biz.OrangeBookKVBizApplication - Started OrangeBookKVBizApplication in 9.75 seconds (process running for 10.549)
2024-11-17 13:37:29.521 [http-nio-8084-exec-1] INFO  o.a.c.core.ContainerBase.[Tomcat].[localhost].[/] - Initializing Spring DispatcherServlet 'dispatcherServlet'
2024-11-17 13:37:29.526 [http-nio-8084-exec-1] INFO  org.springframework.web.servlet.DispatcherServlet - Initializing Servlet 'dispatcherServlet'
2024-11-17 13:37:29.542 [http-nio-8084-exec-1] INFO  org.springframework.web.servlet.DispatcherServlet - Completed initialization in 16 ms
2024-11-17 18:04:31.360 [Thread-22] WARN  c.alibaba.nacos.common.http.HttpClientBeanHolder - [HttpClientBeanHolder] Start destroying common HttpClient
2024-11-17 18:04:31.360 [Thread-19] WARN  com.alibaba.nacos.common.notify.NotifyCenter - [NotifyCenter] Start destroying Publisher
2024-11-17 18:04:31.367 [Thread-19] WARN  com.alibaba.nacos.common.notify.NotifyCenter - [NotifyCenter] Destruction of the end
2024-11-17 18:04:31.371 [Thread-22] WARN  c.alibaba.nacos.common.http.HttpClientBeanHolder - [HttpClientBeanHolder] Destruction of the end
2024-11-17 18:04:33.576 [SpringApplicationShutdownHook] INFO  c.a.cloud.nacos.registry.NacosServiceRegistry - De-registering from Nacos Server now...
2024-11-17 18:04:33.577 [SpringApplicationShutdownHook] INFO  com.alibaba.nacos.client.naming - [DEREGISTER-SERVICE] xiaochengshu deregistering service xiaochengshu-kv with instance: Instance{instanceId='null', ip='192.168.17.1', port=8084, weight=1.0, healthy=true, enabled=true, ephemeral=true, clusterName='DEFAULT', serviceName='null', metadata={}}
2024-11-17 18:04:33.584 [SpringApplicationShutdownHook] INFO  c.a.cloud.nacos.registry.NacosServiceRegistry - De-registration finished.
2024-11-17 18:04:33.585 [SpringApplicationShutdownHook] INFO  com.alibaba.nacos.client.naming - com.alibaba.nacos.client.naming.cache.ServiceInfoHolder do shutdown begin
2024-11-17 18:04:33.585 [SpringApplicationShutdownHook] INFO  com.alibaba.nacos.client.naming - com.alibaba.nacos.client.naming.backups.FailoverReactor do shutdown begin
2024-11-17 18:04:33.586 [SpringApplicationShutdownHook] INFO  com.alibaba.nacos.client.naming - com.alibaba.nacos.client.naming.backups.FailoverReactor do shutdown stop
2024-11-17 18:04:33.586 [SpringApplicationShutdownHook] INFO  com.alibaba.nacos.client.naming - com.alibaba.nacos.client.naming.cache.ServiceInfoHolder do shutdown stop
2024-11-17 18:04:33.586 [SpringApplicationShutdownHook] INFO  com.alibaba.nacos.client.naming - com.alibaba.nacos.client.naming.remote.NamingClientProxyDelegate do shutdown begin
2024-11-17 18:04:33.586 [SpringApplicationShutdownHook] INFO  com.alibaba.nacos.client.naming - com.alibaba.nacos.client.naming.core.ServiceInfoUpdateService do shutdown begin
2024-11-17 18:04:33.586 [SpringApplicationShutdownHook] INFO  com.alibaba.nacos.client.naming - com.alibaba.nacos.client.naming.core.ServiceInfoUpdateService do shutdown stop
2024-11-17 18:04:33.586 [SpringApplicationShutdownHook] INFO  com.alibaba.nacos.client.naming - com.alibaba.nacos.client.naming.core.ServerListManager do shutdown begin
2024-11-17 18:04:33.586 [SpringApplicationShutdownHook] WARN  com.alibaba.nacos.client.naming - [NamingHttpClientManager] Start destroying NacosRestTemplate
2024-11-17 18:04:33.586 [SpringApplicationShutdownHook] WARN  com.alibaba.nacos.client.naming - [NamingHttpClientManager] Destruction of the end
2024-11-17 18:04:33.587 [SpringApplicationShutdownHook] INFO  com.alibaba.nacos.client.naming - com.alibaba.nacos.client.naming.core.ServerListManager do shutdown stop
2024-11-17 18:04:33.587 [SpringApplicationShutdownHook] INFO  com.alibaba.nacos.client.naming - com.alibaba.nacos.client.naming.remote.http.NamingHttpClientProxy do shutdown begin
2024-11-17 18:04:33.587 [SpringApplicationShutdownHook] WARN  com.alibaba.nacos.client.naming - [NamingHttpClientManager] Start destroying NacosRestTemplate
2024-11-17 18:04:33.587 [SpringApplicationShutdownHook] WARN  com.alibaba.nacos.client.naming - [NamingHttpClientManager] Destruction of the end
2024-11-17 18:04:33.587 [SpringApplicationShutdownHook] INFO  com.alibaba.nacos.client.naming - com.alibaba.nacos.client.naming.remote.http.NamingHttpClientProxy do shutdown stop
2024-11-17 18:04:33.587 [SpringApplicationShutdownHook] INFO  com.alibaba.nacos.common.remote.client - Shutdown rpc client, set status to shutdown
2024-11-17 18:04:33.587 [SpringApplicationShutdownHook] INFO  com.alibaba.nacos.common.remote.client - Shutdown client event executor java.util.concurrent.ScheduledThreadPoolExecutor@13c2cd4[Running, pool size = 2, active threads = 2, queued tasks = 0, completed tasks = 0]
2024-11-17 18:04:33.587 [SpringApplicationShutdownHook] INFO  com.alibaba.nacos.common.remote.client - Close current connection 1731817420216_192.168.247.1_65241
2024-11-17 18:04:33.590 [nacos-grpc-client-executor-192.168.247.138-4185] INFO  c.a.nacos.common.remote.client.grpc.GrpcClient - [1731817420216_192.168.247.1_65241]Ignore complete event,isRunning:false,isAbandon=false
2024-11-17 18:04:33.594 [SpringApplicationShutdownHook] INFO  c.a.nacos.common.remote.client.grpc.GrpcClient - Shutdown grpc executor java.util.concurrent.ThreadPoolExecutor@71cfd3ba[Running, pool size = 4, active threads = 0, queued tasks = 0, completed tasks = 4186]
2024-11-17 18:04:33.595 [SpringApplicationShutdownHook] INFO  com.alibaba.nacos.client.naming - Shutdown grpc redo service executor java.util.concurrent.ScheduledThreadPoolExecutor@2ec6bf86[Running, pool size = 1, active threads = 0, queued tasks = 1, completed tasks = 6816]
2024-11-17 18:04:33.595 [SpringApplicationShutdownHook] INFO  c.a.n.client.auth.ram.identify.CredentialWatcher - [null] CredentialWatcher is stopped
2024-11-17 18:04:33.595 [SpringApplicationShutdownHook] INFO  c.a.n.client.auth.ram.identify.CredentialService - [null] CredentialService is freed
2024-11-17 18:04:33.595 [SpringApplicationShutdownHook] INFO  com.alibaba.nacos.client.naming - com.alibaba.nacos.client.naming.remote.NamingClientProxyDelegate do shutdown stop
