2024-10-26 00:07:57.282 [Thread-10] WARN  com.alibaba.nacos.common.notify.NotifyCenter - [NotifyCenter] Start destroying Publisher
2024-10-26 00:07:57.282 [Thread-13] WARN  c.alibaba.nacos.common.http.HttpClientBeanHolder - [HttpClientBeanHolder] Start destroying common HttpClient
2024-10-26 00:07:57.288 [Thread-10] WARN  com.alibaba.nacos.common.notify.NotifyCenter - [NotifyCenter] Destruction of the end
2024-10-26 00:07:57.288 [Thread-13] WARN  c.alibaba.nacos.common.http.HttpClientBeanHolder - [HttpClientBeanHolder] Destruction of the end
2024-10-26 00:07:57.302 [NettyClientSelector_1] INFO  RocketmqRemoting - closeChannel: close the connection to remote address[192.168.247.138:9876] result: true
2024-10-26 00:07:57.339 [NettyClientSelector_1] INFO  RocketmqRemoting - closeChannel: close the connection to remote address[192.168.247.138:9876] result: true
2024-10-26 00:07:57.339 [NettyClientSelector_1] INFO  RocketmqRemoting - closeChannel: close the connection to remote address[192.168.247.138:10911] result: true
2024-10-26 00:07:57.380 [SpringApplicationShutdownHook] INFO  c.a.cloud.nacos.registry.NacosServiceRegistry - De-registering from Nacos Server now...
2024-10-26 00:07:57.381 [SpringApplicationShutdownHook] INFO  com.alibaba.nacos.client.naming - [DEREGISTER-SERVICE] xiaochengshu deregistering service xiaochengshu-note with instance: Instance{instanceId='null', ip='192.168.17.1', port=8086, weight=1.0, healthy=true, enabled=true, ephemeral=true, clusterName='DEFAULT', serviceName='null', metadata={}}
2024-10-26 00:07:57.386 [SpringApplicationShutdownHook] INFO  c.a.cloud.nacos.registry.NacosServiceRegistry - De-registration finished.
2024-10-26 00:07:57.386 [SpringApplicationShutdownHook] INFO  com.alibaba.nacos.client.naming - com.alibaba.nacos.client.naming.cache.ServiceInfoHolder do shutdown begin
2024-10-26 00:07:57.386 [SpringApplicationShutdownHook] INFO  com.alibaba.nacos.client.naming - com.alibaba.nacos.client.naming.backups.FailoverReactor do shutdown begin
2024-10-26 00:07:57.387 [SpringApplicationShutdownHook] INFO  com.alibaba.nacos.client.naming - com.alibaba.nacos.client.naming.backups.FailoverReactor do shutdown stop
2024-10-26 00:07:57.387 [SpringApplicationShutdownHook] INFO  com.alibaba.nacos.client.naming - com.alibaba.nacos.client.naming.cache.ServiceInfoHolder do shutdown stop
2024-10-26 00:07:57.387 [SpringApplicationShutdownHook] INFO  com.alibaba.nacos.client.naming - com.alibaba.nacos.client.naming.remote.NamingClientProxyDelegate do shutdown begin
2024-10-26 00:07:57.387 [SpringApplicationShutdownHook] INFO  com.alibaba.nacos.client.naming - com.alibaba.nacos.client.naming.core.ServiceInfoUpdateService do shutdown begin
2024-10-26 00:07:57.387 [SpringApplicationShutdownHook] INFO  com.alibaba.nacos.client.naming - com.alibaba.nacos.client.naming.core.ServiceInfoUpdateService do shutdown stop
2024-10-26 00:07:57.387 [SpringApplicationShutdownHook] INFO  com.alibaba.nacos.client.naming - com.alibaba.nacos.client.naming.core.ServerListManager do shutdown begin
2024-10-26 00:07:57.387 [SpringApplicationShutdownHook] WARN  com.alibaba.nacos.client.naming - [NamingHttpClientManager] Start destroying NacosRestTemplate
2024-10-26 00:07:57.387 [SpringApplicationShutdownHook] WARN  com.alibaba.nacos.client.naming - [NamingHttpClientManager] Destruction of the end
2024-10-26 00:07:57.387 [SpringApplicationShutdownHook] INFO  com.alibaba.nacos.client.naming - com.alibaba.nacos.client.naming.core.ServerListManager do shutdown stop
2024-10-26 00:07:57.387 [SpringApplicationShutdownHook] INFO  com.alibaba.nacos.client.naming - com.alibaba.nacos.client.naming.remote.http.NamingHttpClientProxy do shutdown begin
2024-10-26 00:07:57.387 [SpringApplicationShutdownHook] WARN  com.alibaba.nacos.client.naming - [NamingHttpClientManager] Start destroying NacosRestTemplate
2024-10-26 00:07:57.387 [SpringApplicationShutdownHook] WARN  com.alibaba.nacos.client.naming - [NamingHttpClientManager] Destruction of the end
2024-10-26 00:07:57.387 [SpringApplicationShutdownHook] INFO  com.alibaba.nacos.client.naming - com.alibaba.nacos.client.naming.remote.http.NamingHttpClientProxy do shutdown stop
2024-10-26 00:07:57.388 [SpringApplicationShutdownHook] INFO  com.alibaba.nacos.common.remote.client - Shutdown rpc client, set status to shutdown
2024-10-26 00:07:57.388 [SpringApplicationShutdownHook] INFO  com.alibaba.nacos.common.remote.client - Shutdown client event executor java.util.concurrent.ScheduledThreadPoolExecutor@27fa9333[Running, pool size = 2, active threads = 2, queued tasks = 0, completed tasks = 0]
2024-10-26 00:07:57.388 [SpringApplicationShutdownHook] INFO  com.alibaba.nacos.common.remote.client - Close current connection 1729871005837_192.168.247.1_50139
2024-10-26 00:07:57.389 [nacos-grpc-client-executor-192.168.247.138-334] INFO  c.a.nacos.common.remote.client.grpc.GrpcClient - [1729871005837_192.168.247.1_50139]Ignore complete event,isRunning:false,isAbandon=false
2024-10-26 00:07:57.393 [SpringApplicationShutdownHook] INFO  c.a.nacos.common.remote.client.grpc.GrpcClient - Shutdown grpc executor java.util.concurrent.ThreadPoolExecutor@462262d[Running, pool size = 4, active threads = 0, queued tasks = 0, completed tasks = 335]
2024-10-26 00:07:57.394 [SpringApplicationShutdownHook] INFO  com.alibaba.nacos.client.naming - Shutdown grpc redo service executor java.util.concurrent.ScheduledThreadPoolExecutor@4d2611c5[Running, pool size = 1, active threads = 0, queued tasks = 1, completed tasks = 490]
2024-10-26 00:07:57.394 [SpringApplicationShutdownHook] INFO  c.a.n.client.auth.ram.identify.CredentialWatcher - [null] CredentialWatcher is stopped
2024-10-26 00:07:57.394 [SpringApplicationShutdownHook] INFO  c.a.n.client.auth.ram.identify.CredentialService - [null] CredentialService is freed
2024-10-26 00:07:57.394 [SpringApplicationShutdownHook] INFO  com.alibaba.nacos.client.naming - com.alibaba.nacos.client.naming.remote.NamingClientProxyDelegate do shutdown stop
2024-10-26 00:07:57.395 [SpringApplicationShutdownHook] INFO  o.a.r.s.support.DefaultRocketMQListenerContainer - container destroyed, DefaultRocketMQListenerContainer{consumerGroup='xiaochengshu_group_LikeUnlikeTopic', namespace='', nameServer='192.168.247.138:9876', topic='LikeUnlikeTopic', consumeMode=ORDERLY, selectorType=TAG, selectorExpression='*', messageModel=CLUSTERING', tlsEnable=false, instanceName=DEFAULT}
2024-10-26 00:07:57.395 [SpringApplicationShutdownHook] INFO  o.a.r.s.support.DefaultRocketMQListenerContainer - container destroyed, DefaultRocketMQListenerContainer{consumerGroup='xiaochengshu_group_DeleteNoteLocalCacheTopic', namespace='', nameServer='192.168.247.138:9876', topic='DeleteNoteLocalCacheTopic', consumeMode=CONCURRENTLY, selectorType=TAG, selectorExpression='*', messageModel=BROADCASTING', tlsEnable=false, instanceName=DEFAULT}
2024-10-26 00:07:57.400 [NettyClientSelector_1] INFO  RocketmqRemoting - closeChannel: close the connection to remote address[192.168.247.138:9876] result: true
2024-10-26 00:07:57.401 [NettyClientSelector_1] INFO  RocketmqRemoting - closeChannel: close the connection to remote address[192.168.247.138:10911] result: true
2024-10-26 00:07:57.406 [NettyClientSelector_1] INFO  RocketmqRemoting - closeChannel: close the connection to remote address[192.168.247.138:10911] result: true
2024-10-26 00:07:57.524 [SpringApplicationShutdownHook] INFO  com.alibaba.druid.pool.DruidDataSource - {dataSource-1} closing ...
2024-10-26 00:07:57.526 [SpringApplicationShutdownHook] INFO  com.alibaba.druid.pool.DruidDataSource - {dataSource-1} closed
2024-10-26 00:08:02.420 [main] WARN  com.alibaba.nacos.client.logging.NacosLogging - Load Logback Configuration of Nacos fail, message: Could not initialize Logback Nacos logging from classpath:nacos-logback.xml
2024-10-26 00:08:02.504 [main] WARN  com.alibaba.nacos.client.logging.NacosLogging - Load Logback Configuration of Nacos fail, message: Could not initialize Logback Nacos logging from classpath:nacos-logback.xml
2024-10-26 00:08:03.182 [main] WARN  com.alibaba.nacos.client.logging.NacosLogging - Load Logback Configuration of Nacos fail, message: Could not initialize Logback Nacos logging from classpath:nacos-logback.xml
2024-10-26 00:08:03.199 [main] WARN  com.alibaba.nacos.client.logging.NacosLogging - Load Logback Configuration of Nacos fail, message: Could not initialize Logback Nacos logging from classpath:nacos-logback.xml
2024-10-26 00:08:03.201 [main] INFO  c.s.o.note.biz.OrangeBookNoteBizApplication - The following 1 profile is active: "dev"
2024-10-26 00:08:03.949 [main] INFO  o.s.d.r.config.RepositoryConfigurationDelegate - Multiple Spring Data modules found, entering strict repository configuration mode
2024-10-26 00:08:03.952 [main] INFO  o.s.d.r.config.RepositoryConfigurationDelegate - Bootstrapping Spring Data Redis repositories in DEFAULT mode.
2024-10-26 00:08:03.978 [main] INFO  o.s.d.r.config.RepositoryConfigurationDelegate - Finished Spring Data repository scanning in 11 ms. Found 0 Redis repository interfaces.
2024-10-26 00:08:04.223 [main] INFO  o.springframework.cloud.context.scope.GenericScope - BeanFactory id=f9c770fc-5b7b-391e-8590-fad460615d96
2024-10-26 00:08:04.252 [main] INFO  o.s.c.s.PostProcessorRegistrationDelegate$BeanPostProcessorChecker - Bean 'com.swc.orangeBook.distributed.id.generator.api.DistributedIdGeneratorFeignApi' of type [org.springframework.cloud.openfeign.FeignClientFactoryBean] is not eligible for getting processed by all BeanPostProcessors (for example: not eligible for auto-proxying)
2024-10-26 00:08:04.254 [main] INFO  o.s.c.s.PostProcessorRegistrationDelegate$BeanPostProcessorChecker - Bean 'com.swc.orangeBook.kv.api.KeyValueFeignApi' of type [org.springframework.cloud.openfeign.FeignClientFactoryBean] is not eligible for getting processed by all BeanPostProcessors (for example: not eligible for auto-proxying)
2024-10-26 00:08:04.255 [main] INFO  o.s.c.s.PostProcessorRegistrationDelegate$BeanPostProcessorChecker - Bean 'com.swc.orangeBook.user.api.UserFeignApi' of type [org.springframework.cloud.openfeign.FeignClientFactoryBean] is not eligible for getting processed by all BeanPostProcessors (for example: not eligible for auto-proxying)
2024-10-26 00:08:04.492 [main] INFO  o.s.c.s.PostProcessorRegistrationDelegate$BeanPostProcessorChecker - Bean 'org.apache.rocketmq.spring.autoconfigure.MessageConverterConfiguration' of type [org.apache.rocketmq.spring.autoconfigure.MessageConverterConfiguration$$SpringCGLIB$$0] is not eligible for getting processed by all BeanPostProcessors (for example: not eligible for auto-proxying)
2024-10-26 00:08:04.563 [main] INFO  o.s.c.s.PostProcessorRegistrationDelegate$BeanPostProcessorChecker - Bean 'createRocketMQMessageConverter' of type [org.apache.rocketmq.spring.support.RocketMQMessageConverter] is not eligible for getting processed by all BeanPostProcessors (for example: not eligible for auto-proxying)
2024-10-26 00:08:04.566 [main] INFO  o.s.c.s.PostProcessorRegistrationDelegate$BeanPostProcessorChecker - Bean 'org.springframework.cloud.commons.config.CommonsConfigAutoConfiguration' of type [org.springframework.cloud.commons.config.CommonsConfigAutoConfiguration] is not eligible for getting processed by all BeanPostProcessors (for example: not eligible for auto-proxying)
2024-10-26 00:08:04.570 [main] INFO  o.s.c.s.PostProcessorRegistrationDelegate$BeanPostProcessorChecker - Bean 'org.springframework.cloud.client.loadbalancer.LoadBalancerDefaultMappingsProviderAutoConfiguration' of type [org.springframework.cloud.client.loadbalancer.LoadBalancerDefaultMappingsProviderAutoConfiguration] is not eligible for getting processed by all BeanPostProcessors (for example: not eligible for auto-proxying)
2024-10-26 00:08:04.571 [main] INFO  o.s.c.s.PostProcessorRegistrationDelegate$BeanPostProcessorChecker - Bean 'loadBalancerClientsDefaultsMappingsProvider' of type [org.springframework.cloud.client.loadbalancer.LoadBalancerDefaultMappingsProviderAutoConfiguration$$Lambda$711/0x00000260814f57f8] is not eligible for getting processed by all BeanPostProcessors (for example: not eligible for auto-proxying)
2024-10-26 00:08:04.573 [main] INFO  o.s.c.s.PostProcessorRegistrationDelegate$BeanPostProcessorChecker - Bean 'defaultsBindHandlerAdvisor' of type [org.springframework.cloud.commons.config.DefaultsBindHandlerAdvisor] is not eligible for getting processed by all BeanPostProcessors (for example: not eligible for auto-proxying)
2024-10-26 00:08:04.580 [main] INFO  o.s.c.s.PostProcessorRegistrationDelegate$BeanPostProcessorChecker - Bean 'rocketmq-org.apache.rocketmq.spring.autoconfigure.RocketMQProperties' of type [org.apache.rocketmq.spring.autoconfigure.RocketMQProperties] is not eligible for getting processed by all BeanPostProcessors (for example: not eligible for auto-proxying)
2024-10-26 00:08:04.581 [main] INFO  o.s.c.s.PostProcessorRegistrationDelegate$BeanPostProcessorChecker - Bean 'org.apache.rocketmq.spring.autoconfigure.ListenerContainerConfiguration' of type [org.apache.rocketmq.spring.autoconfigure.ListenerContainerConfiguration$$SpringCGLIB$$0] is not eligible for getting processed by all BeanPostProcessors (for example: not eligible for auto-proxying)
2024-10-26 00:08:04.907 [main] INFO  o.s.boot.web.embedded.tomcat.TomcatWebServer - Tomcat initialized with port(s): 8086 (http)
2024-10-26 00:08:04.919 [main] INFO  org.apache.catalina.core.StandardService - Starting service [Tomcat]
2024-10-26 00:08:04.919 [main] INFO  org.apache.catalina.core.StandardEngine - Starting Servlet engine: [Apache Tomcat/10.1.5]
2024-10-26 00:08:05.054 [main] INFO  o.a.c.core.ContainerBase.[Tomcat].[localhost].[/] - Initializing Spring embedded WebApplicationContext
2024-10-26 00:08:05.054 [main] INFO  o.s.b.w.s.c.ServletWebServerApplicationContext - Root WebApplicationContext: initialization completed in 1835 ms
2024-10-26 00:08:05.198 [main] INFO  c.a.d.s.b.a.DruidDataSourceAutoConfigure - Init DruidDataSource
2024-10-26 00:08:05.530 [main] INFO  com.alibaba.druid.pool.DruidDataSource - {dataSource-1} inited
2024-10-26 00:08:05.847 [main] INFO  o.s.cloud.openfeign.FeignClientFactoryBean - For 'xiaochengshu-distributed-id-generator' URL not provided. Will try picking an instance via load-balancing.
2024-10-26 00:08:05.895 [main] INFO  o.s.cloud.openfeign.FeignClientFactoryBean - For 'xiaochengshu-kv' URL not provided. Will try picking an instance via load-balancing.
2024-10-26 00:08:05.913 [main] INFO  o.s.cloud.openfeign.FeignClientFactoryBean - For 'xiaochengshu-user' URL not provided. Will try picking an instance via load-balancing.
2024-10-26 00:08:06.342 [main] INFO  o.a.r.s.autoconfigure.RocketMQAutoConfiguration - a producer (xiaochengshu_group) init on namesrv 192.168.247.138:9876
2024-10-26 00:08:06.672 [main] INFO  o.a.r.s.support.DefaultRocketMQListenerContainer - running container: DefaultRocketMQListenerContainer{consumerGroup='xiaochengshu_group_DeleteNoteLocalCacheTopic', namespace='', nameServer='192.168.247.138:9876', topic='DeleteNoteLocalCacheTopic', consumeMode=CONCURRENTLY, selectorType=TAG, selectorExpression='*', messageModel=BROADCASTING', tlsEnable=false, instanceName=DEFAULT}
2024-10-26 00:08:06.673 [main] INFO  o.a.r.s.a.ListenerContainerConfiguration - Register the listener to container, listenerBeanName:deleteNoteLocalCacheConsumer, containerBeanName:org.apache.rocketmq.spring.support.DefaultRocketMQListenerContainer_1
2024-10-26 00:08:06.773 [main] INFO  o.a.r.s.support.DefaultRocketMQListenerContainer - running container: DefaultRocketMQListenerContainer{consumerGroup='xiaochengshu_group_LikeUnlikeTopic', namespace='', nameServer='192.168.247.138:9876', topic='LikeUnlikeTopic', consumeMode=ORDERLY, selectorType=TAG, selectorExpression='*', messageModel=CLUSTERING', tlsEnable=false, instanceName=DEFAULT}
2024-10-26 00:08:06.774 [main] INFO  o.a.r.s.a.ListenerContainerConfiguration - Register the listener to container, listenerBeanName:likeUnlikeNoteConsumer, containerBeanName:org.apache.rocketmq.spring.support.DefaultRocketMQListenerContainer_2
2024-10-26 00:08:07.930 [main] INFO  o.s.boot.web.embedded.tomcat.TomcatWebServer - Tomcat started on port(s): 8086 (http) with context path ''
2024-10-26 00:08:07.936 [main] WARN  com.alibaba.nacos.client.logging.NacosLogging - Load Logback Configuration of Nacos fail, message: Could not initialize Logback Nacos logging from classpath:nacos-logback.xml
2024-10-26 00:08:07.937 [main] INFO  com.alibaba.nacos.client.naming - initializer namespace from ans.namespace attribute : null
2024-10-26 00:08:07.938 [main] INFO  com.alibaba.nacos.client.naming - initializer namespace from ALIBABA_ALIWARE_NAMESPACE attribute :null
2024-10-26 00:08:07.938 [main] INFO  com.alibaba.nacos.client.naming - initializer namespace from namespace attribute :null
2024-10-26 00:08:07.965 [main] INFO  com.alibaba.nacos.client.utils.ParamUtil - [settings] [req-serv] nacos-server port:8848
2024-10-26 00:08:07.965 [main] INFO  com.alibaba.nacos.client.utils.ParamUtil - [settings] [http-client] connect timeout:1000
2024-10-26 00:08:07.966 [main] INFO  com.alibaba.nacos.client.utils.ParamUtil - PER_TASK_CONFIG_SIZE: 3000.0
2024-10-26 00:08:07.971 [main] INFO  c.a.n.p.auth.spi.client.ClientAuthPluginManager - [ClientAuthPluginManager] Load ClientAuthService com.alibaba.nacos.client.auth.impl.NacosClientAuthServiceImpl success.
2024-10-26 00:08:07.971 [main] INFO  c.a.n.p.auth.spi.client.ClientAuthPluginManager - [ClientAuthPluginManager] Load ClientAuthService com.alibaba.nacos.client.auth.ram.RamClientAuthServiceImpl success.
2024-10-26 00:08:07.975 [main] INFO  c.a.n.client.auth.ram.identify.CredentialWatcher - null No credential found
2024-10-26 00:08:07.986 [main] INFO  com.alibaba.nacos.common.remote.client - [RpcClientFactory] create a new rpc client of 5ac73f21-fe9d-4360-953e-7b83b9a5d2d4
2024-10-26 00:08:08.009 [main] INFO  com.alibaba.nacos.common.remote.client - [5ac73f21-fe9d-4360-953e-7b83b9a5d2d4] RpcClient init, ServerListFactory = com.alibaba.nacos.client.naming.core.ServerListManager
2024-10-26 00:08:08.009 [main] INFO  com.alibaba.nacos.common.remote.client - [5ac73f21-fe9d-4360-953e-7b83b9a5d2d4] Registry connection listener to current client:com.alibaba.nacos.client.naming.remote.gprc.redo.NamingGrpcRedoService
2024-10-26 00:08:08.009 [main] INFO  com.alibaba.nacos.common.remote.client - [5ac73f21-fe9d-4360-953e-7b83b9a5d2d4] Register server push request handler:com.alibaba.nacos.client.naming.remote.gprc.NamingPushRequestHandler
2024-10-26 00:08:08.013 [main] INFO  com.alibaba.nacos.common.remote.client - [5ac73f21-fe9d-4360-953e-7b83b9a5d2d4] Try to connect to server on start up, server: {serverIp = '192.168.247.138', server main port = 8848}
2024-10-26 00:08:08.042 [main] INFO  c.a.nacos.common.remote.client.grpc.GrpcClient - grpc client connection server:192.168.247.138 ip,serverPort:9848,grpcTslConfig:{"sslProvider":"OPENSSL","enableTls":false,"mutualAuthEnable":false,"trustAll":false}
2024-10-26 00:08:09.017 [main] INFO  com.alibaba.nacos.common.remote.client - [5ac73f21-fe9d-4360-953e-7b83b9a5d2d4] Success to connect to server [192.168.247.138:8848] on start up, connectionId = 1729872487849_192.168.247.1_50541
2024-10-26 00:08:09.018 [com.alibaba.nacos.client.remote.worker] INFO  com.alibaba.nacos.common.remote.client - [5ac73f21-fe9d-4360-953e-7b83b9a5d2d4] Notify connected event to listeners.
2024-10-26 00:08:09.018 [com.alibaba.nacos.client.remote.worker] INFO  com.alibaba.nacos.client.naming - Grpc connection connect
2024-10-26 00:08:09.018 [main] INFO  com.alibaba.nacos.common.remote.client - [5ac73f21-fe9d-4360-953e-7b83b9a5d2d4] Register server push request handler:com.alibaba.nacos.common.remote.client.RpcClient$ConnectResetRequestHandler
2024-10-26 00:08:09.019 [main] INFO  com.alibaba.nacos.common.remote.client - [5ac73f21-fe9d-4360-953e-7b83b9a5d2d4] Register server push request handler:com.alibaba.nacos.common.remote.client.RpcClient$$Lambda$1280/0x00000260819babc8
2024-10-26 00:08:09.020 [main] INFO  com.alibaba.nacos.client.naming - [REGISTER-SERVICE] xiaochengshu registering service xiaochengshu-note with instance Instance{instanceId='null', ip='192.168.17.1', port=8086, weight=1.0, healthy=true, enabled=true, ephemeral=true, clusterName='DEFAULT', serviceName='null', metadata={IPv6=null, preserved.register.source=SPRING_CLOUD}}
2024-10-26 00:08:09.039 [main] INFO  c.a.cloud.nacos.registry.NacosServiceRegistry - nacos registry, DEFAULT_GROUP xiaochengshu-note 192.168.17.1:8086 register finished
2024-10-26 00:08:09.255 [main] INFO  c.s.o.note.biz.OrangeBookNoteBizApplication - Started OrangeBookNoteBizApplication in 7.647 seconds (process running for 8.352)
2024-10-26 00:08:26.195 [http-nio-8086-exec-1] INFO  o.a.c.core.ContainerBase.[Tomcat].[localhost].[/] - Initializing Spring DispatcherServlet 'dispatcherServlet'
2024-10-26 00:08:26.196 [http-nio-8086-exec-1] INFO  org.springframework.web.servlet.DispatcherServlet - Initializing Servlet 'dispatcherServlet'
2024-10-26 00:08:26.197 [http-nio-8086-exec-1] INFO  org.springframework.web.servlet.DispatcherServlet - Completed initialization in 1 ms
2024-10-26 00:08:26.209 [http-nio-8086-exec-1] INFO  c.s.f.b.context.filter.HeaderUserId2ContextFilter - ## HeaderUserId2ContextFilter, 用户 ID: 110
2024-10-26 00:08:26.209 [http-nio-8086-exec-1] INFO  c.s.f.b.context.filter.HeaderUserId2ContextFilter - ===== 设置 userId 到 ThreadLocal 中， 用户 ID: 110
2024-10-26 00:08:26.322 [http-nio-8086-exec-1] INFO  c.s.f.b.operationlog.aspect.ApiOperationLogAspect - ====== 请求开始: [点赞笔记], 入参: {"id":1849494669784776753}, 请求类: controller.com.swc.orangeBook.count.biz.NoteController, 请求方法: likeNote ===================================
2024-10-26 00:08:26.712 [http-nio-8086-exec-1] DEBUG c.s.o.n.b.d.m.N.selectLikedByUserIdAndLimit - ==>  Preparing: select note_id, create_time from t_note_like where user_id = ? and status = 1 order by create_time desc limit ?
2024-10-26 00:08:26.902 [http-nio-8086-exec-1] DEBUG c.s.o.n.b.d.m.N.selectLikedByUserIdAndLimit - ==> Parameters: 110(Long), 100(Integer)
2024-10-26 00:08:26.925 [http-nio-8086-exec-1] DEBUG c.s.o.n.b.d.m.N.selectLikedByUserIdAndLimit - <==      Total: 0
2024-10-26 00:08:26.942 [http-nio-8086-exec-1] INFO  c.s.f.b.operationlog.aspect.ApiOperationLogAspect - ====== 请求结束: [点赞笔记], 耗时: 622ms, 出参: {"success":true,"message":null,"errorCode":null,"data":null} =================================== 
2024-10-26 00:08:26.961 [http-nio-8086-exec-1] INFO  c.s.f.b.context.filter.HeaderUserId2ContextFilter - ===== 删除 ThreadLocal， userId: 110
2024-10-26 00:08:26.975 [NettyClientPublicExecutor_1] INFO  c.s.o.note.biz.service.impl.NoteServiceImpl - ==> 【笔记点赞】MQ 发送成功，SendResult: SendResult [sendStatus=SEND_OK, msgId=7F000001CCF063947C6B80C6B8560000, offsetMsgId=C0A8F78A00002A9F0000000000001038, messageQueue=MessageQueue [topic=LikeUnlikeTopic, brokerName=192.168.247.138, queueId=0], queueOffset=2]
2024-10-26 00:08:26.981 [ConsumeMessageThread_xiaochengshu_group_LikeUnlikeTopic_1] INFO  c.s.o.note.biz.consumer.LikeUnlikeNoteConsumer - ==> LikeUnlikeNoteConsumer 消费了消息 {"userId":110,"noteId":1849494669784776753,"type":1,"createTime":"2024-10-26 00:08:26"}, tags: Like
2024-10-26 00:08:26.984 [ConsumeMessageThread_xiaochengshu_group_LikeUnlikeTopic_1] DEBUG c.s.o.n.b.d.mapper.NoteLikeDOMapper.insertOrUpdate - ==>  Preparing: INSERT INTO t_note_like (user_id, note_id, create_time, status) VALUES (?, ?, ?, ?) ON DUPLICATE KEY UPDATE create_time = ?, status = ?;
2024-10-26 00:08:27.102 [ConsumeMessageThread_xiaochengshu_group_LikeUnlikeTopic_1] DEBUG c.s.o.n.b.d.mapper.NoteLikeDOMapper.insertOrUpdate - ==> Parameters: 110(Long), 1849494669784776753(Long), 2024-10-26T00:08:26(LocalDateTime), 1(Integer), 2024-10-26T00:08:26(LocalDateTime), 1(Integer)
2024-10-26 00:08:27.112 [ConsumeMessageThread_xiaochengshu_group_LikeUnlikeTopic_1] DEBUG c.s.o.n.b.d.mapper.NoteLikeDOMapper.insertOrUpdate - <==    Updates: 1
2024-10-26 00:08:27.121 [NettyClientPublicExecutor_2] INFO  c.s.o.note.biz.consumer.LikeUnlikeNoteConsumer - ==> 【计数: 笔记点赞】MQ 发送成功，SendResult: SendResult [sendStatus=SEND_OK, msgId=7F000001CCF063947C6B80C6B8ED0001, offsetMsgId=C0A8F78A00002A9F00000000000011A8, messageQueue=MessageQueue [topic=CountNoteLikeTopic, brokerName=192.168.247.138, queueId=3], queueOffset=0]
2024-10-26 00:12:01.521 [http-nio-8086-exec-2] INFO  c.s.f.b.context.filter.HeaderUserId2ContextFilter - ## HeaderUserId2ContextFilter, 用户 ID: 110
2024-10-26 00:12:01.521 [http-nio-8086-exec-2] INFO  c.s.f.b.context.filter.HeaderUserId2ContextFilter - ===== 设置 userId 到 ThreadLocal 中， 用户 ID: 110
2024-10-26 00:12:01.523 [http-nio-8086-exec-2] INFO  c.s.f.b.operationlog.aspect.ApiOperationLogAspect - ====== 请求开始: [点赞笔记], 入参: {"id":1849494669784776753}, 请求类: controller.com.swc.orangeBook.count.biz.NoteController, 请求方法: likeNote ===================================
2024-10-26 00:12:01.532 [http-nio-8086-exec-2] DEBUG c.s.o.n.b.d.m.NoteLikeDOMapper.selectNoteIsLiked - ==>  Preparing: select count(1) from t_note_like where user_id = ? and note_id = ? and status = 1 limit 1
2024-10-26 00:12:01.535 [http-nio-8086-exec-2] DEBUG c.s.o.n.b.d.m.NoteLikeDOMapper.selectNoteIsLiked - ==> Parameters: 110(Long), 1849494669784776753(Long)
2024-10-26 00:12:01.542 [http-nio-8086-exec-2] DEBUG c.s.o.n.b.d.m.NoteLikeDOMapper.selectNoteIsLiked - <==      Total: 1
2024-10-26 00:12:01.544 [task-1] DEBUG c.s.o.n.b.d.m.N.selectLikedByUserIdAndLimit - ==>  Preparing: select note_id, create_time from t_note_like where user_id = ? and status = 1 order by create_time desc limit ?
2024-10-26 00:12:01.544 [task-1] DEBUG c.s.o.n.b.d.m.N.selectLikedByUserIdAndLimit - ==> Parameters: 110(Long), 100(Integer)
2024-10-26 00:12:01.547 [http-nio-8086-exec-2] WARN  c.s.o.note.biz.exception.GlobalExceptionHandler - /note/like request fail, errorCode: NOTE-20008, errorMessage: 您已经点赞过该笔记
2024-10-26 00:12:01.549 [http-nio-8086-exec-2] INFO  c.s.f.b.context.filter.HeaderUserId2ContextFilter - ===== 删除 ThreadLocal， userId: 110
2024-10-26 00:12:01.550 [task-1] DEBUG c.s.o.n.b.d.m.N.selectLikedByUserIdAndLimit - <==      Total: 1
2024-10-26 00:12:13.804 [http-nio-8086-exec-4] INFO  c.s.f.b.context.filter.HeaderUserId2ContextFilter - ## HeaderUserId2ContextFilter, 用户 ID: 110
2024-10-26 00:12:13.804 [http-nio-8086-exec-4] INFO  c.s.f.b.context.filter.HeaderUserId2ContextFilter - ===== 设置 userId 到 ThreadLocal 中， 用户 ID: 110
2024-10-26 00:12:13.805 [http-nio-8086-exec-4] INFO  c.s.f.b.operationlog.aspect.ApiOperationLogAspect - ====== 请求开始: [点赞笔记], 入参: {"id":1849494669784776753}, 请求类: controller.com.swc.orangeBook.count.biz.NoteController, 请求方法: likeNote ===================================
2024-10-26 00:12:13.812 [http-nio-8086-exec-4] WARN  c.s.o.note.biz.exception.GlobalExceptionHandler - /note/like request fail, errorCode: NOTE-20008, errorMessage: 您已经点赞过该笔记
2024-10-26 00:12:13.813 [http-nio-8086-exec-4] INFO  c.s.f.b.context.filter.HeaderUserId2ContextFilter - ===== 删除 ThreadLocal， userId: 110
2024-10-26 00:12:29.596 [http-nio-8086-exec-5] INFO  c.s.f.b.context.filter.HeaderUserId2ContextFilter - ## HeaderUserId2ContextFilter, 用户 ID: 110
2024-10-26 00:12:29.597 [http-nio-8086-exec-5] INFO  c.s.f.b.context.filter.HeaderUserId2ContextFilter - ===== 设置 userId 到 ThreadLocal 中， 用户 ID: 110
2024-10-26 00:12:29.598 [http-nio-8086-exec-5] INFO  c.s.f.b.operationlog.aspect.ApiOperationLogAspect - ====== 请求开始: [点赞笔记], 入参: {"id":1849494669784776753}, 请求类: controller.com.swc.orangeBook.count.biz.NoteController, 请求方法: likeNote ===================================
2024-10-26 00:12:29.601 [http-nio-8086-exec-5] DEBUG c.s.o.n.b.d.m.N.selectCountByUserIdAndNoteId - ==>  Preparing: select count(1) from t_note_like where user_id = ? and note_id = ? and status = 1 limit 1
2024-10-26 00:12:29.602 [http-nio-8086-exec-5] DEBUG c.s.o.n.b.d.m.N.selectCountByUserIdAndNoteId - ==> Parameters: 110(Long), 1849494669784776753(Long)
2024-10-26 00:12:29.604 [http-nio-8086-exec-5] DEBUG c.s.o.n.b.d.m.N.selectCountByUserIdAndNoteId - <==      Total: 1
2024-10-26 00:12:29.606 [http-nio-8086-exec-5] WARN  c.s.o.note.biz.exception.GlobalExceptionHandler - /note/like request fail, errorCode: NOTE-20008, errorMessage: 您已经点赞过该笔记
2024-10-26 00:12:29.606 [task-2] DEBUG c.s.o.n.b.d.mapper.NoteLikeDOMapper.selectByUserId - ==>  Preparing: select note_id from t_note_like where user_id = ? and status = 1
2024-10-26 00:12:29.606 [task-2] DEBUG c.s.o.n.b.d.mapper.NoteLikeDOMapper.selectByUserId - ==> Parameters: 110(Long)
2024-10-26 00:12:29.606 [http-nio-8086-exec-5] INFO  c.s.f.b.context.filter.HeaderUserId2ContextFilter - ===== 删除 ThreadLocal， userId: 110
2024-10-26 00:12:29.609 [task-2] DEBUG c.s.o.n.b.d.mapper.NoteLikeDOMapper.selectByUserId - <==      Total: 1
2024-10-26 00:14:22.294 [http-nio-8086-exec-7] INFO  c.s.f.b.context.filter.HeaderUserId2ContextFilter - ## HeaderUserId2ContextFilter, 用户 ID: 110
2024-10-26 00:14:22.294 [http-nio-8086-exec-7] INFO  c.s.f.b.context.filter.HeaderUserId2ContextFilter - ===== 设置 userId 到 ThreadLocal 中， 用户 ID: 110
2024-10-26 00:14:22.295 [http-nio-8086-exec-7] INFO  c.s.f.b.operationlog.aspect.ApiOperationLogAspect - ====== 请求开始: [点赞笔记], 入参: {"id":1849494669784776753}, 请求类: controller.com.swc.orangeBook.count.biz.NoteController, 请求方法: likeNote ===================================
2024-10-26 00:14:22.299 [http-nio-8086-exec-7] WARN  c.s.o.note.biz.exception.GlobalExceptionHandler - /note/like request fail, errorCode: NOTE-20008, errorMessage: 您已经点赞过该笔记
2024-10-26 00:14:22.300 [http-nio-8086-exec-7] INFO  c.s.f.b.context.filter.HeaderUserId2ContextFilter - ===== 删除 ThreadLocal， userId: 110
2024-10-26 00:14:47.976 [http-nio-8086-exec-8] INFO  c.s.f.b.context.filter.HeaderUserId2ContextFilter - ## HeaderUserId2ContextFilter, 用户 ID: 110
2024-10-26 00:14:47.977 [http-nio-8086-exec-8] INFO  c.s.f.b.context.filter.HeaderUserId2ContextFilter - ===== 设置 userId 到 ThreadLocal 中， 用户 ID: 110
2024-10-26 00:14:47.978 [http-nio-8086-exec-8] INFO  c.s.f.b.operationlog.aspect.ApiOperationLogAspect - ====== 请求开始: [点赞笔记], 入参: {"id":1849494669784776753}, 请求类: controller.com.swc.orangeBook.count.biz.NoteController, 请求方法: likeNote ===================================
2024-10-26 00:14:47.982 [http-nio-8086-exec-8] WARN  c.s.o.note.biz.exception.GlobalExceptionHandler - /note/like request fail, errorCode: NOTE-20008, errorMessage: 您已经点赞过该笔记
2024-10-26 00:14:47.983 [http-nio-8086-exec-8] INFO  c.s.f.b.context.filter.HeaderUserId2ContextFilter - ===== 删除 ThreadLocal， userId: 110
2024-10-26 00:15:16.563 [http-nio-8086-exec-9] INFO  c.s.f.b.context.filter.HeaderUserId2ContextFilter - ## HeaderUserId2ContextFilter, 用户 ID: 110
2024-10-26 00:15:16.563 [http-nio-8086-exec-9] INFO  c.s.f.b.context.filter.HeaderUserId2ContextFilter - ===== 设置 userId 到 ThreadLocal 中， 用户 ID: 110
2024-10-26 00:15:16.564 [http-nio-8086-exec-9] INFO  c.s.f.b.operationlog.aspect.ApiOperationLogAspect - ====== 请求开始: [点赞笔记], 入参: {"id":1849494669784776753}, 请求类: controller.com.swc.orangeBook.count.biz.NoteController, 请求方法: likeNote ===================================
2024-10-26 00:15:16.569 [http-nio-8086-exec-9] DEBUG c.s.o.n.b.d.m.N.selectCountByUserIdAndNoteId - ==>  Preparing: select count(1) from t_note_like where user_id = ? and note_id = ? and status = 1 limit 1
2024-10-26 00:15:16.570 [http-nio-8086-exec-9] DEBUG c.s.o.n.b.d.m.N.selectCountByUserIdAndNoteId - ==> Parameters: 110(Long), 1849494669784776753(Long)
2024-10-26 00:15:16.572 [http-nio-8086-exec-9] DEBUG c.s.o.n.b.d.m.N.selectCountByUserIdAndNoteId - <==      Total: 1
2024-10-26 00:15:16.573 [http-nio-8086-exec-9] DEBUG c.s.o.n.b.d.mapper.NoteLikeDOMapper.selectByUserId - ==>  Preparing: select note_id from t_note_like where user_id = ? and status = 1
2024-10-26 00:15:16.573 [http-nio-8086-exec-9] DEBUG c.s.o.n.b.d.mapper.NoteLikeDOMapper.selectByUserId - ==> Parameters: 110(Long)
2024-10-26 00:15:16.575 [http-nio-8086-exec-9] DEBUG c.s.o.n.b.d.mapper.NoteLikeDOMapper.selectByUserId - <==      Total: 0
2024-10-26 00:15:16.582 [http-nio-8086-exec-9] INFO  c.s.f.b.operationlog.aspect.ApiOperationLogAspect - ====== 请求结束: [点赞笔记], 耗时: 18ms, 出参: {"success":true,"message":null,"errorCode":null,"data":null} =================================== 
2024-10-26 00:15:16.583 [http-nio-8086-exec-9] INFO  c.s.f.b.context.filter.HeaderUserId2ContextFilter - ===== 删除 ThreadLocal， userId: 110
2024-10-26 00:15:16.586 [NettyClientPublicExecutor_3] INFO  c.s.o.note.biz.service.impl.NoteServiceImpl - ==> 【笔记点赞】MQ 发送成功，SendResult: SendResult [sendStatus=SEND_OK, msgId=7F000001CCF063947C6B80CCF8660002, offsetMsgId=C0A8F78A00002A9F0000000000001440, messageQueue=MessageQueue [topic=LikeUnlikeTopic, brokerName=192.168.247.138, queueId=0], queueOffset=3]
2024-10-26 00:15:16.587 [ConsumeMessageThread_xiaochengshu_group_LikeUnlikeTopic_2] INFO  c.s.o.note.biz.consumer.LikeUnlikeNoteConsumer - ==> LikeUnlikeNoteConsumer 消费了消息 {"userId":110,"noteId":1849494669784776753,"type":1,"createTime":"2024-10-26 00:15:16"}, tags: Like
2024-10-26 00:15:16.587 [ConsumeMessageThread_xiaochengshu_group_LikeUnlikeTopic_2] DEBUG c.s.o.n.b.d.mapper.NoteLikeDOMapper.insertOrUpdate - ==>  Preparing: INSERT INTO t_note_like (user_id, note_id, create_time, status) VALUES (?, ?, ?, ?) ON DUPLICATE KEY UPDATE create_time = ?, status = ?;
2024-10-26 00:15:16.588 [ConsumeMessageThread_xiaochengshu_group_LikeUnlikeTopic_2] DEBUG c.s.o.n.b.d.mapper.NoteLikeDOMapper.insertOrUpdate - ==> Parameters: 110(Long), 1849494669784776753(Long), 2024-10-26T00:15:16(LocalDateTime), 1(Integer), 2024-10-26T00:15:16(LocalDateTime), 1(Integer)
2024-10-26 00:15:16.594 [ConsumeMessageThread_xiaochengshu_group_LikeUnlikeTopic_2] DEBUG c.s.o.n.b.d.mapper.NoteLikeDOMapper.insertOrUpdate - <==    Updates: 2
2024-10-26 00:15:16.598 [NettyClientPublicExecutor_4] INFO  c.s.o.note.biz.consumer.LikeUnlikeNoteConsumer - ==> 【计数: 笔记点赞】MQ 发送成功，SendResult: SendResult [sendStatus=SEND_OK, msgId=7F000001CCF063947C6B80CCF8730003, offsetMsgId=C0A8F78A00002A9F00000000000015B0, messageQueue=MessageQueue [topic=CountNoteLikeTopic, brokerName=192.168.247.138, queueId=0], queueOffset=1]
2024-10-26 00:26:03.391 [http-nio-8086-exec-1] INFO  c.s.f.b.context.filter.HeaderUserId2ContextFilter - ## HeaderUserId2ContextFilter, 用户 ID: 110
2024-10-26 00:26:03.391 [http-nio-8086-exec-1] INFO  c.s.f.b.context.filter.HeaderUserId2ContextFilter - ===== 设置 userId 到 ThreadLocal 中， 用户 ID: 110
2024-10-26 00:26:03.393 [http-nio-8086-exec-1] INFO  c.s.f.b.operationlog.aspect.ApiOperationLogAspect - ====== 请求开始: [点赞笔记], 入参: {"id":1849494669784776753}, 请求类: controller.com.swc.orangeBook.count.biz.NoteController, 请求方法: likeNote ===================================
2024-10-26 00:26:03.397 [http-nio-8086-exec-1] DEBUG c.s.o.n.b.d.m.N.selectCountByUserIdAndNoteId - ==>  Preparing: select count(1) from t_note_like where user_id = ? and note_id = ? and status = 1 limit 1
2024-10-26 00:26:03.399 [http-nio-8086-exec-1] DEBUG c.s.o.n.b.d.m.N.selectCountByUserIdAndNoteId - ==> Parameters: 110(Long), 1849494669784776753(Long)
2024-10-26 00:26:03.401 [http-nio-8086-exec-1] DEBUG c.s.o.n.b.d.m.N.selectCountByUserIdAndNoteId - <==      Total: 1
2024-10-26 00:26:03.401 [http-nio-8086-exec-1] DEBUG c.s.o.n.b.d.mapper.NoteLikeDOMapper.selectByUserId - ==>  Preparing: select note_id from t_note_like where user_id = ? and status = 1
2024-10-26 00:26:03.402 [http-nio-8086-exec-1] DEBUG c.s.o.n.b.d.mapper.NoteLikeDOMapper.selectByUserId - ==> Parameters: 110(Long)
2024-10-26 00:26:03.404 [http-nio-8086-exec-1] DEBUG c.s.o.n.b.d.mapper.NoteLikeDOMapper.selectByUserId - <==      Total: 0
2024-10-26 00:26:03.411 [http-nio-8086-exec-1] INFO  c.s.f.b.operationlog.aspect.ApiOperationLogAspect - ====== 请求结束: [点赞笔记], 耗时: 18ms, 出参: {"success":true,"message":null,"errorCode":null,"data":null} =================================== 
2024-10-26 00:26:03.412 [http-nio-8086-exec-1] INFO  c.s.f.b.context.filter.HeaderUserId2ContextFilter - ===== 删除 ThreadLocal， userId: 110
2024-10-26 00:26:03.414 [NettyClientPublicExecutor_5] INFO  c.s.o.note.biz.service.impl.NoteServiceImpl - ==> 【笔记点赞】MQ 发送成功，SendResult: SendResult [sendStatus=SEND_OK, msgId=7F000001CCF063947C6B80D6D7130004, offsetMsgId=C0A8F78A00002A9F0000000000001848, messageQueue=MessageQueue [topic=LikeUnlikeTopic, brokerName=192.168.247.138, queueId=0], queueOffset=4]
2024-10-26 00:26:03.415 [ConsumeMessageThread_xiaochengshu_group_LikeUnlikeTopic_3] INFO  c.s.o.note.biz.consumer.LikeUnlikeNoteConsumer - ==> LikeUnlikeNoteConsumer 消费了消息 {"userId":110,"noteId":1849494669784776753,"type":1,"createTime":"2024-10-26 00:26:03"}, tags: Like
2024-10-26 00:26:03.416 [ConsumeMessageThread_xiaochengshu_group_LikeUnlikeTopic_3] DEBUG c.s.o.n.b.d.mapper.NoteLikeDOMapper.insertOrUpdate - ==>  Preparing: INSERT INTO t_note_like (user_id, note_id, create_time, status) VALUES (?, ?, ?, ?) ON DUPLICATE KEY UPDATE create_time = ?, status = ?;
2024-10-26 00:26:03.417 [ConsumeMessageThread_xiaochengshu_group_LikeUnlikeTopic_3] DEBUG c.s.o.n.b.d.mapper.NoteLikeDOMapper.insertOrUpdate - ==> Parameters: 110(Long), 1849494669784776753(Long), 2024-10-26T00:26:03(LocalDateTime), 1(Integer), 2024-10-26T00:26:03(LocalDateTime), 1(Integer)
2024-10-26 00:26:03.424 [ConsumeMessageThread_xiaochengshu_group_LikeUnlikeTopic_3] DEBUG c.s.o.n.b.d.mapper.NoteLikeDOMapper.insertOrUpdate - <==    Updates: 2
2024-10-26 00:26:03.427 [NettyClientPublicExecutor_6] INFO  c.s.o.note.biz.consumer.LikeUnlikeNoteConsumer - ==> 【计数: 笔记点赞】MQ 发送成功，SendResult: SendResult [sendStatus=SEND_OK, msgId=7F000001CCF063947C6B80D6D7210005, offsetMsgId=C0A8F78A00002A9F00000000000019B8, messageQueue=MessageQueue [topic=CountNoteLikeTopic, brokerName=192.168.247.138, queueId=2], queueOffset=1]
2024-10-26 01:02:22.211 [Thread-10] WARN  com.alibaba.nacos.common.notify.NotifyCenter - [NotifyCenter] Start destroying Publisher
2024-10-26 01:02:22.211 [Thread-13] WARN  c.alibaba.nacos.common.http.HttpClientBeanHolder - [HttpClientBeanHolder] Start destroying common HttpClient
2024-10-26 01:02:22.212 [Thread-10] WARN  com.alibaba.nacos.common.notify.NotifyCenter - [NotifyCenter] Destruction of the end
2024-10-26 01:02:22.213 [Thread-13] WARN  c.alibaba.nacos.common.http.HttpClientBeanHolder - [HttpClientBeanHolder] Destruction of the end
2024-10-26 01:02:25.220 [NettyClientSelector_1] INFO  RocketmqRemoting - closeChannel: close the connection to remote address[192.168.247.138:10911] result: true
2024-10-26 01:02:27.698 [com.alibaba.nacos.client.remote.worker] INFO  com.alibaba.nacos.common.remote.client - [5ac73f21-fe9d-4360-953e-7b83b9a5d2d4] Server healthy check fail, currentConnection = 1729872487849_192.168.247.1_50541
2024-10-26 01:02:27.699 [com.alibaba.nacos.client.remote.worker] INFO  com.alibaba.nacos.common.remote.client - [5ac73f21-fe9d-4360-953e-7b83b9a5d2d4] Try to reconnect to a new server, server is  not appointed, will choose a random server.
2024-10-26 01:02:27.699 [com.alibaba.nacos.client.remote.worker] INFO  c.a.nacos.common.remote.client.grpc.GrpcClient - grpc client connection server:192.168.247.138 ip,serverPort:9848,grpcTslConfig:{"sslProvider":"OPENSSL","enableTls":false,"mutualAuthEnable":false,"trustAll":false}
2024-10-26 01:02:28.221 [NettyClientSelector_1] INFO  RocketmqRemoting - closeChannel: close the connection to remote address[192.168.247.138:9876] result: true
2024-10-26 01:02:28.222 [NettyClientSelector_1] INFO  RocketmqRemoting - closeChannel: close the connection to remote address[192.168.247.138:10911] result: true
2024-10-26 01:02:28.742 [NettyClientSelector_1] INFO  RocketmqRemoting - closeChannel: close the connection to remote address[192.168.247.138:10911] result: true
2024-10-26 01:02:28.742 [NettyClientSelector_1] INFO  RocketmqRemoting - closeChannel: close the connection to remote address[192.168.247.138:10911] result: true
2024-10-26 01:02:30.702 [com.alibaba.nacos.client.remote.worker] ERROR c.a.nacos.common.remote.client.grpc.GrpcClient - Server check fail, please check server 192.168.247.138 ,port 9848 is available , error ={}
java.util.concurrent.TimeoutException: Waited 3000 milliseconds (plus 366200 nanoseconds delay) for com.alibaba.nacos.shaded.io.grpc.stub.ClientCalls$GrpcFuture@54211435[status=PENDING, info=[GrpcFuture{clientCall=PendingCall{realCall=ClientCallImpl{method=MethodDescriptor{fullMethodName=Request/request, type=UNARY, idempotent=false, safe=false, sampledToLocalTracing=true, requestMarshaller=com.alibaba.nacos.shaded.io.grpc.protobuf.lite.ProtoLiteUtils$MessageMarshaller@1aacd75c, responseMarshaller=com.alibaba.nacos.shaded.io.grpc.protobuf.lite.ProtoLiteUtils$MessageMarshaller@38132ee6, schemaDescriptor=com.alibaba.nacos.api.grpc.auto.RequestGrpc$RequestMethodDescriptorSupplier@33202eb8}}}}]]
	at com.alibaba.nacos.shaded.com.google.common.util.concurrent.AbstractFuture.get(AbstractFuture.java:508)
	at com.alibaba.nacos.common.remote.client.grpc.GrpcClient.serverCheck(GrpcClient.java:218)
	at com.alibaba.nacos.common.remote.client.grpc.GrpcClient.connectToServer(GrpcClient.java:329)
	at com.alibaba.nacos.common.remote.client.RpcClient.reconnect(RpcClient.java:502)
	at com.alibaba.nacos.common.remote.client.RpcClient.lambda$start$2(RpcClient.java:343)
	at java.base/java.util.concurrent.Executors$RunnableAdapter.call(Executors.java:539)
	at java.base/java.util.concurrent.FutureTask.run(FutureTask.java:264)
	at java.base/java.util.concurrent.ScheduledThreadPoolExecutor$ScheduledFutureTask.run(ScheduledThreadPoolExecutor.java:304)
	at java.base/java.util.concurrent.ThreadPoolExecutor.runWorker(ThreadPoolExecutor.java:1136)
	at java.base/java.util.concurrent.ThreadPoolExecutor$Worker.run(ThreadPoolExecutor.java:635)
	at java.base/java.lang.Thread.run(Thread.java:842)
2024-10-26 01:02:30.813 [com.alibaba.nacos.client.remote.worker] INFO  c.a.nacos.common.remote.client.grpc.GrpcClient - grpc client connection server:192.168.247.138 ip,serverPort:9848,grpcTslConfig:{"sslProvider":"OPENSSL","enableTls":false,"mutualAuthEnable":false,"trustAll":false}
2024-10-26 01:02:31.744 [NettyClientSelector_1] INFO  RocketmqRemoting - closeChannel: close the connection to remote address[192.168.247.138:10911] result: true
2024-10-26 01:02:33.816 [com.alibaba.nacos.client.remote.worker] ERROR c.a.nacos.common.remote.client.grpc.GrpcClient - Server check fail, please check server 192.168.247.138 ,port 9848 is available , error ={}
java.util.concurrent.TimeoutException: Waited 3000 milliseconds (plus 332699 nanoseconds delay) for com.alibaba.nacos.shaded.io.grpc.stub.ClientCalls$GrpcFuture@2d55d73a[status=PENDING, info=[GrpcFuture{clientCall=PendingCall{realCall=ClientCallImpl{method=MethodDescriptor{fullMethodName=Request/request, type=UNARY, idempotent=false, safe=false, sampledToLocalTracing=true, requestMarshaller=com.alibaba.nacos.shaded.io.grpc.protobuf.lite.ProtoLiteUtils$MessageMarshaller@1aacd75c, responseMarshaller=com.alibaba.nacos.shaded.io.grpc.protobuf.lite.ProtoLiteUtils$MessageMarshaller@38132ee6, schemaDescriptor=com.alibaba.nacos.api.grpc.auto.RequestGrpc$RequestMethodDescriptorSupplier@33202eb8}}}}]]
	at com.alibaba.nacos.shaded.com.google.common.util.concurrent.AbstractFuture.get(AbstractFuture.java:508)
	at com.alibaba.nacos.common.remote.client.grpc.GrpcClient.serverCheck(GrpcClient.java:218)
	at com.alibaba.nacos.common.remote.client.grpc.GrpcClient.connectToServer(GrpcClient.java:329)
	at com.alibaba.nacos.common.remote.client.RpcClient.reconnect(RpcClient.java:502)
	at com.alibaba.nacos.common.remote.client.RpcClient.lambda$start$2(RpcClient.java:343)
	at java.base/java.util.concurrent.Executors$RunnableAdapter.call(Executors.java:539)
	at java.base/java.util.concurrent.FutureTask.run(FutureTask.java:264)
	at java.base/java.util.concurrent.ScheduledThreadPoolExecutor$ScheduledFutureTask.run(ScheduledThreadPoolExecutor.java:304)
	at java.base/java.util.concurrent.ThreadPoolExecutor.runWorker(ThreadPoolExecutor.java:1136)
	at java.base/java.util.concurrent.ThreadPoolExecutor$Worker.run(ThreadPoolExecutor.java:635)
	at java.base/java.lang.Thread.run(Thread.java:842)
2024-10-26 01:02:33.816 [com.alibaba.nacos.client.remote.worker] INFO  com.alibaba.nacos.common.remote.client - [5ac73f21-fe9d-4360-953e-7b83b9a5d2d4] Fail to connect server, after trying 1 times, last try server is {serverIp = '192.168.247.138', server main port = 8848}, error = unknown
2024-10-26 01:02:34.017 [com.alibaba.nacos.client.remote.worker] INFO  c.a.nacos.common.remote.client.grpc.GrpcClient - grpc client connection server:192.168.247.138 ip,serverPort:9848,grpcTslConfig:{"sslProvider":"OPENSSL","enableTls":false,"mutualAuthEnable":false,"trustAll":false}
2024-10-26 01:02:34.806 [nacos-grpc-client-executor-192.168.247.138-717] WARN  c.a.nacos.common.remote.client.grpc.GrpcClient - [1729872487849_192.168.247.1_50541]Ignore error event,isRunning:false,isAbandon=false
2024-10-26 01:02:37.019 [com.alibaba.nacos.client.remote.worker] ERROR c.a.nacos.common.remote.client.grpc.GrpcClient - Server check fail, please check server 192.168.247.138 ,port 9848 is available , error ={}
java.util.concurrent.TimeoutException: Waited 3000 milliseconds (plus 135700 nanoseconds delay) for com.alibaba.nacos.shaded.io.grpc.stub.ClientCalls$GrpcFuture@1c510213[status=PENDING, info=[GrpcFuture{clientCall=PendingCall{realCall=ClientCallImpl{method=MethodDescriptor{fullMethodName=Request/request, type=UNARY, idempotent=false, safe=false, sampledToLocalTracing=true, requestMarshaller=com.alibaba.nacos.shaded.io.grpc.protobuf.lite.ProtoLiteUtils$MessageMarshaller@1aacd75c, responseMarshaller=com.alibaba.nacos.shaded.io.grpc.protobuf.lite.ProtoLiteUtils$MessageMarshaller@38132ee6, schemaDescriptor=com.alibaba.nacos.api.grpc.auto.RequestGrpc$RequestMethodDescriptorSupplier@33202eb8}}}}]]
	at com.alibaba.nacos.shaded.com.google.common.util.concurrent.AbstractFuture.get(AbstractFuture.java:508)
	at com.alibaba.nacos.common.remote.client.grpc.GrpcClient.serverCheck(GrpcClient.java:218)
	at com.alibaba.nacos.common.remote.client.grpc.GrpcClient.connectToServer(GrpcClient.java:329)
	at com.alibaba.nacos.common.remote.client.RpcClient.reconnect(RpcClient.java:502)
	at com.alibaba.nacos.common.remote.client.RpcClient.lambda$start$2(RpcClient.java:343)
	at java.base/java.util.concurrent.Executors$RunnableAdapter.call(Executors.java:539)
	at java.base/java.util.concurrent.FutureTask.run(FutureTask.java:264)
	at java.base/java.util.concurrent.ScheduledThreadPoolExecutor$ScheduledFutureTask.run(ScheduledThreadPoolExecutor.java:304)
	at java.base/java.util.concurrent.ThreadPoolExecutor.runWorker(ThreadPoolExecutor.java:1136)
	at java.base/java.util.concurrent.ThreadPoolExecutor$Worker.run(ThreadPoolExecutor.java:635)
	at java.base/java.lang.Thread.run(Thread.java:842)
2024-10-26 01:02:37.019 [com.alibaba.nacos.client.remote.worker] INFO  com.alibaba.nacos.common.remote.client - [5ac73f21-fe9d-4360-953e-7b83b9a5d2d4] Fail to connect server, after trying 2 times, last try server is {serverIp = '192.168.247.138', server main port = 8848}, error = unknown
2024-10-26 01:02:37.321 [com.alibaba.nacos.client.remote.worker] INFO  c.a.nacos.common.remote.client.grpc.GrpcClient - grpc client connection server:192.168.247.138 ip,serverPort:9848,grpcTslConfig:{"sslProvider":"OPENSSL","enableTls":false,"mutualAuthEnable":false,"trustAll":false}
2024-10-26 01:02:37.749 [NettyClientSelector_1] INFO  RocketmqRemoting - closeChannel: close the connection to remote address[192.168.247.138:10911] result: true
2024-10-26 01:02:39.483 [NettyClientSelector_1] INFO  RocketmqRemoting - closeChannel: close the connection to remote address[192.168.247.138:9876] result: true
2024-10-26 01:02:40.323 [com.alibaba.nacos.client.remote.worker] ERROR c.a.nacos.common.remote.client.grpc.GrpcClient - Server check fail, please check server 192.168.247.138 ,port 9848 is available , error ={}
java.util.concurrent.TimeoutException: Waited 3000 milliseconds (plus 949400 nanoseconds delay) for com.alibaba.nacos.shaded.io.grpc.stub.ClientCalls$GrpcFuture@278d2d6d[status=PENDING, info=[GrpcFuture{clientCall=PendingCall{realCall=ClientCallImpl{method=MethodDescriptor{fullMethodName=Request/request, type=UNARY, idempotent=false, safe=false, sampledToLocalTracing=true, requestMarshaller=com.alibaba.nacos.shaded.io.grpc.protobuf.lite.ProtoLiteUtils$MessageMarshaller@1aacd75c, responseMarshaller=com.alibaba.nacos.shaded.io.grpc.protobuf.lite.ProtoLiteUtils$MessageMarshaller@38132ee6, schemaDescriptor=com.alibaba.nacos.api.grpc.auto.RequestGrpc$RequestMethodDescriptorSupplier@33202eb8}}}}]]
	at com.alibaba.nacos.shaded.com.google.common.util.concurrent.AbstractFuture.get(AbstractFuture.java:508)
	at com.alibaba.nacos.common.remote.client.grpc.GrpcClient.serverCheck(GrpcClient.java:218)
	at com.alibaba.nacos.common.remote.client.grpc.GrpcClient.connectToServer(GrpcClient.java:329)
	at com.alibaba.nacos.common.remote.client.RpcClient.reconnect(RpcClient.java:502)
	at com.alibaba.nacos.common.remote.client.RpcClient.lambda$start$2(RpcClient.java:343)
	at java.base/java.util.concurrent.Executors$RunnableAdapter.call(Executors.java:539)
	at java.base/java.util.concurrent.FutureTask.run(FutureTask.java:264)
	at java.base/java.util.concurrent.ScheduledThreadPoolExecutor$ScheduledFutureTask.run(ScheduledThreadPoolExecutor.java:304)
	at java.base/java.util.concurrent.ThreadPoolExecutor.runWorker(ThreadPoolExecutor.java:1136)
	at java.base/java.util.concurrent.ThreadPoolExecutor$Worker.run(ThreadPoolExecutor.java:635)
	at java.base/java.lang.Thread.run(Thread.java:842)
2024-10-26 01:02:40.325 [com.alibaba.nacos.client.remote.worker] INFO  com.alibaba.nacos.common.remote.client - [5ac73f21-fe9d-4360-953e-7b83b9a5d2d4] Fail to connect server, after trying 3 times, last try server is {serverIp = '192.168.247.138', server main port = 8848}, error = unknown
2024-10-26 01:02:40.727 [com.alibaba.nacos.client.remote.worker] INFO  c.a.nacos.common.remote.client.grpc.GrpcClient - grpc client connection server:192.168.247.138 ip,serverPort:9848,grpcTslConfig:{"sslProvider":"OPENSSL","enableTls":false,"mutualAuthEnable":false,"trustAll":false}
2024-10-26 01:02:42.484 [NettyClientSelector_1] INFO  RocketmqRemoting - closeChannel: close the connection to remote address[192.168.247.138:10911] result: true
2024-10-26 01:02:43.730 [com.alibaba.nacos.client.remote.worker] ERROR c.a.nacos.common.remote.client.grpc.GrpcClient - Server check fail, please check server 192.168.247.138 ,port 9848 is available , error ={}
java.util.concurrent.TimeoutException: Waited 3000 milliseconds (plus 302600 nanoseconds delay) for com.alibaba.nacos.shaded.io.grpc.stub.ClientCalls$GrpcFuture@7f95e9df[status=PENDING, info=[GrpcFuture{clientCall=PendingCall{realCall=ClientCallImpl{method=MethodDescriptor{fullMethodName=Request/request, type=UNARY, idempotent=false, safe=false, sampledToLocalTracing=true, requestMarshaller=com.alibaba.nacos.shaded.io.grpc.protobuf.lite.ProtoLiteUtils$MessageMarshaller@1aacd75c, responseMarshaller=com.alibaba.nacos.shaded.io.grpc.protobuf.lite.ProtoLiteUtils$MessageMarshaller@38132ee6, schemaDescriptor=com.alibaba.nacos.api.grpc.auto.RequestGrpc$RequestMethodDescriptorSupplier@33202eb8}}}}]]
	at com.alibaba.nacos.shaded.com.google.common.util.concurrent.AbstractFuture.get(AbstractFuture.java:508)
	at com.alibaba.nacos.common.remote.client.grpc.GrpcClient.serverCheck(GrpcClient.java:218)
	at com.alibaba.nacos.common.remote.client.grpc.GrpcClient.connectToServer(GrpcClient.java:329)
	at com.alibaba.nacos.common.remote.client.RpcClient.reconnect(RpcClient.java:502)
	at com.alibaba.nacos.common.remote.client.RpcClient.lambda$start$2(RpcClient.java:343)
	at java.base/java.util.concurrent.Executors$RunnableAdapter.call(Executors.java:539)
	at java.base/java.util.concurrent.FutureTask.run(FutureTask.java:264)
	at java.base/java.util.concurrent.ScheduledThreadPoolExecutor$ScheduledFutureTask.run(ScheduledThreadPoolExecutor.java:304)
	at java.base/java.util.concurrent.ThreadPoolExecutor.runWorker(ThreadPoolExecutor.java:1136)
	at java.base/java.util.concurrent.ThreadPoolExecutor$Worker.run(ThreadPoolExecutor.java:635)
	at java.base/java.lang.Thread.run(Thread.java:842)
2024-10-26 01:02:43.730 [com.alibaba.nacos.client.remote.worker] INFO  com.alibaba.nacos.common.remote.client - [5ac73f21-fe9d-4360-953e-7b83b9a5d2d4] Fail to connect server, after trying 4 times, last try server is {serverIp = '192.168.247.138', server main port = 8848}, error = unknown
2024-10-26 01:02:43.752 [NettyClientSelector_1] INFO  RocketmqRemoting - closeChannel: close the connection to remote address[192.168.247.138:9876] result: true
2024-10-26 01:02:43.790 [SpringApplicationShutdownHook] INFO  c.a.cloud.nacos.registry.NacosServiceRegistry - De-registering from Nacos Server now...
2024-10-26 01:02:43.790 [SpringApplicationShutdownHook] INFO  com.alibaba.nacos.client.naming - [DEREGISTER-SERVICE] xiaochengshu deregistering service xiaochengshu-note with instance: Instance{instanceId='null', ip='192.168.17.1', port=8086, weight=1.0, healthy=true, enabled=true, ephemeral=true, clusterName='DEFAULT', serviceName='null', metadata={}}
2024-10-26 01:02:43.892 [SpringApplicationShutdownHook] ERROR com.alibaba.nacos.common.remote.client - Send request fail, request = InstanceRequest{headers={app=unknown}, requestId='null'}, retryTimes = 0, errorMessage = Client not connected, current status:UNHEALTHY
2024-10-26 01:02:43.954 [NettyClientSelector_1] INFO  RocketmqRemoting - closeChannel: close the connection to remote address[] result: true
2024-10-26 01:02:43.993 [SpringApplicationShutdownHook] ERROR com.alibaba.nacos.common.remote.client - Send request fail, request = InstanceRequest{headers={app=unknown}, requestId='null'}, retryTimes = 1, errorMessage = Client not connected, current status:UNHEALTHY
2024-10-26 01:02:44.094 [SpringApplicationShutdownHook] ERROR com.alibaba.nacos.common.remote.client - Send request fail, request = InstanceRequest{headers={app=unknown}, requestId='null'}, retryTimes = 2, errorMessage = Client not connected, current status:UNHEALTHY
2024-10-26 01:02:44.103 [SpringApplicationShutdownHook] ERROR c.a.cloud.nacos.registry.NacosServiceRegistry - ERR_NACOS_DEREGISTER, de-register failed...NacosRegistration{nacosDiscoveryProperties=NacosDiscoveryProperties{serverAddr='192.168.247.138:8848', username='', password='', endpoint='', namespace='xiaochengshu', watchDelay=30000, logName='', service='xiaochengshu-note', weight=1.0, clusterName='DEFAULT', group='DEFAULT_GROUP', namingLoadCacheAtStart='false', metadata={IPv6=null, preserved.register.source=SPRING_CLOUD}, registerEnabled=true, ip='192.168.17.1', networkInterface='', port=8086, secure=false, accessKey='', secretKey='', heartBeatInterval=null, heartBeatTimeout=null, ipDeleteTimeout=null, instanceEnabled=true, ephemeral=true, failureToleranceEnabled=false}, ipDeleteTimeout=null, failFast=true}},
com.alibaba.nacos.api.exception.NacosException: Client not connected, current status:UNHEALTHY
	at com.alibaba.nacos.common.remote.client.RpcClient.request(RpcClient.java:643)
	at com.alibaba.nacos.common.remote.client.RpcClient.request(RpcClient.java:623)
	at com.alibaba.nacos.client.naming.remote.gprc.NamingGrpcClientProxy.requestToServer(NamingGrpcClientProxy.java:357)
	at com.alibaba.nacos.client.naming.remote.gprc.NamingGrpcClientProxy.doDeregisterService(NamingGrpcClientProxy.java:234)
	at com.alibaba.nacos.client.naming.remote.gprc.NamingGrpcClientProxy.deregisterService(NamingGrpcClientProxy.java:220)
	at com.alibaba.nacos.client.naming.remote.NamingClientProxyDelegate.deregisterService(NamingClientProxyDelegate.java:125)
	at com.alibaba.nacos.client.naming.NacosNamingService.deregisterInstance(NacosNamingService.java:192)
	at com.alibaba.nacos.client.naming.NacosNamingService.deregisterInstance(NacosNamingService.java:182)
	at com.alibaba.cloud.nacos.registry.NacosServiceRegistry.deregister(NacosServiceRegistry.java:107)
	at org.springframework.cloud.client.serviceregistry.AbstractAutoServiceRegistration.deregister(AbstractAutoServiceRegistration.java:281)
	at org.springframework.cloud.client.serviceregistry.AbstractAutoServiceRegistration.stop(AbstractAutoServiceRegistration.java:299)
	at org.springframework.cloud.client.serviceregistry.AbstractAutoServiceRegistration.destroy(AbstractAutoServiceRegistration.java:233)
	at java.base/jdk.internal.reflect.NativeMethodAccessorImpl.invoke0(Native Method)
	at java.base/jdk.internal.reflect.NativeMethodAccessorImpl.invoke(NativeMethodAccessorImpl.java:77)
	at java.base/jdk.internal.reflect.DelegatingMethodAccessorImpl.invoke(DelegatingMethodAccessorImpl.java:43)
	at java.base/java.lang.reflect.Method.invoke(Method.java:568)
	at org.springframework.beans.factory.annotation.InitDestroyAnnotationBeanPostProcessor$LifecycleElement.invoke(InitDestroyAnnotationBeanPostProcessor.java:424)
	at org.springframework.beans.factory.annotation.InitDestroyAnnotationBeanPostProcessor$LifecycleMetadata.invokeDestroyMethods(InitDestroyAnnotationBeanPostProcessor.java:382)
	at org.springframework.beans.factory.annotation.InitDestroyAnnotationBeanPostProcessor.postProcessBeforeDestruction(InitDestroyAnnotationBeanPostProcessor.java:212)
	at org.springframework.beans.factory.support.DisposableBeanAdapter.destroy(DisposableBeanAdapter.java:191)
	at org.springframework.beans.factory.support.DefaultSingletonBeanRegistry.destroyBean(DefaultSingletonBeanRegistry.java:587)
	at org.springframework.beans.factory.support.DefaultSingletonBeanRegistry.destroySingleton(DefaultSingletonBeanRegistry.java:559)
	at org.springframework.beans.factory.support.DefaultListableBeanFactory.destroySingleton(DefaultListableBeanFactory.java:1177)
	at org.springframework.beans.factory.support.DefaultSingletonBeanRegistry.destroySingletons(DefaultSingletonBeanRegistry.java:520)
	at org.springframework.beans.factory.support.DefaultListableBeanFactory.destroySingletons(DefaultListableBeanFactory.java:1170)
	at org.springframework.context.support.AbstractApplicationContext.destroyBeans(AbstractApplicationContext.java:1082)
	at org.springframework.context.support.AbstractApplicationContext.doClose(AbstractApplicationContext.java:1051)
	at org.springframework.boot.web.servlet.context.ServletWebServerApplicationContext.doClose(ServletWebServerApplicationContext.java:173)
	at org.springframework.context.support.AbstractApplicationContext.close(AbstractApplicationContext.java:1001)
	at org.springframework.boot.SpringApplicationShutdownHook.closeAndWait(SpringApplicationShutdownHook.java:139)
	at java.base/java.lang.Iterable.forEach(Iterable.java:75)
	at org.springframework.boot.SpringApplicationShutdownHook.run(SpringApplicationShutdownHook.java:108)
	at java.base/java.lang.Thread.run(Thread.java:842)
2024-10-26 01:02:44.103 [SpringApplicationShutdownHook] INFO  c.a.cloud.nacos.registry.NacosServiceRegistry - De-registration finished.
2024-10-26 01:02:44.104 [SpringApplicationShutdownHook] INFO  com.alibaba.nacos.client.naming - com.alibaba.nacos.client.naming.cache.ServiceInfoHolder do shutdown begin
2024-10-26 01:02:44.104 [SpringApplicationShutdownHook] INFO  com.alibaba.nacos.client.naming - com.alibaba.nacos.client.naming.backups.FailoverReactor do shutdown begin
2024-10-26 01:02:44.104 [SpringApplicationShutdownHook] INFO  com.alibaba.nacos.client.naming - com.alibaba.nacos.client.naming.backups.FailoverReactor do shutdown stop
2024-10-26 01:02:44.104 [SpringApplicationShutdownHook] INFO  com.alibaba.nacos.client.naming - com.alibaba.nacos.client.naming.cache.ServiceInfoHolder do shutdown stop
2024-10-26 01:02:44.104 [SpringApplicationShutdownHook] INFO  com.alibaba.nacos.client.naming - com.alibaba.nacos.client.naming.remote.NamingClientProxyDelegate do shutdown begin
2024-10-26 01:02:44.104 [SpringApplicationShutdownHook] INFO  com.alibaba.nacos.client.naming - com.alibaba.nacos.client.naming.core.ServiceInfoUpdateService do shutdown begin
2024-10-26 01:02:44.104 [SpringApplicationShutdownHook] INFO  com.alibaba.nacos.client.naming - com.alibaba.nacos.client.naming.core.ServiceInfoUpdateService do shutdown stop
2024-10-26 01:02:44.105 [SpringApplicationShutdownHook] INFO  com.alibaba.nacos.client.naming - com.alibaba.nacos.client.naming.core.ServerListManager do shutdown begin
2024-10-26 01:02:44.105 [SpringApplicationShutdownHook] WARN  com.alibaba.nacos.client.naming - [NamingHttpClientManager] Start destroying NacosRestTemplate
2024-10-26 01:02:44.105 [SpringApplicationShutdownHook] WARN  com.alibaba.nacos.client.naming - [NamingHttpClientManager] Destruction of the end
2024-10-26 01:02:44.105 [SpringApplicationShutdownHook] INFO  com.alibaba.nacos.client.naming - com.alibaba.nacos.client.naming.core.ServerListManager do shutdown stop
2024-10-26 01:02:44.105 [SpringApplicationShutdownHook] INFO  com.alibaba.nacos.client.naming - com.alibaba.nacos.client.naming.remote.http.NamingHttpClientProxy do shutdown begin
2024-10-26 01:02:44.105 [SpringApplicationShutdownHook] WARN  com.alibaba.nacos.client.naming - [NamingHttpClientManager] Start destroying NacosRestTemplate
2024-10-26 01:02:44.105 [SpringApplicationShutdownHook] WARN  com.alibaba.nacos.client.naming - [NamingHttpClientManager] Destruction of the end
2024-10-26 01:02:44.105 [SpringApplicationShutdownHook] INFO  com.alibaba.nacos.client.naming - com.alibaba.nacos.client.naming.remote.http.NamingHttpClientProxy do shutdown stop
2024-10-26 01:02:44.105 [SpringApplicationShutdownHook] INFO  com.alibaba.nacos.common.remote.client - Shutdown rpc client, set status to shutdown
2024-10-26 01:02:44.105 [SpringApplicationShutdownHook] INFO  com.alibaba.nacos.common.remote.client - Shutdown client event executor java.util.concurrent.ScheduledThreadPoolExecutor@67cffbbb[Running, pool size = 2, active threads = 2, queued tasks = 0, completed tasks = 0]
2024-10-26 01:02:44.105 [SpringApplicationShutdownHook] INFO  com.alibaba.nacos.common.remote.client - Close current connection 1729872487849_192.168.247.1_50541
2024-10-26 01:02:44.105 [com.alibaba.nacos.client.remote.worker] INFO  com.alibaba.nacos.common.remote.client - [5ac73f21-fe9d-4360-953e-7b83b9a5d2d4] Client is shutdown, stop reconnect to server
2024-10-26 01:02:44.106 [SpringApplicationShutdownHook] INFO  c.a.nacos.common.remote.client.grpc.GrpcClient - Shutdown grpc executor java.util.concurrent.ThreadPoolExecutor@11d14579[Running, pool size = 12, active threads = 0, queued tasks = 0, completed tasks = 729]
2024-10-26 01:02:44.106 [SpringApplicationShutdownHook] INFO  com.alibaba.nacos.client.naming - Shutdown grpc redo service executor java.util.concurrent.ScheduledThreadPoolExecutor@379971f5[Running, pool size = 1, active threads = 0, queued tasks = 1, completed tasks = 1091]
2024-10-26 01:02:44.107 [SpringApplicationShutdownHook] INFO  c.a.n.client.auth.ram.identify.CredentialWatcher - [null] CredentialWatcher is stopped
2024-10-26 01:02:44.107 [SpringApplicationShutdownHook] INFO  c.a.n.client.auth.ram.identify.CredentialService - [null] CredentialService is freed
2024-10-26 01:02:44.107 [SpringApplicationShutdownHook] INFO  com.alibaba.nacos.client.naming - com.alibaba.nacos.client.naming.remote.NamingClientProxyDelegate do shutdown stop
2024-10-26 01:02:44.108 [SpringApplicationShutdownHook] INFO  o.a.r.s.support.DefaultRocketMQListenerContainer - container destroyed, DefaultRocketMQListenerContainer{consumerGroup='xiaochengshu_group_LikeUnlikeTopic', namespace='', nameServer='192.168.247.138:9876', topic='LikeUnlikeTopic', consumeMode=ORDERLY, selectorType=TAG, selectorExpression='*', messageModel=CLUSTERING', tlsEnable=false, instanceName=DEFAULT}
2024-10-26 01:02:44.108 [SpringApplicationShutdownHook] INFO  o.a.r.s.support.DefaultRocketMQListenerContainer - container destroyed, DefaultRocketMQListenerContainer{consumerGroup='xiaochengshu_group_DeleteNoteLocalCacheTopic', namespace='', nameServer='192.168.247.138:9876', topic='DeleteNoteLocalCacheTopic', consumeMode=CONCURRENTLY, selectorType=TAG, selectorExpression='*', messageModel=BROADCASTING', tlsEnable=false, instanceName=DEFAULT}
2024-10-26 01:02:47.110 [NettyClientSelector_1] INFO  RocketmqRemoting - closeChannel: close the connection to remote address[192.168.247.138:10911] result: true
2024-10-26 01:02:50.112 [NettyClientSelector_1] INFO  RocketmqRemoting - closeChannel: close the connection to remote address[192.168.247.138:10911] result: true
2024-10-26 01:02:50.240 [SpringApplicationShutdownHook] INFO  com.alibaba.druid.pool.DruidDataSource - {dataSource-1} closing ...
2024-10-26 01:02:50.242 [SpringApplicationShutdownHook] INFO  com.alibaba.druid.pool.DruidDataSource - {dataSource-1} closed
