2024-10-24 21:27:07.626 [main] WARN  com.alibaba.nacos.client.logging.NacosLogging - Load Logback Configuration of Nacos fail, message: Could not initialize Logback Nacos logging from classpath:nacos-logback.xml
2024-10-24 21:27:07.717 [main] WARN  com.alibaba.nacos.client.logging.NacosLogging - Load Logback Configuration of Nacos fail, message: Could not initialize Logback Nacos logging from classpath:nacos-logback.xml
2024-10-24 21:27:08.864 [main] WARN  com.alibaba.nacos.client.logging.NacosLogging - Load Logback Configuration of Nacos fail, message: Could not initialize Logback Nacos logging from classpath:nacos-logback.xml
2024-10-24 21:27:08.887 [main] WARN  com.alibaba.nacos.client.logging.NacosLogging - Load Logback Configuration of Nacos fail, message: Could not initialize Logback Nacos logging from classpath:nacos-logback.xml
2024-10-24 21:27:08.888 [main] INFO  c.s.o.user.biz.OrangeBookUserBizApplication - The following 1 profile is active: "dev"
2024-10-24 21:27:09.907 [main] INFO  o.s.d.r.config.RepositoryConfigurationDelegate - Multiple Spring Data modules found, entering strict repository configuration mode
2024-10-24 21:27:09.913 [main] INFO  o.s.d.r.config.RepositoryConfigurationDelegate - Bootstrapping Spring Data Redis repositories in DEFAULT mode.
2024-10-24 21:27:09.948 [main] INFO  o.s.d.r.config.RepositoryConfigurationDelegate - Finished Spring Data repository scanning in 13 ms. Found 0 Redis repository interfaces.
2024-10-24 21:27:10.317 [main] INFO  o.springframework.cloud.context.scope.GenericScope - BeanFactory id=2d4a288f-e96d-30a7-b137-27e124367e56
2024-10-24 21:27:10.370 [main] INFO  o.s.c.s.PostProcessorRegistrationDelegate$BeanPostProcessorChecker - Bean 'com.swc.orangeBook.oss.api.FileFeignApi' of type [org.springframework.cloud.openfeign.FeignClientFactoryBean] is not eligible for getting processed by all BeanPostProcessors (for example: not eligible for auto-proxying)
2024-10-24 21:27:10.372 [main] INFO  o.s.c.s.PostProcessorRegistrationDelegate$BeanPostProcessorChecker - Bean 'com.swc.orangeBook.user.api.UserFeignApi' of type [org.springframework.cloud.openfeign.FeignClientFactoryBean] is not eligible for getting processed by all BeanPostProcessors (for example: not eligible for auto-proxying)
2024-10-24 21:27:10.375 [main] INFO  o.s.c.s.PostProcessorRegistrationDelegate$BeanPostProcessorChecker - Bean 'com.swc.orangeBook.distributed.id.generator.api.DistributedIdGeneratorFeignApi' of type [org.springframework.cloud.openfeign.FeignClientFactoryBean] is not eligible for getting processed by all BeanPostProcessors (for example: not eligible for auto-proxying)
2024-10-24 21:27:11.176 [main] INFO  o.s.boot.web.embedded.tomcat.TomcatWebServer - Tomcat initialized with port(s): 8082 (http)
2024-10-24 21:27:11.191 [main] INFO  org.apache.catalina.core.StandardService - Starting service [Tomcat]
2024-10-24 21:27:11.192 [main] INFO  org.apache.catalina.core.StandardEngine - Starting Servlet engine: [Apache Tomcat/10.1.5]
2024-10-24 21:27:11.358 [main] INFO  o.a.c.core.ContainerBase.[Tomcat].[localhost].[/] - Initializing Spring embedded WebApplicationContext
2024-10-24 21:27:11.358 [main] INFO  o.s.b.w.s.c.ServletWebServerApplicationContext - Root WebApplicationContext: initialization completed in 2444 ms
2024-10-24 21:27:11.553 [main] INFO  c.a.d.s.b.a.DruidDataSourceAutoConfigure - Init DruidDataSource
2024-10-24 21:27:12.037 [main] INFO  com.alibaba.druid.pool.DruidDataSource - {dataSource-1} inited
2024-10-24 21:27:12.557 [main] INFO  o.s.cloud.openfeign.FeignClientFactoryBean - For 'xiaochengshu-oss' URL not provided. Will try picking an instance via load-balancing.
2024-10-24 21:27:13.005 [main] INFO  o.s.cloud.openfeign.FeignClientFactoryBean - For 'xiaochengshu-distributed-id-generator' URL not provided. Will try picking an instance via load-balancing.
2024-10-24 21:27:14.556 [main] INFO  o.s.boot.web.embedded.tomcat.TomcatWebServer - Tomcat started on port(s): 8082 (http) with context path ''
2024-10-24 21:27:14.585 [main] WARN  com.alibaba.nacos.client.logging.NacosLogging - Load Logback Configuration of Nacos fail, message: Could not initialize Logback Nacos logging from classpath:nacos-logback.xml
2024-10-24 21:27:14.585 [main] INFO  com.alibaba.nacos.client.naming - initializer namespace from ans.namespace attribute : null
2024-10-24 21:27:14.587 [main] INFO  com.alibaba.nacos.client.naming - initializer namespace from ALIBABA_ALIWARE_NAMESPACE attribute :null
2024-10-24 21:27:14.588 [main] INFO  com.alibaba.nacos.client.naming - initializer namespace from namespace attribute :null
2024-10-24 21:27:14.639 [main] INFO  com.alibaba.nacos.client.utils.ParamUtil - [settings] [req-serv] nacos-server port:8848
2024-10-24 21:27:14.639 [main] INFO  com.alibaba.nacos.client.utils.ParamUtil - [settings] [http-client] connect timeout:1000
2024-10-24 21:27:14.641 [main] INFO  com.alibaba.nacos.client.utils.ParamUtil - PER_TASK_CONFIG_SIZE: 3000.0
2024-10-24 21:27:14.648 [main] INFO  c.a.n.p.auth.spi.client.ClientAuthPluginManager - [ClientAuthPluginManager] Load ClientAuthService com.alibaba.nacos.client.auth.impl.NacosClientAuthServiceImpl success.
2024-10-24 21:27:14.648 [main] INFO  c.a.n.p.auth.spi.client.ClientAuthPluginManager - [ClientAuthPluginManager] Load ClientAuthService com.alibaba.nacos.client.auth.ram.RamClientAuthServiceImpl success.
2024-10-24 21:27:14.654 [main] INFO  c.a.n.client.auth.ram.identify.CredentialWatcher - null No credential found
2024-10-24 21:27:14.670 [main] INFO  com.alibaba.nacos.common.remote.client - [RpcClientFactory] create a new rpc client of 2deb3d16-c0fd-41fe-b187-e19b7e5669a4
2024-10-24 21:27:14.702 [main] INFO  com.alibaba.nacos.common.remote.client - [2deb3d16-c0fd-41fe-b187-e19b7e5669a4] RpcClient init, ServerListFactory = com.alibaba.nacos.client.naming.core.ServerListManager
2024-10-24 21:27:14.703 [main] INFO  com.alibaba.nacos.common.remote.client - [2deb3d16-c0fd-41fe-b187-e19b7e5669a4] Registry connection listener to current client:com.alibaba.nacos.client.naming.remote.gprc.redo.NamingGrpcRedoService
2024-10-24 21:27:14.705 [main] INFO  com.alibaba.nacos.common.remote.client - [2deb3d16-c0fd-41fe-b187-e19b7e5669a4] Register server push request handler:com.alibaba.nacos.client.naming.remote.gprc.NamingPushRequestHandler
2024-10-24 21:27:14.707 [main] INFO  com.alibaba.nacos.common.remote.client - [2deb3d16-c0fd-41fe-b187-e19b7e5669a4] Try to connect to server on start up, server: {serverIp = '192.168.247.138', server main port = 8848}
2024-10-24 21:27:14.765 [main] INFO  c.a.nacos.common.remote.client.grpc.GrpcClient - grpc client connection server:192.168.247.138 ip,serverPort:9848,grpcTslConfig:{"sslProvider":"OPENSSL","enableTls":false,"mutualAuthEnable":false,"trustAll":false}
2024-10-24 21:27:16.443 [main] INFO  com.alibaba.nacos.common.remote.client - [2deb3d16-c0fd-41fe-b187-e19b7e5669a4] Success to connect to server [192.168.247.138:8848] on start up, connectionId = 1729149725494_192.168.247.1_60135
2024-10-24 21:27:16.444 [com.alibaba.nacos.client.remote.worker] INFO  com.alibaba.nacos.common.remote.client - [2deb3d16-c0fd-41fe-b187-e19b7e5669a4] Notify connected event to listeners.
2024-10-24 21:27:16.444 [main] INFO  com.alibaba.nacos.common.remote.client - [2deb3d16-c0fd-41fe-b187-e19b7e5669a4] Register server push request handler:com.alibaba.nacos.common.remote.client.RpcClient$ConnectResetRequestHandler
2024-10-24 21:27:16.444 [com.alibaba.nacos.client.remote.worker] INFO  com.alibaba.nacos.client.naming - Grpc connection connect
2024-10-24 21:27:16.444 [main] INFO  com.alibaba.nacos.common.remote.client - [2deb3d16-c0fd-41fe-b187-e19b7e5669a4] Register server push request handler:com.alibaba.nacos.common.remote.client.RpcClient$$Lambda$1250/0x00000203bc8dbca0
2024-10-24 21:27:16.446 [main] INFO  com.alibaba.nacos.client.naming - [REGISTER-SERVICE] xiaochengshu registering service xiaochengshu-user with instance Instance{instanceId='null', ip='192.168.17.1', port=8082, weight=1.0, healthy=true, enabled=true, ephemeral=true, clusterName='DEFAULT', serviceName='null', metadata={IPv6=null, preserved.register.source=SPRING_CLOUD}}
2024-10-24 21:27:16.465 [main] INFO  c.a.cloud.nacos.registry.NacosServiceRegistry - nacos registry, DEFAULT_GROUP xiaochengshu-user 192.168.17.1:8082 register finished
2024-10-24 21:27:16.772 [main] INFO  c.s.o.user.biz.OrangeBookUserBizApplication - Started OrangeBookUserBizApplication in 10.003 seconds (process running for 10.719)
2024-10-24 21:27:16.774 [main] INFO  c.s.o.u.biz.runner.PushRolePermissions2RedisRunner - ==> 服务启动，开始同步角色权限数据到 Redis 中...
2024-10-24 21:27:17.537 [main] WARN  c.s.o.u.biz.runner.PushRolePermissions2RedisRunner - ==> 角色权限数据已经同步至 Redis 中，不再同步...
2024-10-24 21:30:20.322 [Thread-8] WARN  c.alibaba.nacos.common.http.HttpClientBeanHolder - [HttpClientBeanHolder] Start destroying common HttpClient
2024-10-24 21:30:20.322 [Thread-5] WARN  com.alibaba.nacos.common.notify.NotifyCenter - [NotifyCenter] Start destroying Publisher
2024-10-24 21:30:20.322 [Thread-5] WARN  com.alibaba.nacos.common.notify.NotifyCenter - [NotifyCenter] Destruction of the end
2024-10-24 21:30:20.323 [Thread-8] WARN  c.alibaba.nacos.common.http.HttpClientBeanHolder - [HttpClientBeanHolder] Destruction of the end
2024-10-24 21:30:20.367 [SpringApplicationShutdownHook] INFO  c.a.cloud.nacos.registry.NacosServiceRegistry - De-registering from Nacos Server now...
2024-10-24 21:30:20.368 [SpringApplicationShutdownHook] INFO  com.alibaba.nacos.client.naming - [DEREGISTER-SERVICE] xiaochengshu deregistering service xiaochengshu-user with instance: Instance{instanceId='null', ip='192.168.17.1', port=8082, weight=1.0, healthy=true, enabled=true, ephemeral=true, clusterName='DEFAULT', serviceName='null', metadata={}}
2024-10-24 21:30:20.775 [com.alibaba.nacos.client.naming.grpc.redo.0] INFO  com.alibaba.nacos.client.naming - Redo instance operation UNREGISTER for DEFAULT_GROUP@@xiaochengshu-user
2024-10-24 21:30:23.370 [SpringApplicationShutdownHook] ERROR com.alibaba.nacos.common.remote.client - Send request fail, request = InstanceRequest{headers={app=unknown}, requestId='null'}, retryTimes = 0, errorMessage = java.util.concurrent.TimeoutException: Waited 3000 milliseconds (plus 236300 nanoseconds delay) for com.alibaba.nacos.shaded.io.grpc.stub.ClientCalls$GrpcFuture@361c733f[status=PENDING, info=[GrpcFuture{clientCall=ClientCallImpl{method=MethodDescriptor{fullMethodName=Request/request, type=UNARY, idempotent=false, safe=false, sampledToLocalTracing=true, requestMarshaller=com.alibaba.nacos.shaded.io.grpc.protobuf.lite.ProtoLiteUtils$MessageMarshaller@7196545a, responseMarshaller=com.alibaba.nacos.shaded.io.grpc.protobuf.lite.ProtoLiteUtils$MessageMarshaller@69c8791c, schemaDescriptor=com.alibaba.nacos.api.grpc.auto.RequestGrpc$RequestMethodDescriptorSupplier@5cc5c237}}}]]
2024-10-24 21:30:23.378 [SpringApplicationShutdownHook] ERROR c.a.cloud.nacos.registry.NacosServiceRegistry - ERR_NACOS_DEREGISTER, de-register failed...NacosRegistration{nacosDiscoveryProperties=NacosDiscoveryProperties{serverAddr='192.168.247.138:8848', username='', password='', endpoint='', namespace='xiaochengshu', watchDelay=30000, logName='', service='xiaochengshu-user', weight=1.0, clusterName='DEFAULT', group='DEFAULT_GROUP', namingLoadCacheAtStart='false', metadata={IPv6=null, preserved.register.source=SPRING_CLOUD}, registerEnabled=true, ip='192.168.17.1', networkInterface='', port=8082, secure=false, accessKey='', secretKey='', heartBeatInterval=null, heartBeatTimeout=null, ipDeleteTimeout=null, instanceEnabled=true, ephemeral=true, failureToleranceEnabled=false}, ipDeleteTimeout=null, failFast=true}},
com.alibaba.nacos.api.exception.NacosException: java.util.concurrent.TimeoutException: Waited 3000 milliseconds (plus 236300 nanoseconds delay) for com.alibaba.nacos.shaded.io.grpc.stub.ClientCalls$GrpcFuture@361c733f[status=PENDING, info=[GrpcFuture{clientCall=ClientCallImpl{method=MethodDescriptor{fullMethodName=Request/request, type=UNARY, idempotent=false, safe=false, sampledToLocalTracing=true, requestMarshaller=com.alibaba.nacos.shaded.io.grpc.protobuf.lite.ProtoLiteUtils$MessageMarshaller@7196545a, responseMarshaller=com.alibaba.nacos.shaded.io.grpc.protobuf.lite.ProtoLiteUtils$MessageMarshaller@69c8791c, schemaDescriptor=com.alibaba.nacos.api.grpc.auto.RequestGrpc$RequestMethodDescriptorSupplier@5cc5c237}}}]]
	at com.alibaba.nacos.common.remote.client.grpc.GrpcConnection.request(GrpcConnection.java:78)
	at com.alibaba.nacos.common.remote.client.RpcClient.request(RpcClient.java:645)
	at com.alibaba.nacos.common.remote.client.RpcClient.request(RpcClient.java:623)
	at com.alibaba.nacos.client.naming.remote.gprc.NamingGrpcClientProxy.requestToServer(NamingGrpcClientProxy.java:357)
	at com.alibaba.nacos.client.naming.remote.gprc.NamingGrpcClientProxy.doDeregisterService(NamingGrpcClientProxy.java:234)
	at com.alibaba.nacos.client.naming.remote.gprc.NamingGrpcClientProxy.deregisterService(NamingGrpcClientProxy.java:220)
	at com.alibaba.nacos.client.naming.remote.NamingClientProxyDelegate.deregisterService(NamingClientProxyDelegate.java:125)
	at com.alibaba.nacos.client.naming.NacosNamingService.deregisterInstance(NacosNamingService.java:192)
	at com.alibaba.nacos.client.naming.NacosNamingService.deregisterInstance(NacosNamingService.java:182)
	at com.alibaba.cloud.nacos.registry.NacosServiceRegistry.deregister(NacosServiceRegistry.java:107)
	at org.springframework.cloud.client.serviceregistry.AbstractAutoServiceRegistration.deregister(AbstractAutoServiceRegistration.java:281)
	at org.springframework.cloud.client.serviceregistry.AbstractAutoServiceRegistration.stop(AbstractAutoServiceRegistration.java:299)
	at org.springframework.cloud.client.serviceregistry.AbstractAutoServiceRegistration.destroy(AbstractAutoServiceRegistration.java:233)
	at java.base/jdk.internal.reflect.NativeMethodAccessorImpl.invoke0(Native Method)
	at java.base/jdk.internal.reflect.NativeMethodAccessorImpl.invoke(NativeMethodAccessorImpl.java:77)
	at java.base/jdk.internal.reflect.DelegatingMethodAccessorImpl.invoke(DelegatingMethodAccessorImpl.java:43)
	at java.base/java.lang.reflect.Method.invoke(Method.java:568)
	at org.springframework.beans.factory.annotation.InitDestroyAnnotationBeanPostProcessor$LifecycleElement.invoke(InitDestroyAnnotationBeanPostProcessor.java:424)
	at org.springframework.beans.factory.annotation.InitDestroyAnnotationBeanPostProcessor$LifecycleMetadata.invokeDestroyMethods(InitDestroyAnnotationBeanPostProcessor.java:382)
	at org.springframework.beans.factory.annotation.InitDestroyAnnotationBeanPostProcessor.postProcessBeforeDestruction(InitDestroyAnnotationBeanPostProcessor.java:212)
	at org.springframework.beans.factory.support.DisposableBeanAdapter.destroy(DisposableBeanAdapter.java:191)
	at org.springframework.beans.factory.support.DefaultSingletonBeanRegistry.destroyBean(DefaultSingletonBeanRegistry.java:587)
	at org.springframework.beans.factory.support.DefaultSingletonBeanRegistry.destroySingleton(DefaultSingletonBeanRegistry.java:559)
	at org.springframework.beans.factory.support.DefaultListableBeanFactory.destroySingleton(DefaultListableBeanFactory.java:1177)
	at org.springframework.beans.factory.support.DefaultSingletonBeanRegistry.destroySingletons(DefaultSingletonBeanRegistry.java:520)
	at org.springframework.beans.factory.support.DefaultListableBeanFactory.destroySingletons(DefaultListableBeanFactory.java:1170)
	at org.springframework.context.support.AbstractApplicationContext.destroyBeans(AbstractApplicationContext.java:1082)
	at org.springframework.context.support.AbstractApplicationContext.doClose(AbstractApplicationContext.java:1051)
	at org.springframework.boot.web.servlet.context.ServletWebServerApplicationContext.doClose(ServletWebServerApplicationContext.java:173)
	at org.springframework.context.support.AbstractApplicationContext.close(AbstractApplicationContext.java:1001)
	at org.springframework.boot.SpringApplicationShutdownHook.closeAndWait(SpringApplicationShutdownHook.java:139)
	at java.base/java.lang.Iterable.forEach(Iterable.java:75)
	at org.springframework.boot.SpringApplicationShutdownHook.run(SpringApplicationShutdownHook.java:108)
	at java.base/java.lang.Thread.run(Thread.java:842)
Caused by: java.util.concurrent.TimeoutException: Waited 3000 milliseconds (plus 236300 nanoseconds delay) for com.alibaba.nacos.shaded.io.grpc.stub.ClientCalls$GrpcFuture@361c733f[status=PENDING, info=[GrpcFuture{clientCall=ClientCallImpl{method=MethodDescriptor{fullMethodName=Request/request, type=UNARY, idempotent=false, safe=false, sampledToLocalTracing=true, requestMarshaller=com.alibaba.nacos.shaded.io.grpc.protobuf.lite.ProtoLiteUtils$MessageMarshaller@7196545a, responseMarshaller=com.alibaba.nacos.shaded.io.grpc.protobuf.lite.ProtoLiteUtils$MessageMarshaller@69c8791c, schemaDescriptor=com.alibaba.nacos.api.grpc.auto.RequestGrpc$RequestMethodDescriptorSupplier@5cc5c237}}}]]
	at com.alibaba.nacos.shaded.com.google.common.util.concurrent.AbstractFuture.get(AbstractFuture.java:508)
	at com.alibaba.nacos.common.remote.client.grpc.GrpcConnection.request(GrpcConnection.java:76)
	... 33 common frames omitted
2024-10-24 21:30:23.380 [SpringApplicationShutdownHook] INFO  c.a.cloud.nacos.registry.NacosServiceRegistry - De-registration finished.
2024-10-24 21:30:23.381 [SpringApplicationShutdownHook] INFO  com.alibaba.nacos.client.naming - com.alibaba.nacos.client.naming.cache.ServiceInfoHolder do shutdown begin
2024-10-24 21:30:23.381 [SpringApplicationShutdownHook] INFO  com.alibaba.nacos.client.naming - com.alibaba.nacos.client.naming.backups.FailoverReactor do shutdown begin
2024-10-24 21:30:23.381 [SpringApplicationShutdownHook] INFO  com.alibaba.nacos.client.naming - com.alibaba.nacos.client.naming.backups.FailoverReactor do shutdown stop
2024-10-24 21:30:23.381 [SpringApplicationShutdownHook] INFO  com.alibaba.nacos.client.naming - com.alibaba.nacos.client.naming.cache.ServiceInfoHolder do shutdown stop
2024-10-24 21:30:23.381 [SpringApplicationShutdownHook] INFO  com.alibaba.nacos.client.naming - com.alibaba.nacos.client.naming.remote.NamingClientProxyDelegate do shutdown begin
2024-10-24 21:30:23.382 [SpringApplicationShutdownHook] INFO  com.alibaba.nacos.client.naming - com.alibaba.nacos.client.naming.core.ServiceInfoUpdateService do shutdown begin
2024-10-24 21:30:23.382 [SpringApplicationShutdownHook] INFO  com.alibaba.nacos.client.naming - com.alibaba.nacos.client.naming.core.ServiceInfoUpdateService do shutdown stop
2024-10-24 21:30:23.382 [SpringApplicationShutdownHook] INFO  com.alibaba.nacos.client.naming - com.alibaba.nacos.client.naming.core.ServerListManager do shutdown begin
2024-10-24 21:30:23.382 [SpringApplicationShutdownHook] WARN  com.alibaba.nacos.client.naming - [NamingHttpClientManager] Start destroying NacosRestTemplate
2024-10-24 21:30:23.382 [SpringApplicationShutdownHook] WARN  com.alibaba.nacos.client.naming - [NamingHttpClientManager] Destruction of the end
2024-10-24 21:30:23.382 [SpringApplicationShutdownHook] INFO  com.alibaba.nacos.client.naming - com.alibaba.nacos.client.naming.core.ServerListManager do shutdown stop
2024-10-24 21:30:23.382 [SpringApplicationShutdownHook] INFO  com.alibaba.nacos.client.naming - com.alibaba.nacos.client.naming.remote.http.NamingHttpClientProxy do shutdown begin
2024-10-24 21:30:23.382 [SpringApplicationShutdownHook] WARN  com.alibaba.nacos.client.naming - [NamingHttpClientManager] Start destroying NacosRestTemplate
2024-10-24 21:30:23.382 [SpringApplicationShutdownHook] WARN  com.alibaba.nacos.client.naming - [NamingHttpClientManager] Destruction of the end
2024-10-24 21:30:23.382 [SpringApplicationShutdownHook] INFO  com.alibaba.nacos.client.naming - com.alibaba.nacos.client.naming.remote.http.NamingHttpClientProxy do shutdown stop
2024-10-24 21:30:23.382 [SpringApplicationShutdownHook] INFO  com.alibaba.nacos.common.remote.client - Shutdown rpc client, set status to shutdown
2024-10-24 21:30:23.382 [SpringApplicationShutdownHook] INFO  com.alibaba.nacos.common.remote.client - Shutdown client event executor java.util.concurrent.ScheduledThreadPoolExecutor@388ed7c7[Running, pool size = 2, active threads = 2, queued tasks = 0, completed tasks = 0]
2024-10-24 21:30:23.382 [SpringApplicationShutdownHook] INFO  com.alibaba.nacos.common.remote.client - Close current connection 1729149725494_192.168.247.1_60135
2024-10-24 21:30:23.385 [nacos-grpc-client-executor-192.168.247.138-66] WARN  c.a.nacos.common.remote.client.grpc.GrpcClient - [1729149725494_192.168.247.1_60135]Ignore error event,isRunning:false,isAbandon=false
2024-10-24 21:30:23.385 [com.alibaba.nacos.client.naming.grpc.redo.0] ERROR com.alibaba.nacos.common.remote.client - Send request fail, request = InstanceRequest{headers={app=unknown}, requestId='null'}, retryTimes = 0, errorMessage = java.util.concurrent.ExecutionException: com.alibaba.nacos.shaded.io.grpc.StatusRuntimeException: UNAVAILABLE: Channel shutdownNow invoked
2024-10-24 21:30:23.385 [com.alibaba.nacos.client.remote.worker] INFO  com.alibaba.nacos.common.remote.client - [2deb3d16-c0fd-41fe-b187-e19b7e5669a4] Server healthy check fail, currentConnection = 1729149725494_192.168.247.1_60135
2024-10-24 21:30:23.388 [SpringApplicationShutdownHook] INFO  c.a.nacos.common.remote.client.grpc.GrpcClient - Shutdown grpc executor java.util.concurrent.ThreadPoolExecutor@198f6795[Running, pool size = 7, active threads = 0, queued tasks = 0, completed tasks = 68]
2024-10-24 21:30:23.388 [SpringApplicationShutdownHook] INFO  com.alibaba.nacos.client.naming - Shutdown grpc redo service executor java.util.concurrent.ScheduledThreadPoolExecutor@45a0076a[Running, pool size = 1, active threads = 1, queued tasks = 0, completed tasks = 61]
2024-10-24 21:30:23.388 [SpringApplicationShutdownHook] INFO  c.a.n.client.auth.ram.identify.CredentialWatcher - [null] CredentialWatcher is stopped
2024-10-24 21:30:23.389 [SpringApplicationShutdownHook] INFO  c.a.n.client.auth.ram.identify.CredentialService - [null] CredentialService is freed
2024-10-24 21:30:23.389 [com.alibaba.nacos.client.naming.grpc.redo.0] ERROR com.alibaba.nacos.common.remote.client - Send request fail, request = InstanceRequest{headers={app=unknown}, requestId='null'}, retryTimes = 1, errorMessage = Client not connected, current status:SHUTDOWN
2024-10-24 21:30:23.389 [SpringApplicationShutdownHook] INFO  com.alibaba.nacos.client.naming - com.alibaba.nacos.client.naming.remote.NamingClientProxyDelegate do shutdown stop
2024-10-24 21:30:23.491 [com.alibaba.nacos.client.naming.grpc.redo.0] ERROR com.alibaba.nacos.common.remote.client - Send request fail, request = InstanceRequest{headers={app=unknown}, requestId='null'}, retryTimes = 2, errorMessage = Client not connected, current status:SHUTDOWN
2024-10-24 21:30:23.491 [com.alibaba.nacos.client.naming.grpc.redo.0] ERROR com.alibaba.nacos.client.naming - Redo instance operation UNREGISTER for DEFAULT_GROUP@@xiaochengshu-user failed. 
com.alibaba.nacos.api.exception.NacosException: Client not connected, current status:SHUTDOWN
	at com.alibaba.nacos.common.remote.client.RpcClient.request(RpcClient.java:643)
	at com.alibaba.nacos.common.remote.client.RpcClient.request(RpcClient.java:623)
	at com.alibaba.nacos.client.naming.remote.gprc.NamingGrpcClientProxy.requestToServer(NamingGrpcClientProxy.java:357)
	at com.alibaba.nacos.client.naming.remote.gprc.NamingGrpcClientProxy.doDeregisterService(NamingGrpcClientProxy.java:234)
	at com.alibaba.nacos.client.naming.remote.gprc.redo.RedoScheduledTask.redoForInstance(RedoScheduledTask.java:85)
	at com.alibaba.nacos.client.naming.remote.gprc.redo.RedoScheduledTask.redoForInstances(RedoScheduledTask.java:61)
	at com.alibaba.nacos.client.naming.remote.gprc.redo.RedoScheduledTask.run(RedoScheduledTask.java:51)
	at java.base/java.util.concurrent.Executors$RunnableAdapter.call(Executors.java:539)
	at java.base/java.util.concurrent.FutureTask.runAndReset(FutureTask.java:305)
	at java.base/java.util.concurrent.ScheduledThreadPoolExecutor$ScheduledFutureTask.run(ScheduledThreadPoolExecutor.java:305)
	at java.base/java.util.concurrent.ThreadPoolExecutor.runWorker(ThreadPoolExecutor.java:1136)
	at java.base/java.util.concurrent.ThreadPoolExecutor$Worker.run(ThreadPoolExecutor.java:635)
	at java.base/java.lang.Thread.run(Thread.java:842)
2024-10-24 21:30:23.510 [SpringApplicationShutdownHook] INFO  com.alibaba.druid.pool.DruidDataSource - {dataSource-1} closing ...
2024-10-24 21:30:23.518 [SpringApplicationShutdownHook] INFO  com.alibaba.druid.pool.DruidDataSource - {dataSource-1} closed
2024-10-24 23:27:30.571 [main] WARN  com.alibaba.nacos.client.logging.NacosLogging - Load Logback Configuration of Nacos fail, message: Could not initialize Logback Nacos logging from classpath:nacos-logback.xml
2024-10-24 23:27:30.655 [main] WARN  com.alibaba.nacos.client.logging.NacosLogging - Load Logback Configuration of Nacos fail, message: Could not initialize Logback Nacos logging from classpath:nacos-logback.xml
2024-10-24 23:27:31.464 [main] WARN  com.alibaba.nacos.client.logging.NacosLogging - Load Logback Configuration of Nacos fail, message: Could not initialize Logback Nacos logging from classpath:nacos-logback.xml
2024-10-24 23:27:31.481 [main] WARN  com.alibaba.nacos.client.logging.NacosLogging - Load Logback Configuration of Nacos fail, message: Could not initialize Logback Nacos logging from classpath:nacos-logback.xml
2024-10-24 23:27:31.482 [main] INFO  c.s.o.user.biz.OrangeBookUserBizApplication - The following 1 profile is active: "dev"
2024-10-24 23:27:32.324 [main] INFO  o.s.d.r.config.RepositoryConfigurationDelegate - Multiple Spring Data modules found, entering strict repository configuration mode
2024-10-24 23:27:32.330 [main] INFO  o.s.d.r.config.RepositoryConfigurationDelegate - Bootstrapping Spring Data Redis repositories in DEFAULT mode.
2024-10-24 23:27:32.365 [main] INFO  o.s.d.r.config.RepositoryConfigurationDelegate - Finished Spring Data repository scanning in 13 ms. Found 0 Redis repository interfaces.
2024-10-24 23:27:32.692 [main] INFO  o.springframework.cloud.context.scope.GenericScope - BeanFactory id=2d4a288f-e96d-30a7-b137-27e124367e56
2024-10-24 23:27:32.735 [main] INFO  o.s.c.s.PostProcessorRegistrationDelegate$BeanPostProcessorChecker - Bean 'com.swc.orangeBook.oss.api.FileFeignApi' of type [org.springframework.cloud.openfeign.FeignClientFactoryBean] is not eligible for getting processed by all BeanPostProcessors (for example: not eligible for auto-proxying)
2024-10-24 23:27:32.738 [main] INFO  o.s.c.s.PostProcessorRegistrationDelegate$BeanPostProcessorChecker - Bean 'com.swc.orangeBook.user.api.UserFeignApi' of type [org.springframework.cloud.openfeign.FeignClientFactoryBean] is not eligible for getting processed by all BeanPostProcessors (for example: not eligible for auto-proxying)
2024-10-24 23:27:32.741 [main] INFO  o.s.c.s.PostProcessorRegistrationDelegate$BeanPostProcessorChecker - Bean 'com.swc.orangeBook.distributed.id.generator.api.DistributedIdGeneratorFeignApi' of type [org.springframework.cloud.openfeign.FeignClientFactoryBean] is not eligible for getting processed by all BeanPostProcessors (for example: not eligible for auto-proxying)
2024-10-24 23:27:33.474 [main] INFO  o.s.boot.web.embedded.tomcat.TomcatWebServer - Tomcat initialized with port(s): 8082 (http)
2024-10-24 23:27:33.490 [main] INFO  org.apache.catalina.core.StandardService - Starting service [Tomcat]
2024-10-24 23:27:33.491 [main] INFO  org.apache.catalina.core.StandardEngine - Starting Servlet engine: [Apache Tomcat/10.1.5]
2024-10-24 23:27:33.652 [main] INFO  o.a.c.core.ContainerBase.[Tomcat].[localhost].[/] - Initializing Spring embedded WebApplicationContext
2024-10-24 23:27:33.652 [main] INFO  o.s.b.w.s.c.ServletWebServerApplicationContext - Root WebApplicationContext: initialization completed in 2149 ms
2024-10-24 23:27:33.839 [main] INFO  c.a.d.s.b.a.DruidDataSourceAutoConfigure - Init DruidDataSource
2024-10-24 23:27:34.323 [main] INFO  com.alibaba.druid.pool.DruidDataSource - {dataSource-1} inited
2024-10-24 23:27:34.722 [main] INFO  o.s.cloud.openfeign.FeignClientFactoryBean - For 'xiaochengshu-oss' URL not provided. Will try picking an instance via load-balancing.
2024-10-24 23:27:35.163 [main] INFO  o.s.cloud.openfeign.FeignClientFactoryBean - For 'xiaochengshu-distributed-id-generator' URL not provided. Will try picking an instance via load-balancing.
2024-10-24 23:27:36.500 [main] INFO  o.s.boot.web.embedded.tomcat.TomcatWebServer - Tomcat started on port(s): 8082 (http) with context path ''
2024-10-24 23:27:36.508 [main] WARN  com.alibaba.nacos.client.logging.NacosLogging - Load Logback Configuration of Nacos fail, message: Could not initialize Logback Nacos logging from classpath:nacos-logback.xml
2024-10-24 23:27:36.509 [main] INFO  com.alibaba.nacos.client.naming - initializer namespace from ans.namespace attribute : null
2024-10-24 23:27:36.510 [main] INFO  com.alibaba.nacos.client.naming - initializer namespace from ALIBABA_ALIWARE_NAMESPACE attribute :null
2024-10-24 23:27:36.510 [main] INFO  com.alibaba.nacos.client.naming - initializer namespace from namespace attribute :null
2024-10-24 23:27:36.540 [main] INFO  com.alibaba.nacos.client.utils.ParamUtil - [settings] [req-serv] nacos-server port:8848
2024-10-24 23:27:36.540 [main] INFO  com.alibaba.nacos.client.utils.ParamUtil - [settings] [http-client] connect timeout:1000
2024-10-24 23:27:36.541 [main] INFO  com.alibaba.nacos.client.utils.ParamUtil - PER_TASK_CONFIG_SIZE: 3000.0
2024-10-24 23:27:36.546 [main] INFO  c.a.n.p.auth.spi.client.ClientAuthPluginManager - [ClientAuthPluginManager] Load ClientAuthService com.alibaba.nacos.client.auth.impl.NacosClientAuthServiceImpl success.
2024-10-24 23:27:36.547 [main] INFO  c.a.n.p.auth.spi.client.ClientAuthPluginManager - [ClientAuthPluginManager] Load ClientAuthService com.alibaba.nacos.client.auth.ram.RamClientAuthServiceImpl success.
2024-10-24 23:27:36.550 [main] INFO  c.a.n.client.auth.ram.identify.CredentialWatcher - null No credential found
2024-10-24 23:27:36.562 [main] INFO  com.alibaba.nacos.common.remote.client - [RpcClientFactory] create a new rpc client of cc15cee3-b2bd-474c-90e6-d63e9de11482
2024-10-24 23:27:36.585 [main] INFO  com.alibaba.nacos.common.remote.client - [cc15cee3-b2bd-474c-90e6-d63e9de11482] RpcClient init, ServerListFactory = com.alibaba.nacos.client.naming.core.ServerListManager
2024-10-24 23:27:36.585 [main] INFO  com.alibaba.nacos.common.remote.client - [cc15cee3-b2bd-474c-90e6-d63e9de11482] Registry connection listener to current client:com.alibaba.nacos.client.naming.remote.gprc.redo.NamingGrpcRedoService
2024-10-24 23:27:36.586 [main] INFO  com.alibaba.nacos.common.remote.client - [cc15cee3-b2bd-474c-90e6-d63e9de11482] Register server push request handler:com.alibaba.nacos.client.naming.remote.gprc.NamingPushRequestHandler
2024-10-24 23:27:36.588 [main] INFO  com.alibaba.nacos.common.remote.client - [cc15cee3-b2bd-474c-90e6-d63e9de11482] Try to connect to server on start up, server: {serverIp = '192.168.247.138', server main port = 8848}
2024-10-24 23:27:36.626 [main] INFO  c.a.nacos.common.remote.client.grpc.GrpcClient - grpc client connection server:192.168.247.138 ip,serverPort:9848,grpcTslConfig:{"sslProvider":"OPENSSL","enableTls":false,"mutualAuthEnable":false,"trustAll":false}
2024-10-24 23:27:38.017 [main] INFO  com.alibaba.nacos.common.remote.client - [cc15cee3-b2bd-474c-90e6-d63e9de11482] Success to connect to server [192.168.247.138:8848] on start up, connectionId = 1729153375881_192.168.247.1_53604
2024-10-24 23:27:38.018 [com.alibaba.nacos.client.remote.worker] INFO  com.alibaba.nacos.common.remote.client - [cc15cee3-b2bd-474c-90e6-d63e9de11482] Notify connected event to listeners.
2024-10-24 23:27:38.018 [com.alibaba.nacos.client.remote.worker] INFO  com.alibaba.nacos.client.naming - Grpc connection connect
2024-10-24 23:27:38.018 [main] INFO  com.alibaba.nacos.common.remote.client - [cc15cee3-b2bd-474c-90e6-d63e9de11482] Register server push request handler:com.alibaba.nacos.common.remote.client.RpcClient$ConnectResetRequestHandler
2024-10-24 23:27:38.019 [main] INFO  com.alibaba.nacos.common.remote.client - [cc15cee3-b2bd-474c-90e6-d63e9de11482] Register server push request handler:com.alibaba.nacos.common.remote.client.RpcClient$$Lambda$1250/0x000002b8ae8db520
2024-10-24 23:27:38.021 [main] INFO  com.alibaba.nacos.client.naming - [REGISTER-SERVICE] xiaochengshu registering service xiaochengshu-user with instance Instance{instanceId='null', ip='192.168.17.1', port=8082, weight=1.0, healthy=true, enabled=true, ephemeral=true, clusterName='DEFAULT', serviceName='null', metadata={IPv6=null, preserved.register.source=SPRING_CLOUD}}
2024-10-24 23:27:38.043 [main] INFO  c.a.cloud.nacos.registry.NacosServiceRegistry - nacos registry, DEFAULT_GROUP xiaochengshu-user 192.168.17.1:8082 register finished
2024-10-24 23:27:38.351 [main] INFO  c.s.o.user.biz.OrangeBookUserBizApplication - Started OrangeBookUserBizApplication in 8.676 seconds (process running for 9.418)
2024-10-24 23:27:38.353 [main] INFO  c.s.o.u.biz.runner.PushRolePermissions2RedisRunner - ==> 服务启动，开始同步角色权限数据到 Redis 中...
2024-10-24 23:27:39.015 [main] WARN  c.s.o.u.biz.runner.PushRolePermissions2RedisRunner - ==> 角色权限数据已经同步至 Redis 中，不再同步...
2024-10-24 23:32:57.016 [http-nio-8082-exec-1] INFO  o.a.c.core.ContainerBase.[Tomcat].[localhost].[/] - Initializing Spring DispatcherServlet 'dispatcherServlet'
2024-10-24 23:32:57.017 [http-nio-8082-exec-1] INFO  org.springframework.web.servlet.DispatcherServlet - Initializing Servlet 'dispatcherServlet'
2024-10-24 23:32:57.018 [http-nio-8082-exec-1] INFO  org.springframework.web.servlet.DispatcherServlet - Completed initialization in 1 ms
2024-10-24 23:32:57.030 [http-nio-8082-exec-1] INFO  c.s.f.b.context.filter.HeaderUserId2ContextFilter - ## HeaderUserId2ContextFilter, 用户 ID: 111
2024-10-24 23:32:57.035 [http-nio-8082-exec-1] INFO  c.s.f.b.context.filter.HeaderUserId2ContextFilter - ===== 设置 userId 到 ThreadLocal 中， 用户 ID: 111
2024-10-24 23:32:57.152 [http-nio-8082-exec-1] INFO  c.s.f.b.operationlog.aspect.ApiOperationLogAspect - ====== 请求开始: [查询用户信息], 入参: {"id":109}, 请求类: com.swc.orangeBook.user.biz.controller.UserController, 请求方法: findById =================================== 
2024-10-24 23:32:57.168 [http-nio-8082-exec-1] INFO  c.s.f.b.operationlog.aspect.ApiOperationLogAspect - ====== 请求结束: [查询用户信息], 耗时: 16ms, 出参: {"success":true,"message":null,"errorCode":null,"data":{"id":109,"nickName":"橙留香55555","avatar":"http://192.168.247.138:9000/xiaochengshu/6393372825e44444a9ed89e08a19d87f.jpg","introduction":"秋招冲冲冲！！！1111"}} =================================== 
2024-10-24 23:32:57.182 [http-nio-8082-exec-1] INFO  c.s.f.b.context.filter.HeaderUserId2ContextFilter - ===== 删除 ThreadLocal， userId: 111
