2024-11-18 23:27:20.282 [main] WARN  com.alibaba.nacos.client.logging.NacosLogging - Load Logback Configuration of Nacos fail, message: Could not initialize Logback Nacos logging from classpath:nacos-logback.xml
2024-11-18 23:27:20.355 [main] WARN  com.alibaba.nacos.client.logging.NacosLogging - Load Logback Configuration of Nacos fail, message: Could not initialize Logback Nacos logging from classpath:nacos-logback.xml
2024-11-18 23:27:21.180 [main] WARN  com.alibaba.nacos.client.logging.NacosLogging - Load Logback Configuration of Nacos fail, message: Could not initialize Logback Nacos logging from classpath:nacos-logback.xml
2024-11-18 23:27:21.201 [main] WARN  com.alibaba.nacos.client.logging.NacosLogging - Load Logback Configuration of Nacos fail, message: Could not initialize Logback Nacos logging from classpath:nacos-logback.xml
2024-11-18 23:27:21.203 [main] INFO  c.s.o.user.biz.OrangeBookUserBizApplication - The following 1 profile is active: "dev"
2024-11-18 23:27:22.047 [main] INFO  o.s.d.r.config.RepositoryConfigurationDelegate - Multiple Spring Data modules found, entering strict repository configuration mode
2024-11-18 23:27:22.051 [main] INFO  o.s.d.r.config.RepositoryConfigurationDelegate - Bootstrapping Spring Data Redis repositories in DEFAULT mode.
2024-11-18 23:27:22.084 [main] INFO  o.s.d.r.config.RepositoryConfigurationDelegate - Finished Spring Data repository scanning in 12 ms. Found 0 Redis repository interfaces.
2024-11-18 23:27:22.391 [main] INFO  o.springframework.cloud.context.scope.GenericScope - BeanFactory id=2d4a288f-e96d-30a7-b137-27e124367e56
2024-11-18 23:27:22.443 [main] INFO  o.s.c.s.PostProcessorRegistrationDelegate$BeanPostProcessorChecker - Bean 'com.swc.orangeBook.oss.api.FileFeignApi' of type [org.springframework.cloud.openfeign.FeignClientFactoryBean] is not eligible for getting processed by all BeanPostProcessors (for example: not eligible for auto-proxying)
2024-11-18 23:27:22.445 [main] INFO  o.s.c.s.PostProcessorRegistrationDelegate$BeanPostProcessorChecker - Bean 'com.swc.orangeBook.user.api.UserFeignApi' of type [org.springframework.cloud.openfeign.FeignClientFactoryBean] is not eligible for getting processed by all BeanPostProcessors (for example: not eligible for auto-proxying)
2024-11-18 23:27:22.448 [main] INFO  o.s.c.s.PostProcessorRegistrationDelegate$BeanPostProcessorChecker - Bean 'com.swc.orangeBook.distributed.id.generator.api.DistributedIdGeneratorFeignApi' of type [org.springframework.cloud.openfeign.FeignClientFactoryBean] is not eligible for getting processed by all BeanPostProcessors (for example: not eligible for auto-proxying)
2024-11-18 23:27:23.285 [main] INFO  o.s.boot.web.embedded.tomcat.TomcatWebServer - Tomcat initialized with port(s): 8082 (http)
2024-11-18 23:27:23.305 [main] INFO  org.apache.catalina.core.StandardService - Starting service [Tomcat]
2024-11-18 23:27:23.306 [main] INFO  org.apache.catalina.core.StandardEngine - Starting Servlet engine: [Apache Tomcat/10.1.5]
2024-11-18 23:27:23.505 [main] INFO  o.a.c.core.ContainerBase.[Tomcat].[localhost].[/] - Initializing Spring embedded WebApplicationContext
2024-11-18 23:27:23.505 [main] INFO  o.s.b.w.s.c.ServletWebServerApplicationContext - Root WebApplicationContext: initialization completed in 2277 ms
2024-11-18 23:27:23.744 [main] INFO  c.a.d.s.b.a.DruidDataSourceAutoConfigure - Init DruidDataSource
2024-11-18 23:27:24.272 [main] INFO  com.alibaba.druid.pool.DruidDataSource - {dataSource-1} inited
2024-11-18 23:27:24.775 [main] INFO  o.s.cloud.openfeign.FeignClientFactoryBean - For 'xiaochengshu-oss' URL not provided. Will try picking an instance via load-balancing.
2024-11-18 23:27:25.339 [main] INFO  o.s.cloud.openfeign.FeignClientFactoryBean - For 'xiaochengshu-distributed-id-generator' URL not provided. Will try picking an instance via load-balancing.
2024-11-18 23:27:26.927 [main] INFO  o.s.boot.web.embedded.tomcat.TomcatWebServer - Tomcat started on port(s): 8082 (http) with context path ''
2024-11-18 23:27:26.953 [main] WARN  com.alibaba.nacos.client.logging.NacosLogging - Load Logback Configuration of Nacos fail, message: Could not initialize Logback Nacos logging from classpath:nacos-logback.xml
2024-11-18 23:27:26.953 [main] INFO  com.alibaba.nacos.client.naming - initializer namespace from ans.namespace attribute : null
2024-11-18 23:27:26.955 [main] INFO  com.alibaba.nacos.client.naming - initializer namespace from ALIBABA_ALIWARE_NAMESPACE attribute :null
2024-11-18 23:27:26.956 [main] INFO  com.alibaba.nacos.client.naming - initializer namespace from namespace attribute :null
2024-11-18 23:27:26.992 [main] INFO  com.alibaba.nacos.client.utils.ParamUtil - [settings] [req-serv] nacos-server port:8848
2024-11-18 23:27:26.992 [main] INFO  com.alibaba.nacos.client.utils.ParamUtil - [settings] [http-client] connect timeout:1000
2024-11-18 23:27:26.993 [main] INFO  com.alibaba.nacos.client.utils.ParamUtil - PER_TASK_CONFIG_SIZE: 3000.0
2024-11-18 23:27:27.000 [main] INFO  c.a.n.p.auth.spi.client.ClientAuthPluginManager - [ClientAuthPluginManager] Load ClientAuthService com.alibaba.nacos.client.auth.impl.NacosClientAuthServiceImpl success.
2024-11-18 23:27:27.000 [main] INFO  c.a.n.p.auth.spi.client.ClientAuthPluginManager - [ClientAuthPluginManager] Load ClientAuthService com.alibaba.nacos.client.auth.ram.RamClientAuthServiceImpl success.
2024-11-18 23:27:27.005 [main] INFO  c.a.n.client.auth.ram.identify.CredentialWatcher - null No credential found
2024-11-18 23:27:27.018 [main] INFO  com.alibaba.nacos.common.remote.client - [RpcClientFactory] create a new rpc client of 3da8f975-600a-459e-936f-23ab2dab26f7
2024-11-18 23:27:27.041 [main] INFO  com.alibaba.nacos.common.remote.client - [3da8f975-600a-459e-936f-23ab2dab26f7] RpcClient init, ServerListFactory = com.alibaba.nacos.client.naming.core.ServerListManager
2024-11-18 23:27:27.041 [main] INFO  com.alibaba.nacos.common.remote.client - [3da8f975-600a-459e-936f-23ab2dab26f7] Registry connection listener to current client:com.alibaba.nacos.client.naming.remote.gprc.redo.NamingGrpcRedoService
2024-11-18 23:27:27.042 [main] INFO  com.alibaba.nacos.common.remote.client - [3da8f975-600a-459e-936f-23ab2dab26f7] Register server push request handler:com.alibaba.nacos.client.naming.remote.gprc.NamingPushRequestHandler
2024-11-18 23:27:27.044 [main] INFO  com.alibaba.nacos.common.remote.client - [3da8f975-600a-459e-936f-23ab2dab26f7] Try to connect to server on start up, server: {serverIp = '192.168.247.138', server main port = 8848}
2024-11-18 23:27:27.085 [main] INFO  c.a.nacos.common.remote.client.grpc.GrpcClient - grpc client connection server:192.168.247.138 ip,serverPort:9848,grpcTslConfig:{"sslProvider":"OPENSSL","enableTls":false,"mutualAuthEnable":false,"trustAll":false}
2024-11-18 23:27:28.423 [main] INFO  com.alibaba.nacos.common.remote.client - [3da8f975-600a-459e-936f-23ab2dab26f7] Success to connect to server [192.168.247.138:8848] on start up, connectionId = 1731943649248_192.168.247.1_60354
2024-11-18 23:27:28.424 [com.alibaba.nacos.client.remote.worker] INFO  com.alibaba.nacos.common.remote.client - [3da8f975-600a-459e-936f-23ab2dab26f7] Notify connected event to listeners.
2024-11-18 23:27:28.424 [com.alibaba.nacos.client.remote.worker] INFO  com.alibaba.nacos.client.naming - Grpc connection connect
2024-11-18 23:27:28.424 [main] INFO  com.alibaba.nacos.common.remote.client - [3da8f975-600a-459e-936f-23ab2dab26f7] Register server push request handler:com.alibaba.nacos.common.remote.client.RpcClient$ConnectResetRequestHandler
2024-11-18 23:27:28.425 [main] INFO  com.alibaba.nacos.common.remote.client - [3da8f975-600a-459e-936f-23ab2dab26f7] Register server push request handler:com.alibaba.nacos.common.remote.client.RpcClient$$Lambda$1263/0x000002de3c908890
2024-11-18 23:27:28.426 [main] INFO  com.alibaba.nacos.client.naming - [REGISTER-SERVICE] xiaochengshu registering service xiaochengshu-user with instance Instance{instanceId='null', ip='192.168.17.1', port=8082, weight=1.0, healthy=true, enabled=true, ephemeral=true, clusterName='DEFAULT', serviceName='null', metadata={IPv6=null, preserved.register.source=SPRING_CLOUD}}
2024-11-18 23:27:28.447 [main] INFO  c.a.cloud.nacos.registry.NacosServiceRegistry - nacos registry, DEFAULT_GROUP xiaochengshu-user 192.168.17.1:8082 register finished
2024-11-18 23:27:28.771 [main] INFO  c.s.o.user.biz.OrangeBookUserBizApplication - Started OrangeBookUserBizApplication in 9.397 seconds (process running for 10.212)
2024-11-18 23:27:28.772 [main] INFO  c.s.o.u.biz.runner.PushRolePermissions2RedisRunner - ==> 服务启动，开始同步角色权限数据到 Redis 中...
2024-11-18 23:27:29.499 [main] DEBUG c.s.o.u.b.d.mapper.RoleDOMapper.selectEnabledList - ==>  Preparing: select id,role_key,role_name from t_role where status=0 and is_deleted=0
2024-11-18 23:27:29.752 [main] DEBUG c.s.o.u.b.d.mapper.RoleDOMapper.selectEnabledList - ==> Parameters: 
2024-11-18 23:27:29.784 [main] DEBUG c.s.o.u.b.d.mapper.RoleDOMapper.selectEnabledList - <==      Total: 1
2024-11-18 23:27:29.813 [main] DEBUG c.s.o.u.b.d.m.R.selectByRoleIds - ==>  Preparing: select role_id,permission_id from t_role_permission_rel where role_id in ( ? )
2024-11-18 23:27:29.817 [main] DEBUG c.s.o.u.b.d.m.R.selectByRoleIds - ==> Parameters: 1(Long)
2024-11-18 23:27:29.825 [main] DEBUG c.s.o.u.b.d.m.R.selectByRoleIds - <==      Total: 2
2024-11-18 23:27:29.826 [main] DEBUG c.s.o.u.b.d.m.P.selectAppEnabledList - ==>  Preparing: select id, name, permission_key from t_permission where status = 0 and type = 3 and is_deleted = 0
2024-11-18 23:27:29.828 [main] DEBUG c.s.o.u.b.d.m.P.selectAppEnabledList - ==> Parameters: 
2024-11-18 23:27:29.833 [main] DEBUG c.s.o.u.b.d.m.P.selectAppEnabledList - <==      Total: 2
2024-11-18 23:27:29.856 [main] INFO  c.s.o.u.biz.runner.PushRolePermissions2RedisRunner - ==> 服务启动，成功同步角色权限数据到 Redis 中...
