2024-09-11 22:22:24.153 [main] INFO  c.swc.orangebook.auth.ThreadPoolTaskExecutorTests - Starting ThreadPoolTaskExecutorTests using Java 17.0.10 with PID 55828 (started by Summer Snow in E:\Code\Projects\orangeBook\orangeBook-auth)
2024-09-11 22:22:24.155 [main] INFO  c.swc.orangebook.auth.ThreadPoolTaskExecutorTests - The following 1 profile is active: "dev"
2024-09-11 22:22:25.128 [main] INFO  o.s.d.r.config.RepositoryConfigurationDelegate - Multiple Spring Data modules found, entering strict repository configuration mode
2024-09-11 22:22:25.132 [main] INFO  o.s.d.r.config.RepositoryConfigurationDelegate - Bootstrapping Spring Data Redis repositories in DEFAULT mode.
2024-09-11 22:22:25.183 [main] INFO  o.s.d.r.config.RepositoryConfigurationDelegate - Finished Spring Data repository scanning in 22 ms. Found 0 Redis repository interfaces.
2024-09-11 22:22:26.785 [main] INFO  c.a.d.s.b.a.DruidDataSourceAutoConfigure - Init DruidDataSource
2024-09-11 22:22:27.412 [main] INFO  com.alibaba.druid.pool.DruidDataSource - {dataSource-1} inited
2024-09-11 22:22:27.912 [main] INFO  c.swc.orangebook.auth.ThreadPoolTaskExecutorTests - Started ThreadPoolTaskExecutorTests in 4.249 seconds (process running for 5.82)
2024-09-11 22:22:28.401 [AuthExecutor-1] INFO  c.swc.orangebook.auth.ThreadPoolTaskExecutorTests - 异步线程中说: 小橙书专栏
2024-09-11 22:22:28.419 [SpringApplicationShutdownHook] INFO  com.alibaba.druid.pool.DruidDataSource - {dataSource-1} closing ...
2024-09-11 22:22:28.428 [SpringApplicationShutdownHook] INFO  com.alibaba.druid.pool.DruidDataSource - {dataSource-1} closed
2024-09-11 23:02:34.488 [main] INFO  c.swc.orangebook.auth.ThreadPoolTaskExecutorTests - Starting ThreadPoolTaskExecutorTests using Java 17.0.10 with PID 28176 (started by Summer Snow in E:\Code\Projects\orangeBook\orangeBook-auth)
2024-09-11 23:02:34.490 [main] INFO  c.swc.orangebook.auth.ThreadPoolTaskExecutorTests - The following 1 profile is active: "dev"
2024-09-11 23:02:35.439 [main] INFO  o.s.d.r.config.RepositoryConfigurationDelegate - Multiple Spring Data modules found, entering strict repository configuration mode
2024-09-11 23:02:35.445 [main] INFO  o.s.d.r.config.RepositoryConfigurationDelegate - Bootstrapping Spring Data Redis repositories in DEFAULT mode.
2024-09-11 23:02:35.504 [main] INFO  o.s.d.r.config.RepositoryConfigurationDelegate - Finished Spring Data repository scanning in 28 ms. Found 0 Redis repository interfaces.
2024-09-11 23:02:37.798 [main] INFO  c.a.d.s.b.a.DruidDataSourceAutoConfigure - Init DruidDataSource
2024-09-11 23:02:38.383 [main] INFO  com.alibaba.druid.pool.DruidDataSource - {dataSource-1} inited
2024-09-11 23:02:38.972 [main] INFO  c.swc.orangebook.auth.ThreadPoolTaskExecutorTests - Started ThreadPoolTaskExecutorTests in 4.984 seconds (process running for 5.978)
2024-09-11 23:02:39.493 [AuthExecutor-1] INFO  c.swc.orangebook.auth.ThreadPoolTaskExecutorTests - 异步线程中说: 小橙书专栏
2024-09-11 23:02:39.511 [SpringApplicationShutdownHook] INFO  com.alibaba.druid.pool.DruidDataSource - {dataSource-1} closing ...
2024-09-11 23:02:39.522 [SpringApplicationShutdownHook] INFO  com.alibaba.druid.pool.DruidDataSource - {dataSource-1} closed
